06-27 13:24:39.861 32520 32520 D wpa_supplicant: WPS:  * Device Password ID (0)
06-27 13:24:39.861 32520 32520 D wpa_supplicant: WPS:  * Manufacturer
06-27 13:24:39.861 32520 32520 D wpa_supplicant: WPS:  * Model Name
06-27 13:24:39.861 32520 32520 D wpa_supplicant: WPS:  * Model Number
06-27 13:24:39.861 32520 32520 D wpa_supplicant: WPS:  * Device Name
06-27 13:24:39.861 32520 32520 D wpa_supplicant: WPS:  * Version2 (0x20)
06-27 13:24:39.861 32520 32520 D wpa_supplicant: wpa_driver_wext_combo_scan: Start
06-27 13:24:39.861 32520 32520 D wpa_supplicant: For Scan: (null)
06-27 13:24:39.861 32520 32520 D wpa_supplicant: Scan requested (ret=0) - scan timeout 30 seconds
06-27 13:24:41.041 32520 32520 D wpa_supplicant: RTM_NEWLINK: operstate=1 ifi_flags=0x11043 ([UP][RUNNING][LOWER_UP])
06-27 13:24:41.041 32520 32520 D wpa_supplicant: RTM_NEWLINK, IFLA_IFNAME: Interface 'wlan0' added
06-27 13:24:41.041 32520 32520 D wpa_supplicant: Wireless event: cmd=0x8b19 len=8
06-27 13:24:41.041 32520 32520 D wpa_supplicant: Received 1643 bytes of scan results (5 BSSes)
06-27 13:24:41.146 32520 32520 D wpa_supplicant: wpa_driver_wext_driver_cmd SETSUSPENDOPT 0 len = 4096
06-27 13:24:41.146 32520 32520 D wpa_supplicant: wpa_driver_wext_driver_cmd SETSUSPENDOPT 0 len = 0, 15
06-27 13:24:41.146 32520 32520 D wpa_supplicant: wpa_driver_wext_driver_cmd POWERMODE 0 len = 4096
06-27 13:24:41.150 32520 32520 D wpa_supplicant: wpa_driver_wext_driver_cmd OK len = 0, 2
06-27 13:24:41.174 26576 26578 D dalvikvm: GC_CONCURRENT freed 578K, 9% free 10988K/11975K, paused 2ms+3ms
06-27 13:24:45.599   342   342 D SAN_SERVICE: *******************************************
06-27 13:24:45.599   342   342 D SAN_SERVICE: DM App Phone Service State - 0
06-27 13:24:45.599   342   342 D SAN_SERVICE: *******************************************
06-27 13:25:01.220   342   342 D SAN_SERVICE: *******************************************
06-27 13:25:01.220   342   342 D SAN_SERVICE: DM App Phone Service State - 0
06-27 13:25:01.220   342   342 D SAN_SERVICE: *******************************************
06-27 13:25:01.998   342   342 D SAN_SERVICE: *******************************************
06-27 13:25:01.998   342   342 D SAN_SERVICE: DM App Phone Service State - 0
06-27 13:25:01.998   342   342 D SAN_SERVICE: *******************************************
06-27 13:25:11.271   342   342 D SAN_SERVICE: *******************************************
06-27 13:25:11.271   342   342 D SAN_SERVICE: DM App Phone Service State - 0
06-27 13:25:11.271   342   342 D SAN_SERVICE: *******************************************
06-27 13:25:11.556   342   342 D SAN_SERVICE: *******************************************
06-27 13:25:11.556   342   342 D SAN_SERVICE: DM App Phone Service State - 0
06-27 13:25:11.556   342   342 D SAN_SERVICE: *******************************************
06-27 13:25:12.049   342   342 D SAN_SERVICE: *******************************************
06-27 13:25:12.052   342   342 D SAN_SERVICE: DM App Phone Service State - 0
06-27 13:25:12.052   342   342 D SAN_SERVICE: *******************************************
06-27 13:25:13.302   142   153 I ActivityManager: Start proc com.google.android.gsf.login for service com.google.android.gsf.login/com.google.android.gsf.loginservice.GoogleLoginService: pid=2517 uid=10009 gids={3003, 1015, 1007, 2001, 3006}
06-27 13:25:13.420 26576 28443 D dalvikvm: GC_EXPLICIT freed 44K, 9% free 10983K/11975K, paused 6ms+3ms
06-27 13:25:13.470   142   860 I ActivityManager: No longer want com.google.android.inputmethod.latin.dictionarypack (pid 2231): hidden #16
06-27 13:25:13.541  1819  1833 I PhoneLab-: Service Running
06-27 13:25:13.576  1819  1833 I PhoneLab-LoggerService: app_38    2630  1     924    488   c00f181c 400107b4 S logcat
06-27 13:25:13.576  1819  1833 I PhoneLab-LoggerService: app_38    30500 1     1064   696   c00f181c 400107b4 S logcat
06-27 13:25:13.576  1819  1833 I PhoneLab-LoggerService: Logcat pid from database 2630
06-27 13:25:13.576  1819  1833 I PhoneLab-LoggerService: Logcat process found 2630
06-27 13:25:13.576  1819  1833 I PhoneLab-LoggerService: Checking Threshold
06-27 13:25:13.580  1819  1833 I PhoneLab-LoggerService: Starting to rename files
06-27 13:25:13.580  1819  1833 I PhoneLab-LoggerService: Files found .. 2
06-27 13:25:13.580  1819  1833 I PhoneLab-LoggerService: File 1 log.out.1
06-27 13:25:13.584  1819  1833 I PhoneLab-LoggerService: Renamed successfully
06-27 13:25:47.064   342   342 D SAN_SERVICE: *******************************************
06-27 13:25:47.064   342   342 D SAN_SERVICE: DM App Phone Service State - 0
06-27 13:25:47.064   342   342 D SAN_SERVICE: *******************************************
06-27 13:25:52.439   342   342 D SAN_SERVICE: *******************************************
06-27 13:25:52.439   342   342 D SAN_SERVICE: DM App Phone Service State - 0
06-27 13:25:52.439   342   342 D SAN_SERVICE: *******************************************
06-27 13:25:53.170   342   342 D SAN_SERVICE: *******************************************
06-27 13:25:53.170   342   342 D SAN_SERVICE: DM App Phone Service State - 0
06-27 13:25:53.170   342   342 D SAN_SERVICE: *******************************************
06-27 13:26:13.427 30350  2535 I Gmail   : MainSyncRequestProto: lowestBkwdConvoId: 0, highestHandledServerOp: 1032472, normalSync: true
06-27 13:26:13.845 30350 30353 D dalvikvm: GC_CONCURRENT freed 551K, 12% free 10826K/12231K, paused 3ms+4ms
06-27 13:26:14.299 30350  2535 D dalvikvm: GC_EXPLICIT freed 235K, 12% free 10786K/12231K, paused 2ms+3ms
06-27 13:26:14.306 30350  2535 I Gmail   : MainSyncRequestProto: lowestBkwdConvoId: 0, highestHandledServerOp: 1032496, normalSync: true
06-27 13:26:14.318 30350  2535 W Gmail   : Scheduling index for 300000 ms from now
06-27 13:26:14.377   142   166 I ActivityManager: Start proc com.google.android.syncadapters.calendar for service com.google.android.syncadapters.calendar/.CalendarSyncAdapterService: pid=2538 uid=10020 gids={3003}
06-27 13:26:14.896  2538  2541 D dalvikvm: GC_CONCURRENT freed 294K, 5% free 9182K/9607K, paused 2ms+2ms
06-27 13:26:16.076   142   519 I ActivityManager: No longer want com.google.android.apps.maps:NetworkLocationService (pid 2264): hidden #16
06-27 13:26:16.084   142  5110 W ActivityManager: Scheduling restart of crashed service com.google.android.apps.maps/com.google.android.location.internal.server.NetworkLocationService in 5000ms
06-27 13:26:16.197   142   144 D dalvikvm: GC_CONCURRENT freed 1454K, 24% free 15358K/20167K, paused 2ms+6ms
06-27 13:26:16.279  1857  1859 D dalvikvm: GC_CONCURRENT freed 283K, 5% free 9771K/10183K, paused 1ms+8ms
06-27 13:26:16.674 26576 26578 D dalvikvm: GC_CONCURRENT freed 423K, 8% free 11099K/11975K, paused 2ms+4ms
06-27 13:26:17.513  1857  1869 D dalvikvm: GC_EXPLICIT freed 230K, 6% free 9640K/10183K, paused 1ms+3ms
06-27 13:26:17.564   142   166 I ActivityManager: Start proc com.google.android.gallery3d for service com.google.android.gallery3d/com.google.android.picasasync.PicasaSyncService: pid=2562 uid=10017 gids={3003, 1015}
06-27 13:26:17.642  2562  2562 I ActivityThread: Pub com.google.android.gallery3d.GooglePhotoProvider: com.google.android.picasasync.PicasaContentProvider
06-27 13:26:17.720  2562  2565 D dalvikvm: GC_CONCURRENT freed 418K, 6% free 9118K/9607K, paused 2ms+2ms
06-27 13:26:17.756  2562  2562 I ActivityThread: Pub com.google.android.gallery3d.provider: com.android.gallery3d.provider.GalleryProvider
06-27 13:26:17.822  2562  2565 D dalvikvm: GC_CONCURRENT freed 391K, 5% free 9199K/9671K, paused 3ms+2ms
06-27 13:26:17.845  2562  2562 D UploadsManager: load newPhotoTracker: null
06-27 13:26:17.845  2562  2562 D UploadsManager: load all accounts: null
06-27 13:26:17.845  2562  2562 D UploadsManager: load all account-album pairs: null
06-27 13:26:17.845  2562  2562 V PicasaContentProvider: querySettings: defaults: {sync_on_wifi_only=1, auto_upload_account_type=null, sync_on_battery=1, sync_picasa_on_wifi_only=1, auto_upload_enabled=0, video_upload_wifi_only=1, sync_on_roaming=0, auto_upload_account_name=null}
06-27 13:26:17.849  2562  2562 D UploadsManager:    settings not changed
06-27 13:26:17.857  2562  2575 D PicasaSync: sync account database
06-27 13:26:17.881  2562  2575 D PicasaSync: accounts in DB=1
06-27 13:26:17.884  2562  2575 V PicasaContentProvider: querySettings: defaults: {sync_on_wifi_only=1, auto_upload_account_type=null, sync_on_battery=1, sync_picasa_on_wifi_only=1, auto_upload_enabled=0, video_upload_wifi_only=1, sync_on_roaming=0, auto_upload_account_name=null}
06-27 13:26:17.884  2562  2575 D PicasaSyncManager: active network: NetworkInfo: type: WIFI[], state: CONNECTED/CONNECTED, reason: (unspecified), extra: (none), roaming: false, failover: false, isAvailable: true
06-27 13:26:17.888  2562  2575 D PicasaSyncManager: background data: true
06-27 13:26:17.951  2562  2577 D PicasaSyncService: start to perform sync on jayinamdar@gmail.com
06-27 13:26:17.986  2562  2575 V PicasaContentProvider: querySettings: defaults: {sync_on_wifi_only=1, auto_upload_account_type=null, sync_on_battery=1, sync_picasa_on_wifi_only=1, auto_upload_enabled=0, video_upload_wifi_only=1, sync_on_roaming=0, auto_upload_account_name=null}
06-27 13:26:17.994  2562  2575 D PicasaSyncManager: request sync for MetadataSyncTask (jayinamdar@gmail.com)
06-27 13:26:18.025  2562  2575 D PicasaSyncManager: battery info: true
06-27 13:26:18.049  2562  2577 D PicasaSyncManager: perform sync task: MetadataSyncTask (jayinamdar@gmail.com)
06-27 13:26:18.115  2562  2577 D PicasaAPI: getAlbums for jayinamdar@gmail.com, etag = W/"A0QNSXc9cCp7ImA9WhVbEks."
06-27 13:26:18.482  2562  2565 D dalvikvm: GC_CONCURRENT freed 283K, 5% free 9322K/9735K, paused 2ms+2ms
06-27 13:26:18.716  2562  2577 E PicasaAPI:     getAlbums fail - uri: https://picasaweb.google.com/data/feed/api/user/jayinamdar?max-results=1000&imgmax=d&thumbsize=640u&visibility=visible&v=4&alt=json&fd=shapes&kind=album, status code: 403
06-27 13:26:18.720  2562  2577 V PicasaAPI:    done
06-27 13:26:18.720  2562  2577 D MetricsUtils: [PicasaApi.getAlbums in:486 out:630 time:608]
06-27 13:26:18.978  2517  2519 D dalvikvm: GC_CONCURRENT freed 330K, 5% free 9188K/9607K, paused 2ms+2ms
06-27 13:26:19.939  2562  2577 D PicasaAPI: getAlbums for jayinamdar@gmail.com, etag = W/"A0QNSXc9cCp7ImA9WhVbEks."
06-27 13:26:20.537  2562  2577 V PicasaAPI:    done
06-27 13:26:20.537  2562  2577 D MetricsUtils: [PicasaApi.getAlbums in:265 out:697 time:606]
06-27 13:26:20.541  2562  2577 D MetricsUtils: [PicasaSyncHelper.syncAlbums jayinamdar@gmail.com time:2437]
06-27 13:26:20.580  2562  2577 D PicasaAPI: getAlbumPhotos for 105710113694891878798 / 5116620423394122177, etag: W/"CEMDQnk6cCp7ImA9WhVSGUw."
06-27 13:26:21.162   142   159 I ActivityManager: Start proc com.google.android.apps.maps:NetworkLocationService for service com.google.android.apps.maps/com.google.android.location.internal.server.NetworkLocationService: pid=2581 uid=10061 gids={3003, 1015}
06-27 13:26:21.185  2562  2577 D PicasaAPI:    done
06-27 13:26:21.185  2562  2577 D MetricsUtils: [PicasaApi.getAlbumPhotos in:207 out:756 time:606]
06-27 13:26:21.185  2562  2577 D MetricsUtils: [PicasaSyncHelper.syncPhotos 5116620423394122177 time:631]
06-27 13:26:21.267  2562  2577 D PicasaAPI: getAlbumPhotos for 105710113694891878798 / 5352745827623112929, etag: W/"DkEBR348fSp7ImA9WhVbEEw."
06-27 13:26:21.283  2581  2584 D dalvikvm: GC_CONCURRENT freed 166K, 3% free 9370K/9607K, paused 2ms+2ms
06-27 13:26:21.431   142   423 D dalvikvm: GC_EXPLICIT freed 263K, 25% free 15277K/20167K, paused 2ms+6ms
06-27 13:26:21.509  2581  2584 D dalvikvm: GC_CONCURRENT freed 191K, 3% free 9700K/9991K, paused 2ms+3ms
06-27 13:26:21.689  2581  2584 D dalvikvm: GC_CONCURRENT freed 139K, 3% free 10097K/10311K, paused 1ms+3ms
06-27 13:26:21.845  2581  2584 D dalvikvm: GC_CONCURRENT freed 661K, 8% free 9881K/10631K, paused 2ms+2ms
06-27 13:26:21.990  2581  2588 I dalvikvm: Total arena pages for JIT: 11
06-27 13:26:21.998  2581  2588 I dalvikvm: Total arena pages for JIT: 12
06-27 13:26:22.002  2581  2588 I dalvikvm: Total arena pages for JIT: 13
06-27 13:26:22.002  2581  2588 I dalvikvm: Total arena pages for JIT: 14
06-27 13:26:22.002  2581  2588 I dalvikvm: Total arena pages for JIT: 15
06-27 13:26:22.002  2581  2588 I dalvikvm: Total arena pages for JIT: 16
06-27 13:26:22.002  2581  2588 I dalvikvm: Total arena pages for JIT: 17
06-27 13:26:22.029 32520 32520 D wpa_supplicant: wpa_driver_wext_driver_cmd SETSUSPENDOPT 0 len = 4096
06-27 13:26:22.029 32520 32520 D wpa_supplicant: wpa_driver_wext_driver_cmd SETSUSPENDOPT 0 len = 0, 15
06-27 13:26:22.029 32520 32520 D wpa_supplicant: wpa_driver_wext_driver_cmd POWERMODE 0 len = 4096
06-27 13:26:22.037 32520 32520 D wpa_supplicant: wpa_driver_wext_driver_cmd OK len = 0, 2
06-27 13:26:22.037 32520 32520 D wpa_supplicant: WPS: Building WPS IE for Probe Request
06-27 13:26:22.037 32520 32520 D wpa_supplicant: WPS:  * Version (hardcoded 0x10)
06-27 13:26:22.037 32520 32520 D wpa_supplicant: WPS:  * Request Type
06-27 13:26:22.037 32520 32520 D wpa_supplicant: WPS:  * Config Methods (2388)
06-27 13:26:22.037 32520 32520 D wpa_supplicant: WPS:  * UUID-E
06-27 13:26:22.037 32520 32520 D wpa_supplicant: WPS:  * Primary Device Type
06-27 13:26:22.037 32520 32520 D wpa_supplicant: WPS:  * RF Bands (3)
06-27 13:26:22.037 32520 32520 D wpa_supplicant: WPS:  * Association State
06-27 13:26:22.037 32520 32520 D wpa_supplicant: WPS:  * Configuration Error (0)
06-27 13:26:22.037 32520 32520 D wpa_supplicant: WPS:  * Device Password ID (0)
06-27 13:26:22.037 32520 32520 D wpa_supplicant: WPS:  * Manufacturer
06-27 13:26:22.037 32520 32520 D wpa_supplicant: WPS:  * Model Name
06-27 13:26:22.037 32520 32520 D wpa_supplicant: WPS:  * Model Number
06-27 13:26:22.037 32520 32520 D wpa_supplicant: WPS:  * Device Name
06-27 13:26:22.037 32520 32520 D wpa_supplicant: WPS:  * Version2 (0x20)
06-27 13:26:22.037 32520 32520 D wpa_supplicant: wpa_driver_wext_combo_scan: Start
06-27 13:26:22.037 32520 32520 D wpa_supplicant: For Scan: (null)
06-27 13:26:22.041 32520 32520 D wpa_supplicant: Scan requested (ret=0) - scan timeout 30 seconds
06-27 13:26:22.072  2581  2601 D dalvikvm: GC_FOR_ALLOC freed 198K, 6% free 10038K/10631K, paused 17ms
06-27 13:26:22.127 32520 32520 D wpa_supplicant: Ongoing scan action - reject new request
06-27 13:26:22.146  2562  2577 D PicasaAPI:    done
06-27 13:26:22.154  2562  2577 D MetricsUtils: [PicasaApi.getAlbumPhotos in:207 out:756 time:887]
06-27 13:26:22.154  2562  2577 D MetricsUtils: [PicasaSyncHelper.syncPhotos 5352745827623112929 time:966]
06-27 13:26:22.177  2562  2577 D PicasaAPI: getAlbumPhotos for 105710113694891878798 / 5357229644283205361, etag: W/"C0AAQXoyfyp7ImA9WhVUFkk."
06-27 13:26:23.213 32520 32520 D wpa_supplicant: RTM_NEWLINK: operstate=1 ifi_flags=0x11043 ([UP][RUNNING][LOWER_UP])
06-27 13:26:23.213 32520 32520 D wpa_supplicant: RTM_NEWLINK, IFLA_IFNAME: Interface 'wlan0' added
06-27 13:26:23.213 32520 32520 D wpa_supplicant: Wireless event: cmd=0x8b19 len=8
06-27 13:26:23.216 32520 32520 D wpa_supplicant: Received 1643 bytes of scan results (5 BSSes)
06-27 13:26:23.381 32520 32520 D wpa_supplicant: wpa_driver_wext_driver_cmd SETSUSPENDOPT 0 len = 4096
06-27 13:26:23.381 32520 32520 D wpa_supplicant: wpa_driver_wext_driver_cmd SETSUSPENDOPT 0 len = 0, 15
06-27 13:26:23.381 32520 32520 D wpa_supplicant: wpa_driver_wext_driver_cmd POWERMODE 0 len = 4096
06-27 13:26:23.381 32520 32520 D wpa_supplicant: wpa_driver_wext_driver_cmd OK len = 0, 2
06-27 13:26:23.400  2581  2584 D dalvikvm: GC_CONCURRENT freed 364K, 6% free 10066K/10631K, paused 2ms+2ms
06-27 13:26:34.447  2562  2577 D PicasaAPI:    done
06-27 13:26:34.451  2562  2577 D MetricsUtils: [PicasaApi.getAlbumPhotos in:207 out:756 time:12272]
06-27 13:26:34.451  2562  2577 D MetricsUtils: [PicasaSyncHelper.syncPhotos 5357229644283205361 time:12296]
06-27 13:26:34.506  2562  2577 D PicasaAPI: getAlbumPhotos for 105710113694891878798 / 5415771333597368705, etag: W/"CE4NRHszcSp7ImA9WhVbEks."
06-27 13:26:35.365  2562  2577 D PicasaAPI:    done
06-27 13:26:35.369  2562  2577 D MetricsUtils: [PicasaApi.getAlbumPhotos in:207 out:756 time:862]
06-27 13:26:35.373  2562  2577 D MetricsUtils: [PicasaSyncHelper.syncPhotos 5415771333597368705 time:915]
06-27 13:26:35.427  2562  2577 D PicasaAPI: getAlbumPhotos for 105710113694891878798 / 5556347703683808817, etag: W/"C0EMQ3k6fCp7ImA9WhVbEU0."
06-27 13:26:36.603  2562  2577 D PicasaAPI:    done
06-27 13:26:36.603  2562  2577 D MetricsUtils: [PicasaApi.getAlbumPhotos in:207 out:756 time:1175]
06-27 13:26:36.607  2562  2577 D MetricsUtils: [PicasaSyncHelper.syncPhotos 5556347703683808817 time:1223]
06-27 13:26:36.670  2562  2565 D dalvikvm: GC_CONCURRENT freed 373K, 6% free 9362K/9863K, paused 1ms+2ms
06-27 13:26:36.674  2562  2577 D PicasaAPI: getAlbumPhotos for 105710113694891878798 / 5560416188154608529, etag: W/"DEcBSXkyeCp7ImA9WhVbEUQ."
06-27 13:26:37.213  2562  2577 D PicasaAPI:    done
06-27 13:26:37.216  2562  2577 D MetricsUtils: [PicasaApi.getAlbumPhotos in:207 out:756 time:543]
06-27 13:26:37.216  2562  2577 D MetricsUtils: [PicasaSyncHelper.syncPhotos 5560416188154608529 time:606]
06-27 13:26:37.256  2562  2577 D PicasaAPI: getAlbumPhotos for 105710113694891878798 / 5613047619696263553, etag: W/"A0QNSXc9cCp7ImA9WhVbEks."
06-27 13:26:37.826  2562  2577 D PicasaAPI:    done
06-27 13:26:37.826  2562  2577 D MetricsUtils: [PicasaApi.getAlbumPhotos in:207 out:756 time:570]
06-27 13:26:37.830  2562  2577 D MetricsUtils: [PicasaSyncHelper.syncPhotos 5613047619696263553 time:607]
06-27 13:26:37.845  2562  2577 D PicasaAPI: getAlbumPhotos for 105710113694891878798 / 5623854235830261905, etag: W/"D0EEQHgzcCp7ImA9WhZaFE0."
06-27 13:26:38.111  2562  2577 D PicasaAPI:    done
06-27 13:26:38.111  2562  2577 D MetricsUtils: [PicasaApi.getAlbumPhotos in:207 out:756 time:265]
06-27 13:26:38.115  2562  2577 D MetricsUtils: [PicasaSyncHelper.syncPhotos 5623854235830261905 time:278]
06-27 13:26:38.154  2562  2577 D PicasaAPI: getAlbumPhotos for 105710113694891878798 / 5634502661043587233, etag: W/"CU8FQXs7eCp7ImA9WhVbEU0."
06-27 13:26:38.744  2562  2577 D PicasaAPI:    done
06-27 13:26:38.748  2562  2577 D MetricsUtils: [PicasaApi.getAlbumPhotos in:207 out:756 time:593]
06-27 13:26:38.748  2562  2577 D MetricsUtils: [PicasaSyncHelper.syncPhotos 5634502661043587233 time:632]
06-27 13:26:38.853  2562  2577 D PicasaSyncManager: sync complete: SyncResult: stats []
06-27 13:26:39.076  2562  2577 D MetricsUtils: [PicasaSyncManager.getNextSyncTask time:224]
06-27 13:26:39.080  2562  2577 D PicasaSyncManager: perform sync task: PrefetchFullImage (jayinamdar@gmail.com)
06-27 13:26:39.244  2562  2565 D dalvikvm: GC_CONCURRENT freed 319K, 5% free 9474K/9927K, paused 2ms+3ms
06-27 13:26:39.373  2562  2577 D MetricsUtils: [PrefetchHelper.cleanCache time:254]
06-27 13:26:39.416  2562  2565 D dalvikvm: GC_CONCURRENT freed 577K, 8% free 9344K/10055K, paused 2ms+3ms
06-27 13:26:39.459  2562  2577 D PicasaSyncManager: sync complete: SyncResult: stats []
06-27 13:26:39.470  2562  2577 D PicasaSyncManager: perform sync task: PrefetchAlbumCover (jayinamdar@gmail.com)
06-27 13:26:39.521  2562  2577 D PicasaSyncManager: sync complete: SyncResult: stats []
06-27 13:26:39.545  2562  2577 D PicasaSyncManager: perform sync task: PrefetchScreenNail (jayinamdar@gmail.com)
06-27 13:26:39.634  2562  2577 D PicasaSyncManager: sync complete: SyncResult: stats []
06-27 13:26:39.658  2562  2577 D PicasaSyncService: sync finished - false
06-27 13:26:39.670   142   513 I ActivityManager: No longer want com.android.sprintmenu (pid 2301): hidden #16
06-27 13:26:39.681   142   142 W ActivityManager: Scheduling restart of crashed service com.android.sprintmenu/.HiddenPhoneService in 5000ms
06-27 13:26:39.767   142   970 I ActivityManager: Start proc com.android.browser for content provider com.android.browser/.provider.BrowserProvider2: pid=2603 uid=10003 gids={3003, 1015}
06-27 13:26:39.775   142   153 I ActivityManager: No longer want com.google.android.apps.googlevoice (pid 2369): hidden #16
06-27 13:26:39.791   142  4767 W ActivityManager: Scheduling restart of crashed service com.google.android.apps.googlevoice/.CallLogService in 14892ms
06-27 13:26:39.791   142  4767 W ActivityManager: Scheduling restart of crashed service com.google.android.apps.googlevoice/.UpdateService in 24892ms
06-27 13:26:39.861  2603  2603 I ActivityThread: Pub com.android.browser;browser: com.android.browser.provider.BrowserProvider2
06-27 13:26:39.873  2603  2603 I ActivityThread: Pub com.android.browser.home: com.android.browser.homepages.HomeProvider
06-27 13:26:39.873  2603  2603 I ActivityThread: Pub com.android.browser.snapshots: com.android.browser.provider.SnapshotProvider
06-27 13:26:40.681 26576 26578 D dalvikvm: GC_CONCURRENT freed 573K, 8% free 11119K/11975K, paused 2ms+3ms
06-27 13:26:41.904  2538  2541 D dalvikvm: GC_CONCURRENT freed 364K, 6% free 9241K/9735K, paused 2ms+5ms
06-27 13:26:42.736  2241  2244 D dalvikvm: GC_CONCURRENT freed 299K, 5% free 9305K/9735K, paused 2ms+3ms
06-27 13:26:42.810  2241  2256 D dalvikvm: GC_EXPLICIT freed 142K, 6% free 9198K/9735K, paused 2ms+3ms
06-27 13:26:44.502  2562  2637 D PicasaSyncService: start to perform sync on jayinamdar@gmail.com
06-27 13:26:44.513  2562  2637 D PicasaSyncService: sync finished - false
06-27 13:26:44.713   142   159 I ActivityManager: Start proc com.android.sprintmenu for service com.android.sprintmenu/.HiddenPhoneService: pid=2638 uid=1001 gids={3002, 3001, 3003, 1015}
06-27 13:26:53.627   342   342 D SAN_SERVICE: *******************************************
06-27 13:26:53.627   342   342 D SAN_SERVICE: DM App Phone Service State - 0
06-27 13:26:53.631   342   342 D SAN_SERVICE: *******************************************
06-27 13:26:53.873   342   342 D SAN_SERVICE: *******************************************
06-27 13:26:53.873   342   342 D SAN_SERVICE: DM App Phone Service State - 0
06-27 13:26:53.873   342   342 D SAN_SERVICE: *******************************************
06-27 13:26:54.603   342   342 D SAN_SERVICE: *******************************************
06-27 13:26:54.603   342   342 D SAN_SERVICE: DM App Phone Service State - 0
06-27 13:26:54.603   342   342 D SAN_SERVICE: *******************************************
06-27 13:26:54.732   142   159 I ActivityManager: Start proc com.google.android.apps.googlevoice for service com.google.android.apps.googlevoice/.CallLogService: pid=2655 uid=10065 gids={3003, 1015}
06-27 13:26:54.935  2655  2658 D dalvikvm: GC_CONCURRENT freed 293K, 4% free 9240K/9607K, paused 2ms+2ms
06-27 13:27:04.963  2655  2658 D dalvikvm: GC_CONCURRENT freed 336K, 5% free 9404K/9863K, paused 2ms+2ms
06-27 13:27:04.963  2655  2664 W CursorWrapperInner: Cursor finalized without prior close()
06-27 13:27:04.963  2655  2664 W CursorWrapperInner: Cursor finalized without prior close()
06-27 13:27:04.963  2655  2664 W CursorWrapperInner: Cursor finalized without prior close()
06-27 13:27:05.115   142   971 D dalvikvm: GC_EXPLICIT freed 678K, 25% free 15313K/20167K, paused 2ms+15ms
06-27 13:27:05.334  1857  1859 D dalvikvm: GC_CONCURRENT freed 349K, 5% free 9825K/10247K, paused 2ms+4ms
06-27 13:27:12.873  2241  2241 I CalendarProvider2: Sending notification intent: Intent { act=android.intent.action.PROVIDER_CHANGED dat=content://com.android.calendar }
06-27 13:27:12.873  2241  2241 W ContentResolver: Failed to get type for: content://com.android.calendar (Unknown URL content://com.android.calendar)
06-27 13:27:12.966  2215  2216 D dalvikvm: GC_CONCURRENT freed 307K, 5% free 9167K/9607K, paused 7ms+2ms
06-27 13:27:13.541  1819  1833 I PhoneLab-: Service Running
06-27 13:27:13.631  1819  1833 I PhoneLab-LoggerService: app_38    2630  1     924    488   c00f181c 400107b4 S logcat
06-27 13:27:13.631  1819  1833 I PhoneLab-LoggerService: app_38    30500 1     1064   696   c00f181c 400107b4 S logcat
06-27 13:27:13.634  1819  1833 I PhoneLab-LoggerService: Logcat pid from database 2630
06-27 13:27:13.634  1819  1833 I PhoneLab-LoggerService: Logcat process found 2630
06-27 13:27:13.634  1819  1833 I PhoneLab-LoggerService: Checking Threshold
06-27 13:27:13.634  1819  1833 I PhoneLab-LoggerService: Starting to rename files
06-27 13:27:13.634  1819  1833 I PhoneLab-LoggerService: Files found .. 3
06-27 13:27:13.634  1819  1833 I PhoneLab-LoggerService: File 1 log.out.1
06-27 13:27:13.638  1819  1833 I PhoneLab-LoggerService: Renamed successfully
06-27 13:28:26.056   342   342 D SAN_SERVICE: *******************************************
06-27 13:28:26.056   342   342 D SAN_SERVICE: DM App Phone Service State - 0
06-27 13:28:26.056   342   342 D SAN_SERVICE: *******************************************
06-27 13:28:26.295   342   342 D SAN_SERVICE: *******************************************
06-27 13:28:26.295   342   342 D SAN_SERVICE: DM App Phone Service State - 0
06-27 13:28:26.295   342   342 D SAN_SERVICE: *******************************************
06-27 13:28:31.158   342   342 D SAN_SERVICE: *******************************************
06-27 13:28:31.158   342   342 D SAN_SERVICE: DM App Phone Service State - 0
06-27 13:28:31.158   342   342 D SAN_SERVICE: *******************************************
06-27 13:28:31.427   342   342 D SAN_SERVICE: *******************************************
06-27 13:28:31.427   342   342 D SAN_SERVICE: DM App Phone Service State - 0
06-27 13:28:31.427   342   342 D SAN_SERVICE: *******************************************
06-27 13:28:41.220   342   342 D SAN_SERVICE: *******************************************
06-27 13:28:41.220   342   342 D SAN_SERVICE: DM App Phone Service State - 0
06-27 13:28:41.220   342   342 D SAN_SERVICE: *******************************************
06-27 13:28:41.478   342   342 D SAN_SERVICE: *******************************************
06-27 13:28:41.478   342   342 D SAN_SERVICE: DM App Phone Service State - 0
06-27 13:28:41.478   342   342 D SAN_SERVICE: *******************************************
06-27 13:28:51.381   342   342 D SAN_SERVICE: *******************************************
06-27 13:28:51.381   342   342 D SAN_SERVICE: DM App Phone Service State - 0
06-27 13:28:51.381   342   342 D SAN_SERVICE: *******************************************
06-27 13:29:13.541  1819  1833 I PhoneLab-: Service Running
06-27 13:29:13.607  1819  1833 I PhoneLab-LoggerService: app_38    2630  1     924    488   c00f181c 400107b4 S logcat
06-27 13:29:13.611  1819  1833 I PhoneLab-LoggerService: app_38    30500 1     1064   696   c00f181c 400107b4 S logcat
06-27 13:29:13.611  1819  1833 I PhoneLab-LoggerService: Logcat pid from database 2630
06-27 13:29:13.611  1819  1833 I PhoneLab-LoggerService: Logcat process found 2630
06-27 13:29:13.611  1819  1833 I PhoneLab-LoggerService: Checking Threshold
06-27 13:29:13.611  1819  1833 I PhoneLab-LoggerService: Starting to rename files
06-27 13:29:13.611  1819  1833 I PhoneLab-LoggerService: Files found .. 3
06-27 13:29:14.642 32520 32520 D wpa_supplicant: RTM_NEWLINK: operstate=1 ifi_flags=0x11043 ([UP][RUNNING][LOWER_UP])
06-27 13:29:14.642 32520 32520 D wpa_supplicant: RTM_NEWLINK, IFLA_IFNAME: Interface 'wlan0' added
06-27 13:29:14.642 32520 32520 D wpa_supplicant: Wireless event: cmd=0x8c00 len=20
06-27 13:30:23.752   342   342 D SAN_SERVICE: *******************************************
06-27 13:30:23.752   342   342 D SAN_SERVICE: DM App Phone Service State - 0
06-27 13:30:23.752   342   342 D SAN_SERVICE: *******************************************
06-27 13:30:23.990   342   342 D SAN_SERVICE: *******************************************
06-27 13:30:23.990   342   342 D SAN_SERVICE: DM App Phone Service State - 0
06-27 13:30:23.990   342   342 D SAN_SERVICE: *******************************************
06-27 13:30:24.224   342   342 D SAN_SERVICE: *******************************************
06-27 13:30:24.228   342   342 D SAN_SERVICE: DM App Phone Service State - 0
06-27 13:30:24.228   342   342 D SAN_SERVICE: *******************************************
06-27 13:30:28.838   342   342 D SAN_SERVICE: *******************************************
06-27 13:30:28.838   342   342 D SAN_SERVICE: DM App Phone Service State - 0
06-27 13:30:28.838   342   342 D SAN_SERVICE: *******************************************
06-27 13:30:29.134   342   342 D SAN_SERVICE: *******************************************
06-27 13:30:29.134   342   342 D SAN_SERVICE: DM App Phone Service State - 0
06-27 13:30:29.134   342   342 D SAN_SERVICE: *******************************************
06-27 13:31:00.158   213   216 D dalvikvm: GC_CONCURRENT freed 454K, 59% free 10806K/25991K, paused 1ms+4ms
06-27 13:31:09.853   342   342 D SAN_SERVICE: *******************************************
06-27 13:31:09.853   342   342 D SAN_SERVICE: DM App Phone Service State - 0
06-27 13:31:09.853   342   342 D SAN_SERVICE: *******************************************
06-27 13:31:13.541  1819  1833 I PhoneLab-: Service Running
06-27 13:31:13.611  1819  1833 I PhoneLab-LoggerService: app_38    2630  1     924    488   c00f181c 400107b4 S logcat
06-27 13:31:13.611  1819  1833 I PhoneLab-LoggerService: app_38    30500 1     1064   696   c00f181c 400107b4 S logcat
06-27 13:31:13.611  1819  1833 I PhoneLab-LoggerService: Logcat pid from database 2630
06-27 13:31:13.615  1819  1833 I PhoneLab-LoggerService: Logcat process found 2630
06-27 13:31:13.615  1819  1833 I PhoneLab-LoggerService: Checking Threshold
06-27 13:31:13.615  1819  1833 I PhoneLab-LoggerService: Starting to rename files
06-27 13:31:13.615  1819  1833 I PhoneLab-LoggerService: Files found .. 3
06-27 13:31:14.990   342   342 D SAN_SERVICE: *******************************************
06-27 13:31:14.990   342   342 D SAN_SERVICE: DM App Phone Service State - 0
06-27 13:31:14.990   342   342 D SAN_SERVICE: *******************************************
06-27 13:31:40.361   342   342 D SAN_SERVICE: *******************************************
06-27 13:31:40.361   342   342 D SAN_SERVICE: DM App Phone Service State - 0
06-27 13:31:40.361   342   342 D SAN_SERVICE: *******************************************
06-27 13:31:40.654   342   342 D SAN_SERVICE: *******************************************
06-27 13:31:40.654   342   342 D SAN_SERVICE: DM App Phone Service State - 0
06-27 13:31:40.654   342   342 D SAN_SERVICE: *******************************************
06-27 13:31:40.900   342   342 D SAN_SERVICE: *******************************************
06-27 13:31:40.904   342   342 D SAN_SERVICE: DM App Phone Service State - 0
06-27 13:31:40.904   342   342 D SAN_SERVICE: *******************************************
06-27 13:31:47.150   342   342 D SAN_SERVICE: *******************************************
06-27 13:31:47.150   342   342 D SAN_SERVICE: DM App Phone Service State - 0
06-27 13:31:47.150   342   342 D SAN_SERVICE: *******************************************
06-27 13:31:55.709   342   342 D SAN_SERVICE: *******************************************
06-27 13:31:55.709   342   342 D SAN_SERVICE: DM App Phone Service State - 0
06-27 13:31:55.709   342   342 D SAN_SERVICE: *******************************************
06-27 13:32:21.369   342   342 D SAN_SERVICE: *******************************************
06-27 13:32:21.369   342   342 D SAN_SERVICE: DM App Phone Service State - 0
06-27 13:32:21.369   342   342 D SAN_SERVICE: *******************************************
06-27 13:32:22.099   342   342 D SAN_SERVICE: *******************************************
06-27 13:32:22.099   342   342 D SAN_SERVICE: DM App Phone Service State - 0
06-27 13:32:22.099   342   342 D SAN_SERVICE: *******************************************
06-27 13:32:28.115   342   342 D SAN_SERVICE: *******************************************
06-27 13:32:28.115   342   342 D SAN_SERVICE: DM App Phone Service State - 0
06-27 13:32:28.115   342   342 D SAN_SERVICE: *******************************************
06-27 13:32:28.150   342   346 D dalvikvm: GC_CONCURRENT freed 771K, 9% free 11708K/12743K, paused 2ms+3ms
06-27 13:33:09.107   342   342 D SAN_SERVICE: *******************************************
06-27 13:33:09.107   342   342 D SAN_SERVICE: DM App Phone Service State - 0
06-27 13:33:09.107   342   342 D SAN_SERVICE: *******************************************
06-27 13:33:09.361   342   342 D SAN_SERVICE: *******************************************
06-27 13:33:09.361   342   342 D SAN_SERVICE: DM App Phone Service State - 0
06-27 13:33:09.361   342   342 D SAN_SERVICE: *******************************************
06-27 13:33:13.541  1819  1833 I PhoneLab-: Service Running
06-27 13:33:13.607  1819  1833 I PhoneLab-LoggerService: app_38    2630  1     924    488   c00f181c 400107b4 S logcat
06-27 13:33:13.611  1819  1833 I PhoneLab-LoggerService: app_38    30500 1     1064   696   c00f181c 400107b4 S logcat
06-27 13:33:13.611  1819  1833 I PhoneLab-LoggerService: Logcat pid from database 2630
06-27 13:33:13.611  1819  1833 I PhoneLab-LoggerService: Logcat process found 2630
06-27 13:33:13.611  1819  1833 I PhoneLab-LoggerService: Checking Threshold
06-27 13:33:13.611  1819  1833 I PhoneLab-LoggerService: Starting to rename files
06-27 13:33:13.611  1819  1833 I PhoneLab-LoggerService: Files found .. 3
06-27 13:33:17.666   342   342 D SAN_SERVICE: *******************************************
06-27 13:33:17.666   342   342 D SAN_SERVICE: DM App Phone Service State - 0
06-27 13:33:17.670   342   342 D SAN_SERVICE: *******************************************
06-27 13:33:27.947   342   342 D SAN_SERVICE: *******************************************
06-27 13:33:27.947   342   342 D SAN_SERVICE: DM App Phone Service State - 0
06-27 13:33:27.947   342   342 D SAN_SERVICE: *******************************************
06-27 13:33:38.146   342   342 D SAN_SERVICE: *******************************************
06-27 13:33:38.146   342   342 D SAN_SERVICE: DM App Phone Service State - 0
06-27 13:33:38.146   342   342 D SAN_SERVICE: *******************************************
06-27 13:34:38.556  1819  1819 I PhoneLab-Locks: wake lock acquired
06-27 13:34:38.591  1819  1819 I PhoneLab-StatusMonitor: Status Monitoring is started
06-27 13:34:38.623  1819  1822 D dalvikvm: GC_CONCURRENT freed 569K, 17% free 9231K/11079K, paused 1ms+2ms
06-27 13:34:38.650  1819  1819 I PhoneLab-StatusMonitor: Value: 10 - unit: min
06-27 13:34:38.650  1819  1819 I PhoneLab-StatusMonitor: Running interval: 600000
06-27 13:34:38.658  1819  1819 I PhoneLab-StatusMonitor: Rescheduling status monitoring...
06-27 13:34:38.658  1819  1819 I PhoneLab-Locks: wake lock released
06-27 13:34:38.662  1819  1819 I PhoneLab-StatusMonitorLocation: Learning Location
06-27 13:34:38.662  1819  1819 I PhoneLab-Locks: wake lock acquired
06-27 13:34:38.666  1819  1819 I PhoneLab-Locks: wake lock acquired
06-27 13:34:38.666 26576 26651 D androidNetworkLocationListeners: Still have listener com.google.android.location.internal.client.NetworkLocationClient$1@41318678
06-27 13:34:38.670  1819  1819 I PhoneLab-StatusMonitorLocation: Learning Signal Strgth
06-27 13:34:38.670  1819  1819 I PhoneLab-Locks: wake lock acquired
06-27 13:34:38.674 32520 32520 D wpa_supplicant: wpa_driver_wext_driver_cmd SETSUSPENDOPT 0 len = 4096
06-27 13:34:38.674 32520 32520 D wpa_supplicant: wpa_driver_wext_driver_cmd SETSUSPENDOPT 0 len = 0, 15
06-27 13:34:38.674 32520 32520 D wpa_supplicant: wpa_driver_wext_driver_cmd POWERMODE 0 len = 4096
06-27 13:34:38.677 26576 26651 D androidNetworkLocationListeners: Still have listener com.google.android.location.internal.client.NetworkLocationClient$1@41318678
06-27 13:34:38.677  1819  1819 I PhoneLab-StatusMonitorBattery: Battery_level: 93
06-27 13:34:38.681 32520 32520 D wpa_supplicant: wpa_driver_wext_driver_cmd OK len = 0, 2
06-27 13:34:38.685 32520 32520 D wpa_supplicant: WPS: Building WPS IE for Probe Request
06-27 13:34:38.685 32520 32520 D wpa_supplicant: WPS:  * Version (hardcoded 0x10)
06-27 13:34:38.685 32520 32520 D wpa_supplicant: WPS:  * Request Type
06-27 13:34:38.685 32520 32520 D wpa_supplicant: WPS:  * Config Methods (2388)
06-27 13:34:38.685 32520 32520 D wpa_supplicant: WPS:  * UUID-E
06-27 13:34:38.685 32520 32520 D wpa_supplicant: WPS:  * Primary Device Type
06-27 13:34:38.685 32520 32520 D wpa_supplicant: WPS:  * RF Bands (3)
06-27 13:34:38.685 32520 32520 D wpa_supplicant: WPS:  * Association State
06-27 13:34:38.685 32520 32520 D wpa_supplicant: WPS:  * Configuration Error (0)
06-27 13:34:38.685 32520 32520 D wpa_supplicant: WPS:  * Device Password ID (0)
06-27 13:34:38.685 32520 32520 D wpa_supplicant: WPS:  * Manufacturer
06-27 13:34:38.685 32520 32520 D wpa_supplicant: WPS:  * Model Name
06-27 13:34:38.685 32520 32520 D wpa_supplicant: WPS:  * Model Number
06-27 13:34:38.685 32520 32520 D wpa_supplicant: WPS:  * Device Name
06-27 13:34:38.685 32520 32520 D wpa_supplicant: WPS:  * Version2 (0x20)
06-27 13:34:38.685 32520 32520 D wpa_supplicant: wpa_driver_wext_combo_scan: Start
06-27 13:34:38.685 32520 32520 D wpa_supplicant: For Scan: (null)
06-27 13:34:38.685  1819  1819 I PhoneLab-Locks: wake lock released
06-27 13:34:38.685 32520 32520 D wpa_supplicant: Scan requested (ret=0) - scan timeout 30 seconds
06-27 13:34:38.685 32520 32520 D wpa_supplicant: Ongoing scan action - reject new request
06-27 13:34:38.693  1819  1819 I PhoneLab-StatusMonitorSignal: Signal_Strength: -76 asu: 19
06-27 13:34:38.693  1819  1819 I PhoneLab-Locks: wake lock released
06-27 13:34:38.713  1819  1822 D dalvikvm: GC_CONCURRENT freed 443K, 18% free 9173K/11079K, paused 2ms+2ms
06-27 13:34:39.576   342   342 D SAN_SERVICE: *******************************************
06-27 13:34:39.580   342   342 D SAN_SERVICE: DM App Phone Service State - 0
06-27 13:34:39.580   342   342 D SAN_SERVICE: *******************************************
06-27 13:34:39.802   342   342 D SAN_SERVICE: *******************************************
06-27 13:34:39.802   342   342 D SAN_SERVICE: DM App Phone Service State - 0
06-27 13:34:39.802   342   342 D SAN_SERVICE: *******************************************
06-27 13:34:39.853 32520 32520 D wpa_supplicant: RTM_NEWLINK: operstate=1 ifi_flags=0x11043 ([UP][RUNNING][LOWER_UP])
06-27 13:34:39.853 32520 32520 D wpa_supplicant: RTM_NEWLINK, IFLA_IFNAME: Interface 'wlan0' added
06-27 13:34:39.853 32520 32520 D wpa_supplicant: Wireless event: cmd=0x8b19 len=8
06-27 13:34:39.853 32520 32520 D wpa_supplicant: Received 1643 bytes of scan results (5 BSSes)
06-27 13:34:39.939 32520 32520 D wpa_supplicant: wpa_driver_wext_driver_cmd SETSUSPENDOPT 0 len = 4096
06-27 13:34:39.939 32520 32520 D wpa_supplicant: wpa_driver_wext_driver_cmd SETSUSPENDOPT 0 len = 0, 15
06-27 13:34:39.939 32520 32520 D wpa_supplicant: wpa_driver_wext_driver_cmd POWERMODE 0 len = 4096
06-27 13:34:39.943 32520 32520 D wpa_supplicant: wpa_driver_wext_driver_cmd OK len = 0, 2
06-27 13:34:39.947  1819  1819 I PhoneLab-StatusMonitorLocation: Location_Latitude: 42.9543626 Longitude: -78.8268029 Accuracy: 33.0
06-27 13:34:39.947 26576 26651 D androidNetworkLocationListeners: Still have listener com.google.android.location.internal.client.NetworkLocationClient$1@41318678
06-27 13:34:39.947  1819  1819 I PhoneLab-Locks: wake lock released
06-27 13:34:39.951 32520 32520 D wpa_supplicant: wpa_driver_wext_driver_cmd SETSUSPENDOPT 0 len = 4096
06-27 13:34:39.951 32520 32520 D wpa_supplicant: wpa_driver_wext_driver_cmd SETSUSPENDOPT 0 len = 0, 15
06-27 13:34:39.951 32520 32520 D wpa_supplicant: wpa_driver_wext_driver_cmd POWERMODE 0 len = 4096
06-27 13:34:39.959 32520 32520 D wpa_supplicant: wpa_driver_wext_driver_cmd OK len = 0, 2
06-27 13:34:39.963 32520 32520 D wpa_supplicant: WPS: Building WPS IE for Probe Request
06-27 13:34:39.963 32520 32520 D wpa_supplicant: WPS:  * Version (hardcoded 0x10)
06-27 13:34:39.963 32520 32520 D wpa_supplicant: WPS:  * Request Type
06-27 13:34:39.963 32520 32520 D wpa_supplicant: WPS:  * Config Methods (2388)
06-27 13:34:39.963 32520 32520 D wpa_supplicant: WPS:  * UUID-E
06-27 13:34:39.963 32520 32520 D wpa_supplicant: WPS:  * Primary Device Type
06-27 13:34:39.963 32520 32520 D wpa_supplicant: WPS:  * RF Bands (3)
06-27 13:34:39.963 32520 32520 D wpa_supplicant: WPS:  * Association State
06-27 13:34:39.963 32520 32520 D wpa_supplicant: WPS:  * Configuration Error (0)
06-27 13:34:39.963 32520 32520 D wpa_supplicant: WPS:  * Device Password ID (0)
06-27 13:34:39.963 32520 32520 D wpa_supplicant: WPS:  * Manufacturer
06-27 13:34:39.963 32520 32520 D wpa_supplicant: WPS:  * Model Name
06-27 13:34:39.963 32520 32520 D wpa_supplicant: WPS:  * Model Number
06-27 13:34:39.963 32520 32520 D wpa_supplicant: WPS:  * Device Name
06-27 13:34:39.963 32520 32520 D wpa_supplicant: WPS:  * Version2 (0x20)
06-27 13:34:39.963 32520 32520 D wpa_supplicant: wpa_driver_wext_combo_scan: Start
06-27 13:34:39.963 32520 32520 D wpa_supplicant: For Scan: (null)
06-27 13:34:39.963 32520 32520 D wpa_supplicant: Scan requested (ret=0) - scan timeout 30 seconds
06-27 13:34:40.521   342   342 D SAN_SERVICE: *******************************************
06-27 13:34:40.521   342   342 D SAN_SERVICE: DM App Phone Service State - 0
06-27 13:34:40.521   342   342 D SAN_SERVICE: *******************************************
06-27 13:34:41.142 32520 32520 D wpa_supplicant: RTM_NEWLINK: operstate=1 ifi_flags=0x11043 ([UP][RUNNING][LOWER_UP])
06-27 13:34:41.142 32520 32520 D wpa_supplicant: RTM_NEWLINK, IFLA_IFNAME: Interface 'wlan0' added
06-27 13:34:41.142 32520 32520 D wpa_supplicant: Wireless event: cmd=0x8b19 len=8
06-27 13:34:41.150 32520 32520 D wpa_supplicant: Received 1812 bytes of scan results (6 BSSes)
06-27 13:34:41.263 32520 32520 D wpa_supplicant: wpa_driver_wext_driver_cmd SETSUSPENDOPT 0 len = 4096
06-27 13:34:41.263 32520 32520 D wpa_supplicant: wpa_driver_wext_driver_cmd SETSUSPENDOPT 0 len = 0, 15
06-27 13:34:41.263 32520 32520 D wpa_supplicant: wpa_driver_wext_driver_cmd POWERMODE 0 len = 4096
06-27 13:34:41.267 32520 32520 D wpa_supplicant: wpa_driver_wext_driver_cmd OK len = 0, 2
06-27 13:34:41.295 26576 26578 D dalvikvm: GC_CONCURRENT freed 668K, 8% free 11069K/11975K, paused 2ms+3ms
06-27 13:35:10.326   342   342 D SAN_SERVICE: *******************************************
06-27 13:35:10.326   342   342 D SAN_SERVICE: DM App Phone Service State - 0
06-27 13:35:10.330   342   342 D SAN_SERVICE: *******************************************
06-27 13:35:10.611   342   342 D SAN_SERVICE: *******************************************
06-27 13:35:10.615   342   342 D SAN_SERVICE: DM App Phone Service State - 0
06-27 13:35:10.615   342   342 D SAN_SERVICE: *******************************************
06-27 13:35:11.111   342   342 D SAN_SERVICE: *******************************************
06-27 13:35:11.111   342   342 D SAN_SERVICE: DM App Phone Service State - 0
06-27 13:35:11.111   342   342 D SAN_SERVICE: *******************************************
06-27 13:35:13.541  1819  1833 I PhoneLab-: Service Running
06-27 13:35:13.611  1819  1833 I PhoneLab-LoggerService: app_38    2630  1     924    488   c00f181c 400107b4 S logcat
06-27 13:35:13.611  1819  1833 I PhoneLab-LoggerService: app_38    30500 1     1064   696   c00f181c 400107b4 S logcat
06-27 13:35:13.611  1819  1833 I PhoneLab-LoggerService: Logcat pid from database 2630
06-27 13:35:13.611  1819  1833 I PhoneLab-LoggerService: Logcat process found 2630
06-27 13:35:13.611  1819  1833 I PhoneLab-LoggerService: Checking Threshold
06-27 13:35:13.611  1819  1833 I PhoneLab-LoggerService: Starting to rename files
06-27 13:35:13.611  1819  1833 I PhoneLab-LoggerService: Files found .. 3
06-27 13:35:35.927   342   342 D SAN_SERVICE: *******************************************
06-27 13:35:35.927   342   342 D SAN_SERVICE: DM App Phone Service State - 0
06-27 13:35:35.927   342   342 D SAN_SERVICE: *******************************************
06-27 13:35:36.213   342   342 D SAN_SERVICE: *******************************************
06-27 13:35:36.213   342   342 D SAN_SERVICE: DM App Phone Service State - 0
06-27 13:35:36.213   342   342 D SAN_SERVICE: *******************************************
06-27 13:35:36.716   342   342 D SAN_SERVICE: *******************************************
06-27 13:35:36.716   342   342 D SAN_SERVICE: DM App Phone Service State - 0
06-27 13:35:36.716   342   342 D SAN_SERVICE: *******************************************
06-27 13:35:46.181   342   342 D SAN_SERVICE: *******************************************
06-27 13:35:46.185   342   342 D SAN_SERVICE: DM App Phone Service State - 0
06-27 13:35:46.185   342   342 D SAN_SERVICE: *******************************************
06-27 13:35:46.384   342   342 D SAN_SERVICE: *******************************************
06-27 13:35:46.384   342   342 D SAN_SERVICE: DM App Phone Service State - 0
06-27 13:35:46.384   342   342 D SAN_SERVICE: *******************************************
06-27 13:35:46.513   342   342 D SAN_SERVICE: *******************************************
06-27 13:35:46.517   342   342 D SAN_SERVICE: DM App Phone Service State - 0
06-27 13:35:46.517   342   342 D SAN_SERVICE: *******************************************
06-27 13:35:46.666   342   342 D SAN_SERVICE: *******************************************
06-27 13:35:46.666   342   342 D SAN_SERVICE: DM App Phone Service State - 0
06-27 13:35:46.666   342   342 D SAN_SERVICE: *******************************************
06-27 13:35:47.189   342   342 D SAN_SERVICE: *******************************************
06-27 13:35:47.189   342   342 D SAN_SERVICE: DM App Phone Service State - 0
06-27 13:35:47.189   342   342 D SAN_SERVICE: *******************************************
06-27 13:35:51.318   342   342 D SAN_SERVICE: *******************************************
06-27 13:35:51.318   342   342 D SAN_SERVICE: DM App Phone Service State - 0
06-27 13:35:51.322   342   342 D SAN_SERVICE: *******************************************
06-27 13:35:56.576   342   342 D SAN_SERVICE: *******************************************
06-27 13:35:56.576   342   342 D SAN_SERVICE: DM App Phone Service State - 0
06-27 13:35:56.576   342   342 D SAN_SERVICE: *******************************************
06-27 13:35:56.830   342   342 D SAN_SERVICE: *******************************************
06-27 13:35:56.830   342   342 D SAN_SERVICE: DM App Phone Service State - 0
06-27 13:35:56.834   342   342 D SAN_SERVICE: *******************************************
06-27 13:36:16.115 26576 27122 I EventLogService: Aggregate from 1340816776023 (log), 1340816776023 (data)
06-27 13:36:21.959   342   342 D SAN_SERVICE: *******************************************
06-27 13:36:21.959   342   342 D SAN_SERVICE: DM App Phone Service State - 0
06-27 13:36:21.959   342   342 D SAN_SERVICE: *******************************************
06-27 13:36:52.814   342   342 D SAN_SERVICE: *******************************************
06-27 13:36:52.814   342   342 D SAN_SERVICE: DM App Phone Service State - 0
06-27 13:36:52.814   342   342 D SAN_SERVICE: *******************************************
06-27 13:36:53.568   342   342 D SAN_SERVICE: *******************************************
06-27 13:36:53.568   342   342 D SAN_SERVICE: DM App Phone Service State - 0
06-27 13:36:53.568   342   342 D SAN_SERVICE: *******************************************
06-27 13:36:58.056   342   342 D SAN_SERVICE: *******************************************
06-27 13:36:58.056   342   342 D SAN_SERVICE: DM App Phone Service State - 0
06-27 13:36:58.056   342   342 D SAN_SERVICE: *******************************************
06-27 13:37:08.119   342   342 D SAN_SERVICE: *******************************************
06-27 13:37:08.119   342   342 D SAN_SERVICE: DM App Phone Service State - 0
06-27 13:37:08.119   342   342 D SAN_SERVICE: *******************************************
06-27 13:37:08.408   342   342 D SAN_SERVICE: *******************************************
06-27 13:37:08.408   342   342 D SAN_SERVICE: DM App Phone Service State - 0
06-27 13:37:08.408   342   342 D SAN_SERVICE: *******************************************
06-27 13:37:13.541  1819  1833 I PhoneLab-: Service Running
06-27 13:37:13.607  1819  1833 I PhoneLab-LoggerService: app_38    2630  1     924    488   c00f181c 400107b4 S logcat
06-27 13:37:13.611  1819  1833 I PhoneLab-LoggerService: app_38    30500 1     1064   696   c00f181c 400107b4 S logcat
06-27 13:37:13.611  1819  1833 I PhoneLab-LoggerService: Logcat pid from database 2630
06-27 13:37:13.611  1819  1833 I PhoneLab-LoggerService: Logcat process found 2630
06-27 13:37:13.611  1819  1833 I PhoneLab-LoggerService: Checking Threshold
06-27 13:37:13.611  1819  1833 I PhoneLab-LoggerService: Starting to rename files
06-27 13:37:13.611  1819  1833 I PhoneLab-LoggerService: Files found .. 3
06-27 13:37:14.845   342   342 D SAN_SERVICE: *******************************************
06-27 13:37:14.845   342   342 D SAN_SERVICE: DM App Phone Service State - 0
06-27 13:37:14.845   342   342 D SAN_SERVICE: *******************************************
06-27 13:37:44.084   342   342 D SAN_SERVICE: *******************************************
06-27 13:37:44.084   342   342 D SAN_SERVICE: DM App Phone Service State - 0
06-27 13:37:44.084   342   342 D SAN_SERVICE: *******************************************
06-27 13:37:44.326   342   342 D SAN_SERVICE: *******************************************
06-27 13:37:44.326   342   342 D SAN_SERVICE: DM App Phone Service State - 0
06-27 13:37:44.326   342   342 D SAN_SERVICE: *******************************************
06-27 13:37:54.131   342   342 D SAN_SERVICE: *******************************************
06-27 13:37:54.131   342   342 D SAN_SERVICE: DM App Phone Service State - 0
06-27 13:37:54.131   342   342 D SAN_SERVICE: *******************************************
06-27 13:37:54.377   342   342 D SAN_SERVICE: *******************************************
06-27 13:37:54.377   342   342 D SAN_SERVICE: DM App Phone Service State - 0
06-27 13:37:54.377   342   342 D SAN_SERVICE: *******************************************
06-27 13:38:09.494   342   342 D SAN_SERVICE: *******************************************
06-27 13:38:09.498   342   342 D SAN_SERVICE: DM App Phone Service State - 0
06-27 13:38:09.498   342   342 D SAN_SERVICE: *******************************************
06-27 13:38:09.744   342   342 D SAN_SERVICE: *******************************************
06-27 13:38:09.744   342   342 D SAN_SERVICE: DM App Phone Service State - 0
06-27 13:38:09.744   342   342 D SAN_SERVICE: *******************************************
06-27 13:38:10.240   342   342 D SAN_SERVICE: *******************************************
06-27 13:38:10.240   342   342 D SAN_SERVICE: DM App Phone Service State - 0
06-27 13:38:10.240   342   342 D SAN_SERVICE: *******************************************
06-27 13:38:30.099   342   342 D SAN_SERVICE: *******************************************
06-27 13:38:30.099   342   342 D SAN_SERVICE: DM App Phone Service State - 0
06-27 13:38:30.099   342   342 D SAN_SERVICE: *******************************************
06-27 13:38:30.631   342   342 D SAN_SERVICE: *******************************************
06-27 13:38:30.631   342   342 D SAN_SERVICE: DM App Phone Service State - 0
06-27 13:38:30.631   342   342 D SAN_SERVICE: *******************************************
06-27 13:38:35.334   342   342 D SAN_SERVICE: *******************************************
06-27 13:38:35.334   342   342 D SAN_SERVICE: DM App Phone Service State - 0
06-27 13:38:35.334   342   342 D SAN_SERVICE: *******************************************
06-27 13:38:35.841   342   342 D SAN_SERVICE: *******************************************
06-27 13:38:35.841   342   342 D SAN_SERVICE: DM App Phone Service State - 0
06-27 13:38:35.841   342   342 D SAN_SERVICE: *******************************************
06-27 13:39:05.826   342   342 D SAN_SERVICE: *******************************************
06-27 13:39:05.826   342   342 D SAN_SERVICE: DM App Phone Service State - 0
06-27 13:39:05.826   342   342 D SAN_SERVICE: *******************************************
06-27 13:39:06.056   342   342 D SAN_SERVICE: *******************************************
06-27 13:39:06.056   342   342 D SAN_SERVICE: DM App Phone Service State - 0
06-27 13:39:06.056   342   342 D SAN_SERVICE: *******************************************
06-27 13:39:06.795   342   342 D SAN_SERVICE: *******************************************
06-27 13:39:06.795   342   342 D SAN_SERVICE: DM App Phone Service State - 0
06-27 13:39:06.795   342   342 D SAN_SERVICE: *******************************************
06-27 13:39:11.162   342   342 D SAN_SERVICE: *******************************************
06-27 13:39:11.162   342   342 D SAN_SERVICE: DM App Phone Service State - 0
06-27 13:39:11.162   342   342 D SAN_SERVICE: *******************************************
06-27 13:39:13.541  1819  1833 I PhoneLab-: Service Running
06-27 13:39:13.607  1819  1833 I PhoneLab-LoggerService: app_38    2630  1     924    488   c00f181c 400107b4 S logcat
06-27 13:39:13.611  1819  1833 I PhoneLab-LoggerService: app_38    30500 1     1064   696   c00f181c 400107b4 S logcat
06-27 13:39:13.611  1819  1833 I PhoneLab-LoggerService: Logcat pid from database 2630
06-27 13:39:13.611  1819  1833 I PhoneLab-LoggerService: Logcat process found 2630
06-27 13:39:13.611  1819  1833 I PhoneLab-LoggerService: Checking Threshold
06-27 13:39:13.611  1819  1833 I PhoneLab-LoggerService: Starting to rename files
06-27 13:39:13.611  1819  1833 I PhoneLab-LoggerService: Files found .. 3
06-27 13:39:17.779   342   342 D SAN_SERVICE: *******************************************
06-27 13:39:17.779   342   342 D SAN_SERVICE: DM App Phone Service State - 0
06-27 13:39:17.779   342   342 D SAN_SERVICE: *******************************************
06-27 13:39:41.767   342   342 D SAN_SERVICE: *******************************************
06-27 13:39:41.767   342   342 D SAN_SERVICE: DM App Phone Service State - 0
06-27 13:39:41.767   342   342 D SAN_SERVICE: *******************************************
06-27 13:39:41.791   342   346 D dalvikvm: GC_CONCURRENT freed 769K, 9% free 11708K/12743K, paused 2ms+3ms
06-27 13:39:44.572  1819  1819 I PhoneLab-Locks: wake lock acquired
06-27 13:39:44.623  1819  2696 I PhoneLab-PeriodicCheckService: User info is synched
06-27 13:39:44.627  1819  2696 I PhoneLab-PeriodicCheckService: Logger Service is running
06-27 13:39:44.631  1819  2696 I PhoneLab-Locks: wake lock acquired
06-27 13:39:44.631  1819  1819 I PhoneLab-UploadLogs: Transfering log files now
06-27 13:39:44.634  1819  2696 I PhoneLab-PeriodicCheckService: Rescheduling periodic checking...
06-27 13:39:44.634  1819  2696 I PhoneLab-Locks: wake lock released
06-27 13:39:44.677  1819  1822 D dalvikvm: GC_CONCURRENT freed 423K, 17% free 9257K/11079K, paused 2ms+2ms
06-27 13:39:44.697  1819  1819 D dalvikvm: GC_FOR_ALLOC freed 273K, 15% free 9478K/11079K, paused 12ms
06-27 13:39:44.724  1819  1819 I PhoneLab-UploadLogs: OnStartCommand
06-27 13:39:44.728  1819  1822 D dalvikvm: GC_CONCURRENT freed 249K, 13% free 9741K/11079K, paused 2ms+1ms
06-27 13:39:44.799  1819  2698 D dalvikvm: GC_FOR_ALLOC freed 357K, 13% free 9710K/11079K, paused 14ms
06-27 13:39:44.814  1819  2698 D dalvikvm: GC_FOR_ALLOC freed 301K, 13% free 9710K/11079K, paused 14ms
06-27 13:39:44.830  1819  2698 D dalvikvm: GC_FOR_ALLOC freed 301K, 13% free 9711K/11079K, paused 14ms
06-27 13:39:46.580  1819  1819 I PhoneLab-: 1340817913582.log is deleted
06-27 13:39:46.584  1819  1819 I PhoneLab-: Response: {"data": "done", "err": ""}
06-27 13:39:46.654  1819  1822 D dalvikvm: GC_CONCURRENT freed 952K, 17% free 9246K/11079K, paused 2ms+2ms
