06-30 10:00:52.622   342   342 D SAN_SERVICE: *******************************************
06-30 10:00:52.622   342   342 D SAN_SERVICE: DM App Phone Service State - 0
06-30 10:00:52.622   342   342 D SAN_SERVICE: *******************************************
06-30 10:00:53.407   342   342 D SAN_SERVICE: *******************************************
06-30 10:00:53.407   342   342 D SAN_SERVICE: DM App Phone Service State - 0
06-30 10:00:53.407   342   342 D SAN_SERVICE: *******************************************
06-30 10:01:45.454 14945 14948 D dalvikvm: GC_CONCURRENT freed 375K, 13% free 10415K/11847K, paused 1ms+2ms
06-30 10:02:02.024 15023 15036 I PhoneLab-: Service Running
06-30 10:02:02.102 15023 15036 I PhoneLab-LoggerService: app_38    2630  1     924    488   c00f181c 400107b4 S logcat
06-30 10:02:02.102 15023 15036 I PhoneLab-LoggerService: app_38    30500 1     1064   656   c00f181c 400107b4 S logcat
06-30 10:02:02.102 15023 15036 I PhoneLab-LoggerService: Logcat pid from database 2630
06-30 10:02:02.102 15023 15036 I PhoneLab-LoggerService: Logcat process found 2630
06-30 10:02:02.106 15023 15036 I PhoneLab-LoggerService: Checking Threshold
06-30 10:02:02.106 15023 15036 I PhoneLab-LoggerService: Starting to rename files
06-30 10:02:02.106 15023 15036 I PhoneLab-LoggerService: Files found .. 2
06-30 10:02:02.106 15023 15036 I PhoneLab-LoggerService: File 1 log.out.1
06-30 10:02:02.110 15023 15036 I PhoneLab-LoggerService: Renamed successfully
06-30 10:02:02.114 15023 15025 D dalvikvm: GC_CONCURRENT freed 445K, 15% free 9215K/10823K, paused 1ms+2ms
06-30 10:02:35.290   342   342 D SAN_SERVICE: *******************************************
06-30 10:02:35.290   342   342 D SAN_SERVICE: DM App Phone Service State - 0
06-30 10:02:35.290   342   342 D SAN_SERVICE: *******************************************
06-30 10:02:36.040   342   342 D SAN_SERVICE: *******************************************
06-30 10:02:36.044   342   342 D SAN_SERVICE: DM App Phone Service State - 0
06-30 10:02:36.044   342   342 D SAN_SERVICE: *******************************************
06-30 10:02:45.255   342   342 D SAN_SERVICE: *******************************************
06-30 10:02:45.255   342   342 D SAN_SERVICE: DM App Phone Service State - 0
06-30 10:02:45.255   342   342 D SAN_SERVICE: *******************************************
06-30 10:03:25.497   213   216 D dalvikvm: GC_CONCURRENT freed 347K, 62% free 10043K/25991K, paused 8ms+4ms
06-30 10:03:57.200   342   342 D SAN_SERVICE: *******************************************
06-30 10:03:57.200   342   342 D SAN_SERVICE: DM App Phone Service State - 0
06-30 10:03:57.200   342   342 D SAN_SERVICE: *******************************************
06-30 10:03:57.450   342   342 D SAN_SERVICE: *******************************************
06-30 10:03:57.450   342   342 D SAN_SERVICE: DM App Phone Service State - 0
06-30 10:03:57.450   342   342 D SAN_SERVICE: *******************************************
06-30 10:04:02.024 15023 15036 I PhoneLab-: Service Running
06-30 10:04:02.090 15023 15036 I PhoneLab-LoggerService: app_38    2630  1     924    488   c00f181c 400107b4 S logcat
06-30 10:04:02.094 15023 15036 I PhoneLab-LoggerService: app_38    30500 1     1064   656   c00f181c 400107b4 S logcat
06-30 10:04:02.094 15023 15036 I PhoneLab-LoggerService: Logcat pid from database 2630
06-30 10:04:02.094 15023 15036 I PhoneLab-LoggerService: Logcat process found 2630
06-30 10:04:02.094 15023 15036 I PhoneLab-LoggerService: Checking Threshold
06-30 10:04:02.094 15023 15036 I PhoneLab-LoggerService: Starting to rename files
06-30 10:04:02.094 15023 15036 I PhoneLab-LoggerService: Files found .. 2
06-30 10:04:07.165   342   342 D SAN_SERVICE: *******************************************
06-30 10:04:07.165   342   342 D SAN_SERVICE: DM App Phone Service State - 0
06-30 10:04:07.165   342   342 D SAN_SERVICE: *******************************************
06-30 10:05:13.743   342   342 D SAN_SERVICE: *******************************************
06-30 10:05:13.743   342   342 D SAN_SERVICE: DM App Phone Service State - 0
06-30 10:05:13.743   342   342 D SAN_SERVICE: *******************************************
06-30 10:05:14.493   342   342 D SAN_SERVICE: *******************************************
06-30 10:05:14.493   342   342 D SAN_SERVICE: DM App Phone Service State - 0
06-30 10:05:14.493   342   342 D SAN_SERVICE: *******************************************
06-30 10:05:23.954   342   342 D SAN_SERVICE: *******************************************
06-30 10:05:23.954   342   342 D SAN_SERVICE: DM App Phone Service State - 0
06-30 10:05:23.954   342   342 D SAN_SERVICE: *******************************************
06-30 10:05:24.239   342   342 D SAN_SERVICE: *******************************************
06-30 10:05:24.239   342   342 D SAN_SERVICE: DM App Phone Service State - 0
06-30 10:05:24.239   342   342 D SAN_SERVICE: *******************************************
06-30 10:05:24.985   342   342 D SAN_SERVICE: *******************************************
06-30 10:05:24.985   342   342 D SAN_SERVICE: DM App Phone Service State - 0
06-30 10:05:24.985   342   342 D SAN_SERVICE: *******************************************
06-30 10:05:39.368   342   342 D SAN_SERVICE: *******************************************
06-30 10:05:39.368   342   342 D SAN_SERVICE: DM App Phone Service State - 0
06-30 10:05:39.372   342   342 D SAN_SERVICE: *******************************************
06-30 10:05:39.626   342   342 D SAN_SERVICE: *******************************************
06-30 10:05:39.626   342   342 D SAN_SERVICE: DM App Phone Service State - 0
06-30 10:05:39.626   342   342 D SAN_SERVICE: *******************************************
06-30 10:05:39.833   342   342 D SAN_SERVICE: *******************************************
06-30 10:05:39.833   342   342 D SAN_SERVICE: DM App Phone Service State - 0
06-30 10:05:39.833   342   342 D SAN_SERVICE: *******************************************
06-30 10:05:49.594   342   342 D SAN_SERVICE: *******************************************
06-30 10:05:49.594   342   342 D SAN_SERVICE: DM App Phone Service State - 0
06-30 10:05:49.594   342   342 D SAN_SERVICE: *******************************************
06-30 10:05:49.864   342   342 D SAN_SERVICE: *******************************************
06-30 10:05:49.864   342   342 D SAN_SERVICE: DM App Phone Service State - 0
06-30 10:05:49.864   342   342 D SAN_SERVICE: *******************************************
06-30 10:05:50.618   342   342 D SAN_SERVICE: *******************************************
06-30 10:05:50.618   342   342 D SAN_SERVICE: DM App Phone Service State - 0
06-30 10:05:50.618   342   342 D SAN_SERVICE: *******************************************
06-30 10:05:54.758 15023 15023 I PhoneLab-Locks: wake lock acquired
06-30 10:05:54.786 15023 15023 I PhoneLab-StatusMonitor: Status Monitoring is started
06-30 10:05:54.848 15023 15025 D dalvikvm: GC_CONCURRENT freed 418K, 15% free 9305K/10823K, paused 2ms+8ms
06-30 10:05:54.852 15023 15023 I PhoneLab-StatusMonitor: Value: 10 - unit: min
06-30 10:05:54.852 15023 15023 I PhoneLab-StatusMonitor: Running interval: 600000
06-30 10:05:54.860 15023 15023 I PhoneLab-StatusMonitor: Rescheduling status monitoring...
06-30 10:05:54.860 15023 15023 I PhoneLab-Locks: wake lock released
06-30 10:05:54.864 15023 15023 I PhoneLab-StatusMonitorLocation: Learning Location
06-30 10:05:54.864 15023 15023 I PhoneLab-Locks: wake lock acquired
06-30 10:05:54.887 15023 15023 D dalvikvm: GC_EXPLICIT freed 198K, 16% free 9176K/10823K, paused 2ms+2ms
06-30 10:05:54.891 26576 26651 D androidNetworkLocationListeners: Still have listener com.google.android.location.internal.client.NetworkLocationClient$1@41318678
06-30 10:05:54.891 15023 15023 I PhoneLab-Locks: wake lock acquired
06-30 10:05:54.899 15023 15023 I PhoneLab-StatusMonitorLocation: Learning Signal Strgth
06-30 10:05:54.899 15023 15023 I PhoneLab-Locks: wake lock acquired
06-30 10:05:54.903 32520 32520 D wpa_supplicant: wpa_driver_wext_driver_cmd SETSUSPENDOPT 0 len = 4096
06-30 10:05:54.903 32520 32520 D wpa_supplicant: wpa_driver_wext_driver_cmd SETSUSPENDOPT 0 len = 0, 15
06-30 10:05:54.903 32520 32520 D wpa_supplicant: wpa_driver_wext_driver_cmd POWERMODE 0 len = 4096
06-30 10:05:54.907 26576 26651 D androidNetworkLocationListeners: Still have listener com.google.android.location.internal.client.NetworkLocationClient$1@41318678
06-30 10:05:54.911 15023 15023 I PhoneLab-StatusMonitorBattery: Battery_level: 74
06-30 10:05:54.915 15023 15023 I PhoneLab-Locks: wake lock released
06-30 10:05:54.915 32520 32520 D wpa_supplicant: wpa_driver_wext_driver_cmd OK len = 0, 2
06-30 10:05:54.919 32520 32520 D wpa_supplicant: WPS: Building WPS IE for Probe Request
06-30 10:05:54.919 32520 32520 D wpa_supplicant: WPS:  * Version (hardcoded 0x10)
06-30 10:05:54.919 32520 32520 D wpa_supplicant: WPS:  * Request Type
06-30 10:05:54.919 32520 32520 D wpa_supplicant: WPS:  * Config Methods (2388)
06-30 10:05:54.919 32520 32520 D wpa_supplicant: WPS:  * UUID-E
06-30 10:05:54.919 32520 32520 D wpa_supplicant: WPS:  * Primary Device Type
06-30 10:05:54.919 32520 32520 D wpa_supplicant: WPS:  * RF Bands (3)
06-30 10:05:54.919 32520 32520 D wpa_supplicant: WPS:  * Association State
06-30 10:05:54.919 32520 32520 D wpa_supplicant: WPS:  * Configuration Error (0)
06-30 10:05:54.919 32520 32520 D wpa_supplicant: WPS:  * Device Password ID (0)
06-30 10:05:54.919 32520 32520 D wpa_supplicant: WPS:  * Manufacturer
06-30 10:05:54.919 32520 32520 D wpa_supplicant: WPS:  * Model Name
06-30 10:05:54.919 32520 32520 D wpa_supplicant: WPS:  * Model Number
06-30 10:05:54.919 32520 32520 D wpa_supplicant: WPS:  * Device Name
06-30 10:05:54.919 32520 32520 D wpa_supplicant: WPS:  * Version2 (0x20)
06-30 10:05:54.919 32520 32520 D wpa_supplicant: wpa_driver_wext_combo_scan: Start
06-30 10:05:54.919 32520 32520 D wpa_supplicant: For Scan: (null)
06-30 10:05:54.919 32520 32520 D wpa_supplicant: Scan requested (ret=0) - scan timeout 30 seconds
06-30 10:05:54.919 32520 32520 D wpa_supplicant: Ongoing scan action - reject new request
06-30 10:05:54.923 15023 15023 I PhoneLab-StatusMonitorSignal: Signal_Strength: -86 asu: 14
06-30 10:05:54.923 15023 15023 I PhoneLab-Locks: wake lock released
06-30 10:05:56.087 32520 32520 D wpa_supplicant: RTM_NEWLINK: operstate=1 ifi_flags=0x11043 ([UP][RUNNING][LOWER_UP])
06-30 10:05:56.087 32520 32520 D wpa_supplicant: RTM_NEWLINK, IFLA_IFNAME: Interface 'wlan0' added
06-30 10:05:56.087 32520 32520 D wpa_supplicant: Wireless event: cmd=0x8b19 len=8
06-30 10:05:56.087 32520 32520 D wpa_supplicant: Received 1279 bytes of scan results (4 BSSes)
06-30 10:05:56.208 32520 32520 D wpa_supplicant: wpa_driver_wext_driver_cmd SETSUSPENDOPT 0 len = 4096
06-30 10:05:56.208 32520 32520 D wpa_supplicant: wpa_driver_wext_driver_cmd SETSUSPENDOPT 0 len = 0, 15
06-30 10:05:56.208 32520 32520 D wpa_supplicant: wpa_driver_wext_driver_cmd POWERMODE 0 len = 4096
06-30 10:05:56.212 32520 32520 D wpa_supplicant: wpa_driver_wext_driver_cmd OK len = 0, 2
06-30 10:05:56.215 15023 15023 I PhoneLab-StatusMonitorLocation: Location_Latitude: 42.9543595 Longitude: -78.8267466 Accuracy: 33.0
06-30 10:05:56.215 26576 26651 D androidNetworkLocationListeners: Still have listener com.google.android.location.internal.client.NetworkLocationClient$1@41318678
06-30 10:05:56.215 15023 15023 I PhoneLab-Locks: wake lock released
06-30 10:05:56.215 32520 32520 D wpa_supplicant: wpa_driver_wext_driver_cmd SETSUSPENDOPT 0 len = 4096
06-30 10:05:56.215 32520 32520 D wpa_supplicant: wpa_driver_wext_driver_cmd SETSUSPENDOPT 0 len = 0, 15
06-30 10:05:56.215 32520 32520 D wpa_supplicant: wpa_driver_wext_driver_cmd POWERMODE 0 len = 4096
06-30 10:05:56.219 32520 32520 D wpa_supplicant: wpa_driver_wext_driver_cmd OK len = 0, 2
06-30 10:05:56.219 32520 32520 D wpa_supplicant: WPS: Building WPS IE for Probe Request
06-30 10:05:56.219 32520 32520 D wpa_supplicant: WPS:  * Version (hardcoded 0x10)
06-30 10:05:56.219 32520 32520 D wpa_supplicant: WPS:  * Request Type
06-30 10:05:56.219 32520 32520 D wpa_supplicant: WPS:  * Config Methods (2388)
06-30 10:05:56.219 32520 32520 D wpa_supplicant: WPS:  * UUID-E
06-30 10:05:56.219 32520 32520 D wpa_supplicant: WPS:  * Primary Device Type
06-30 10:05:56.219 32520 32520 D wpa_supplicant: WPS:  * RF Bands (3)
06-30 10:05:56.219 32520 32520 D wpa_supplicant: WPS:  * Association State
06-30 10:05:56.219 32520 32520 D wpa_supplicant: WPS:  * Configuration Error (0)
06-30 10:05:56.219 32520 32520 D wpa_supplicant: WPS:  * Device Password ID (0)
06-30 10:05:56.219 32520 32520 D wpa_supplicant: WPS:  * Manufacturer
06-30 10:05:56.219 32520 32520 D wpa_supplicant: WPS:  * Model Name
06-30 10:05:56.219 32520 32520 D wpa_supplicant: WPS:  * Model Number
06-30 10:05:56.219 32520 32520 D wpa_supplicant: WPS:  * Device Name
06-30 10:05:56.219 32520 32520 D wpa_supplicant: WPS:  * Version2 (0x20)
06-30 10:05:56.219 32520 32520 D wpa_supplicant: wpa_driver_wext_combo_scan: Start
06-30 10:05:56.219 32520 32520 D wpa_supplicant: For Scan: (null)
06-30 10:05:56.223 32520 32520 D wpa_supplicant: Scan requested (ret=0) - scan timeout 30 seconds
06-30 10:05:57.387 32520 32520 D wpa_supplicant: RTM_NEWLINK: operstate=1 ifi_flags=0x11043 ([UP][RUNNING][LOWER_UP])
06-30 10:05:57.387 32520 32520 D wpa_supplicant: RTM_NEWLINK, IFLA_IFNAME: Interface 'wlan0' added
06-30 10:05:57.387 32520 32520 D wpa_supplicant: Wireless event: cmd=0x8b19 len=8
06-30 10:05:57.387 32520 32520 D wpa_supplicant: Received 1448 bytes of scan results (5 BSSes)
06-30 10:05:57.497 32520 32520 D wpa_supplicant: wpa_driver_wext_driver_cmd SETSUSPENDOPT 0 len = 4096
06-30 10:05:57.497 32520 32520 D wpa_supplicant: wpa_driver_wext_driver_cmd SETSUSPENDOPT 0 len = 0, 15
06-30 10:05:57.497 32520 32520 D wpa_supplicant: wpa_driver_wext_driver_cmd POWERMODE 0 len = 4096
06-30 10:05:57.501 32520 32520 D wpa_supplicant: wpa_driver_wext_driver_cmd OK len = 0, 2
06-30 10:05:59.821   342   342 D SAN_SERVICE: *******************************************
06-30 10:05:59.821   342   342 D SAN_SERVICE: DM App Phone Service State - 0
06-30 10:05:59.821   342   342 D SAN_SERVICE: *******************************************
06-30 10:06:00.122   342   346 D dalvikvm: GC_CONCURRENT freed 868K, 9% free 11990K/13063K, paused 60ms+3ms
06-30 10:06:00.130   342   342 D SAN_SERVICE: *******************************************
06-30 10:06:00.130   342   342 D SAN_SERVICE: DM App Phone Service State - 0
06-30 10:06:00.130   342   342 D SAN_SERVICE: *******************************************
06-30 10:06:00.360   342   342 D SAN_SERVICE: *******************************************
06-30 10:06:00.360   342   342 D SAN_SERVICE: DM App Phone Service State - 0
06-30 10:06:00.360   342   342 D SAN_SERVICE: *******************************************
06-30 10:06:02.024 15023 15036 I PhoneLab-: Service Running
06-30 10:06:02.090 15023 15036 I PhoneLab-LoggerService: app_38    2630  1     924    488   c00f181c 400107b4 S logcat
06-30 10:06:02.094 15023 15036 I PhoneLab-LoggerService: app_38    30500 1     1064   656   c00f181c 400107b4 S logcat
06-30 10:06:02.094 15023 15036 I PhoneLab-LoggerService: Logcat pid from database 2630
06-30 10:06:02.094 15023 15036 I PhoneLab-LoggerService: Logcat process found 2630
06-30 10:06:02.094 15023 15036 I PhoneLab-LoggerService: Checking Threshold
06-30 10:06:02.094 15023 15036 I PhoneLab-LoggerService: Starting to rename files
06-30 10:06:02.094 15023 15036 I PhoneLab-LoggerService: Files found .. 2
06-30 10:06:20.348   342   342 D SAN_SERVICE: *******************************************
06-30 10:06:20.348   342   342 D SAN_SERVICE: DM App Phone Service State - 0
06-30 10:06:20.348   342   342 D SAN_SERVICE: *******************************************
06-30 10:06:20.579   342   342 D SAN_SERVICE: *******************************************
06-30 10:06:20.579   342   342 D SAN_SERVICE: DM App Phone Service State - 0
06-30 10:06:20.579   342   342 D SAN_SERVICE: *******************************************
06-30 10:06:37.540 26576 27411 I EventLogService: Aggregate from 1341063397385 (log), 1341063397385 (data)
06-30 10:06:52.708   342   342 D SAN_SERVICE: *******************************************
06-30 10:06:52.708   342   342 D SAN_SERVICE: DM App Phone Service State - 0
06-30 10:06:52.708   342   342 D SAN_SERVICE: *******************************************
06-30 10:06:53.508   342   342 D SAN_SERVICE: *******************************************
06-30 10:06:53.508   342   342 D SAN_SERVICE: DM App Phone Service State - 0
06-30 10:06:53.508   342   342 D SAN_SERVICE: *******************************************
06-30 10:07:01.298   342   342 D SAN_SERVICE: *******************************************
06-30 10:07:01.298   342   342 D SAN_SERVICE: DM App Phone Service State - 0
06-30 10:07:01.298   342   342 D SAN_SERVICE: *******************************************
06-30 10:07:06.626   342   342 D SAN_SERVICE: *******************************************
06-30 10:07:06.626   342   342 D SAN_SERVICE: DM App Phone Service State - 0
06-30 10:07:06.626   342   342 D SAN_SERVICE: *******************************************
06-30 10:07:16.684   342   342 D SAN_SERVICE: *******************************************
06-30 10:07:16.684   342   342 D SAN_SERVICE: DM App Phone Service State - 0
06-30 10:07:16.684   342   342 D SAN_SERVICE: *******************************************
06-30 10:08:02.024 15023 15036 I PhoneLab-: Service Running
06-30 10:08:02.094 15023 15036 I PhoneLab-LoggerService: app_38    2630  1     924    488   c00f181c 400107b4 S logcat
06-30 10:08:02.094 15023 15036 I PhoneLab-LoggerService: app_38    30500 1     1064   660   c00f181c 400107b4 S logcat
06-30 10:08:02.094 15023 15036 I PhoneLab-LoggerService: Logcat pid from database 2630
06-30 10:08:02.098 15023 15036 I PhoneLab-LoggerService: Logcat process found 2630
06-30 10:08:02.098 15023 15036 I PhoneLab-LoggerService: Checking Threshold
06-30 10:08:02.098 15023 15036 I PhoneLab-LoggerService: Starting to rename files
06-30 10:08:02.098 15023 15036 I PhoneLab-LoggerService: Files found .. 3
06-30 10:08:02.098 15023 15036 I PhoneLab-LoggerService: File 1 log.out.1
06-30 10:08:02.102 15023 15036 I PhoneLab-LoggerService: Renamed successfully
06-30 10:08:02.715   342   342 D SAN_SERVICE: *******************************************
06-30 10:08:02.715   342   342 D SAN_SERVICE: DM App Phone Service State - 0
06-30 10:08:02.715   342   342 D SAN_SERVICE: *******************************************
06-30 10:08:02.969   342   342 D SAN_SERVICE: *******************************************
06-30 10:08:02.969   342   342 D SAN_SERVICE: DM App Phone Service State - 0
06-30 10:08:02.969   342   342 D SAN_SERVICE: *******************************************
06-30 10:08:03.215   342   342 D SAN_SERVICE: *******************************************
06-30 10:08:03.215   342   342 D SAN_SERVICE: DM App Phone Service State - 0
06-30 10:08:03.215   342   342 D SAN_SERVICE: *******************************************
06-30 10:08:33.465   342   342 D SAN_SERVICE: *******************************************
06-30 10:08:33.465   342   342 D SAN_SERVICE: DM App Phone Service State - 0
06-30 10:08:33.465   342   342 D SAN_SERVICE: *******************************************
06-30 10:08:33.715   342   342 D SAN_SERVICE: *******************************************
06-30 10:08:33.715   342   342 D SAN_SERVICE: DM App Phone Service State - 0
06-30 10:08:33.715   342   342 D SAN_SERVICE: *******************************************
06-30 10:09:34.919   342   342 D SAN_SERVICE: *******************************************
06-30 10:09:34.919   342   342 D SAN_SERVICE: DM App Phone Service State - 0
06-30 10:09:34.919   342   342 D SAN_SERVICE: *******************************************
06-30 10:09:35.149   342   342 D SAN_SERVICE: *******************************************
06-30 10:09:35.149   342   342 D SAN_SERVICE: DM App Phone Service State - 0
06-30 10:09:35.149   342   342 D SAN_SERVICE: *******************************************
06-30 10:09:45.106   342   342 D SAN_SERVICE: *******************************************
06-30 10:09:45.106   342   342 D SAN_SERVICE: DM App Phone Service State - 0
06-30 10:09:45.106   342   342 D SAN_SERVICE: *******************************************
06-30 10:10:02.024 15023 15036 I PhoneLab-: Service Running
06-30 10:10:02.094 15023 15036 I PhoneLab-LoggerService: app_38    2630  1     924    488   c00f181c 400107b4 S logcat
06-30 10:10:02.094 15023 15036 I PhoneLab-LoggerService: app_38    30500 1     1064   660   c00f181c 400107b4 S logcat
06-30 10:10:02.094 15023 15036 I PhoneLab-LoggerService: Logcat pid from database 2630
06-30 10:10:02.094 15023 15036 I PhoneLab-LoggerService: Logcat process found 2630
06-30 10:10:02.094 15023 15036 I PhoneLab-LoggerService: Checking Threshold
06-30 10:10:02.094 15023 15036 I PhoneLab-LoggerService: Starting to rename files
06-30 10:10:02.094 15023 15036 I PhoneLab-LoggerService: Files found .. 3
06-30 10:10:05.633   342   342 D SAN_SERVICE: *******************************************
06-30 10:10:05.633   342   342 D SAN_SERVICE: DM App Phone Service State - 0
06-30 10:10:05.633   342   342 D SAN_SERVICE: *******************************************
06-30 10:10:05.856   342   342 D SAN_SERVICE: *******************************************
06-30 10:10:05.856   342   342 D SAN_SERVICE: DM App Phone Service State - 0
06-30 10:10:05.856   342   342 D SAN_SERVICE: *******************************************
06-30 10:10:06.114   342   342 D SAN_SERVICE: *******************************************
06-30 10:10:06.114   342   342 D SAN_SERVICE: DM App Phone Service State - 0
06-30 10:10:06.114   342   342 D SAN_SERVICE: *******************************************
06-30 10:10:51.669   342   342 D SAN_SERVICE: *******************************************
06-30 10:10:51.669   342   342 D SAN_SERVICE: DM App Phone Service State - 0
06-30 10:10:51.669   342   342 D SAN_SERVICE: *******************************************
06-30 10:11:07.090   342   342 D SAN_SERVICE: *******************************************
06-30 10:11:07.090   342   342 D SAN_SERVICE: DM App Phone Service State - 0
06-30 10:11:07.094   342   342 D SAN_SERVICE: *******************************************
06-30 10:11:07.106 32520 32520 D wpa_supplicant: wpa_driver_wext_driver_cmd SETSUSPENDOPT 0 len = 4096
06-30 10:11:07.106 32520 32520 D wpa_supplicant: wpa_driver_wext_driver_cmd SETSUSPENDOPT 0 len = 0, 15
06-30 10:11:07.106 32520 32520 D wpa_supplicant: wpa_driver_wext_driver_cmd POWERMODE 0 len = 4096
06-30 10:11:07.122 32520 32520 D wpa_supplicant: wpa_driver_wext_driver_cmd OK len = 0, 2
06-30 10:11:07.516   342   342 D SAN_SERVICE: *******************************************
06-30 10:11:07.516   342   342 D SAN_SERVICE: DM App Phone Service State - 0
06-30 10:11:07.520   342   342 D SAN_SERVICE: *******************************************
06-30 10:11:07.583 32520 32520 D wpa_supplicant: wpa_driver_wext_driver_cmd SETSUSPENDOPT 0 len = 4096
06-30 10:11:07.583 32520 32520 D wpa_supplicant: wpa_driver_wext_driver_cmd SETSUSPENDOPT 0 len = 0, 15
06-30 10:11:07.583 32520 32520 D wpa_supplicant: wpa_driver_wext_driver_cmd POWERMODE 0 len = 4096
06-30 10:11:07.590 32520 32520 D wpa_supplicant: wpa_driver_wext_driver_cmd OK len = 0, 2
06-30 10:11:27.563   342   342 D SAN_SERVICE: *******************************************
06-30 10:11:27.563   342   342 D SAN_SERVICE: DM App Phone Service State - 0
06-30 10:11:27.563   342   342 D SAN_SERVICE: *******************************************
06-30 10:11:28.040   342   342 D SAN_SERVICE: *******************************************
06-30 10:11:28.040   342   342 D SAN_SERVICE: DM App Phone Service State - 0
06-30 10:11:28.040   342   342 D SAN_SERVICE: *******************************************
06-30 10:11:39.485   342   342 D SAN_SERVICE: *******************************************
06-30 10:11:39.485   342   342 D SAN_SERVICE: DM App Phone Service State - 0
06-30 10:11:39.485   342   342 D SAN_SERVICE: *******************************************
06-30 10:11:40.235   342   342 D SAN_SERVICE: *******************************************
06-30 10:11:40.235   342   342 D SAN_SERVICE: DM App Phone Service State - 0
06-30 10:11:40.235   342   342 D SAN_SERVICE: *******************************************
06-30 10:12:02.024 15023 15036 I PhoneLab-: Service Running
06-30 10:12:02.090 15023 15036 I PhoneLab-LoggerService: app_38    2630  1     924    488   c00f181c 400107b4 S logcat
06-30 10:12:02.094 15023 15036 I PhoneLab-LoggerService: app_38    30500 1     1064   660   c00f181c 400107b4 S logcat
06-30 10:12:02.094 15023 15036 I PhoneLab-LoggerService: Logcat pid from database 2630
06-30 10:12:02.094 15023 15036 I PhoneLab-LoggerService: Logcat process found 2630
06-30 10:12:02.094 15023 15036 I PhoneLab-LoggerService: Checking Threshold
06-30 10:12:02.094 15023 15036 I PhoneLab-LoggerService: Starting to rename files
06-30 10:12:02.094 15023 15036 I PhoneLab-LoggerService: Files found .. 3
06-30 10:13:06.368 14945 14948 D dalvikvm: GC_CONCURRENT freed 373K, 12% free 10428K/11847K, paused 2ms+2ms
06-30 10:13:15.067   342   342 D SAN_SERVICE: *******************************************
06-30 10:13:15.067   342   342 D SAN_SERVICE: DM App Phone Service State - 0
06-30 10:13:15.067   342   342 D SAN_SERVICE: *******************************************
06-30 10:13:15.255   342   342 D SAN_SERVICE: *******************************************
06-30 10:13:15.255   342   342 D SAN_SERVICE: DM App Phone Service State - 0
06-30 10:13:15.255   342   342 D SAN_SERVICE: *******************************************
06-30 10:13:25.274   342   342 D SAN_SERVICE: *******************************************
06-30 10:13:25.274   342   342 D SAN_SERVICE: DM App Phone Service State - 0
06-30 10:13:25.274   342   342 D SAN_SERVICE: *******************************************
06-30 10:13:25.520   342   342 D SAN_SERVICE: *******************************************
06-30 10:13:25.520   342   342 D SAN_SERVICE: DM App Phone Service State - 0
06-30 10:13:25.520   342   342 D SAN_SERVICE: *******************************************
06-30 10:13:26.294   342   342 D SAN_SERVICE: *******************************************
06-30 10:13:26.294   342   342 D SAN_SERVICE: DM App Phone Service State - 0
06-30 10:13:26.294   342   342 D SAN_SERVICE: *******************************************
06-30 10:13:42.325   342   342 D SAN_SERVICE: *******************************************
06-30 10:13:42.325   342   342 D SAN_SERVICE: DM App Phone Service State - 0
06-30 10:13:42.325   342   342 D SAN_SERVICE: *******************************************
06-30 10:13:42.368 26576 26578 D dalvikvm: GC_CONCURRENT freed 638K, 11% free 11288K/12679K, paused 6ms+3ms
06-30 10:14:02.024 15023 15036 I PhoneLab-: Service Running
06-30 10:14:02.090 15023 15036 I PhoneLab-LoggerService: app_38    2630  1     924    488   c00f181c 400107b4 S logcat
06-30 10:14:02.094 15023 15036 I PhoneLab-LoggerService: app_38    30500 1     1064   660   c00f181c 400107b4 S logcat
06-30 10:14:02.094 15023 15036 I PhoneLab-LoggerService: Logcat pid from database 2630
06-30 10:14:02.094 15023 15036 I PhoneLab-LoggerService: Logcat process found 2630
06-30 10:14:02.094 15023 15036 I PhoneLab-LoggerService: Checking Threshold
06-30 10:14:02.094 15023 15036 I PhoneLab-LoggerService: Starting to rename files
06-30 10:14:02.094 15023 15036 I PhoneLab-LoggerService: Files found .. 3
06-30 10:14:37.301   342   342 D SAN_SERVICE: *******************************************
06-30 10:14:37.301   342   342 D SAN_SERVICE: DM App Phone Service State - 0
06-30 10:14:37.301   342   342 D SAN_SERVICE: *******************************************
06-30 10:14:47.235   342   342 D SAN_SERVICE: *******************************************
06-30 10:14:47.235   342   342 D SAN_SERVICE: DM App Phone Service State - 0
06-30 10:14:47.235   342   342 D SAN_SERVICE: *******************************************
06-30 10:14:47.446   342   342 D SAN_SERVICE: *******************************************
06-30 10:14:47.446   342   342 D SAN_SERVICE: DM App Phone Service State - 0
06-30 10:14:47.446   342   342 D SAN_SERVICE: *******************************************
06-30 10:14:58.965 15023 15023 I PhoneLab-Locks: wake lock acquired
06-30 10:14:58.993 15023 15883 I PhoneLab-PeriodicCheckService: User info is synched
06-30 10:14:58.993 15023 15883 I PhoneLab-PeriodicCheckService: Logger Service is running
06-30 10:14:58.997 15023 15883 I PhoneLab-Locks: wake lock acquired
06-30 10:14:58.997 15023 15023 I PhoneLab-UploadLogs: Transfering log files now
06-30 10:14:59.001 15023 15883 I PhoneLab-PeriodicCheckService: Rescheduling periodic checking...
06-30 10:14:59.001 15023 15883 I PhoneLab-Locks: wake lock released
06-30 10:14:59.040 15023 15025 D dalvikvm: GC_CONCURRENT freed 427K, 15% free 9260K/10823K, paused 2ms+2ms
06-30 10:14:59.075 15023 15023 D dalvikvm: GC_FOR_ALLOC freed 271K, 14% free 9352K/10823K, paused 15ms
06-30 10:14:59.090 15023 15023 D dalvikvm: GC_FOR_ALLOC freed 120K, 13% free 9480K/10823K, paused 12ms
06-30 10:14:59.118 15023 15023 I PhoneLab-UploadLogs: OnStartCommand
06-30 10:14:59.122 15023 15025 D dalvikvm: GC_CONCURRENT freed 249K, 10% free 9742K/10823K, paused 2ms+2ms
06-30 10:14:59.200 15023 15885 D dalvikvm: GC_FOR_ALLOC freed 357K, 11% free 9712K/10823K, paused 25ms
06-30 10:14:59.223 15023 15885 D dalvikvm: GC_FOR_ALLOC freed 301K, 11% free 9712K/10823K, paused 20ms
06-30 10:14:59.239 15023 15885 D dalvikvm: GC_FOR_ALLOC freed 301K, 11% free 9713K/10823K, paused 12ms
06-30 10:15:00.833 15023 15023 I PhoneLab-: 1341064922108.log is deleted
06-30 10:15:00.833 15023 15023 I PhoneLab-: Response: {"data": "done", "err": ""}
06-30 10:15:00.907 15023 15025 D dalvikvm: GC_CONCURRENT freed 952K, 15% free 9248K/10823K, paused 1ms+2ms
