E/GTalkService(  287): connectionClosed: no XMPPConnection - That's strange!
D/ConnectivityService(  156): handleInetConditionHoldEnd: net=1, condition=0, published condition=0
I/PhoneLab-PeriodicCheckService(  512): Sending Heartbeat message 
I/PhoneLab-PeriodicCheckService(  512): Post URI is:: http://107.22.187.240/devicestatus/
I/PhoneLab-PeriodicCheckService(  512): Heartbeat message successfully sent : 
I/PhoneLab-PeriodicCheckService(  512): Rescheduling periodic checking...
I/PhoneLab-Locks(  512): wake lock released
I/GTalkService/c(  287): [AndroidEndpoint@1094342392] connect: acct=1000000, state=CONNECTING
I/GTalkService/c(  287): [GTalkConnection@1095084064] connect: acct=1, state=CONNECTING
I/GTalkService/c(  287): [GTalkConnection@1095074496] connect: acct=2, state=CONNECTING
I/PhoneLab-(  512): Service Running
I/PhoneLab-LoggerService(  512): app_36    1156  512   1444   1076  c00f181c 400107b4 S logcat
I/PhoneLab-LoggerService(  512): Logcat pid from database 1156
I/PhoneLab-LoggerService(  512): Logcat process found 1156
I/PhoneLab-LoggerService(  512): Checking Threshold
I/PhoneLab-LoggerService(  512): Starting to rename files
I/PhoneLab-LoggerService(  512): Files found .. 26
I/PhoneLab-LoggerService(  512): File 23 log.out.1
I/PhoneLab-LoggerService(  512): Renamed successfully
E/GTalkService(  287): connectionClosed: no XMPPConnection - That's strange!
E/GTalkService(  287): connectionClosed: no XMPPConnection - That's strange!
E/GTalkService(  287): connectionClosed: no XMPPConnection - That's strange!
D/ConnectivityService(  156): handleInetConditionHoldEnd: net=1, condition=0, published condition=0
I/PhoneLab-(  512): Service Running
I/PhoneLab-LoggerService(  512): app_36    1156  512   1444   1076  c00f181c 400107b4 S logcat
I/PhoneLab-LoggerService(  512): Logcat pid from database 1156
I/PhoneLab-LoggerService(  512): Logcat process found 1156
I/PhoneLab-LoggerService(  512): Checking Threshold
I/PhoneLab-LoggerService(  512): Starting to rename files
I/PhoneLab-LoggerService(  512): Files found .. 26
D/dalvikvm(  722): GC_CONCURRENT freed 419K, 6% free 10207K/10759K, paused 2ms+2ms
I/PhoneLab-(  512): Service Running
D/dalvikvm(  512): GC_CONCURRENT freed 375K, 6% free 9180K/9671K, paused 1ms+2ms
I/PhoneLab-LoggerService(  512): app_36    1156  512   1444   1076  c00f181c 400107b4 S logcat
I/PhoneLab-LoggerService(  512): Logcat pid from database 1156
I/PhoneLab-LoggerService(  512): Logcat process found 1156
I/PhoneLab-LoggerService(  512): Checking Threshold
I/PhoneLab-LoggerService(  512): Starting to rename files
I/PhoneLab-LoggerService(  512): Files found .. 26
I/GTalkService/c(  287): [AndroidEndpoint@1094342392] connect: acct=1000000, state=CONNECTING
I/GTalkService/c(  287): [GTalkConnection@1095084064] connect: acct=1, state=CONNECTING
I/GTalkService/c(  287): [GTalkConnection@1095074496] connect: acct=2, state=CONNECTING
I/PhoneLab-Locks(  512): wake lock acquired
I/PhoneLab-PeriodicCheckService(  512): User info is synched
I/PhoneLab-PeriodicCheckService(  512): Logger Service is running
I/PhoneLab-Locks(  512): wake lock acquired
I/PhoneLab-UploadLogs(  512): Transfering log files now
V/PhoneLab-PeriodicCheckService(  512): Sleeping for  186000
D/dalvikvm(  156): GC_CONCURRENT freed 1269K, 10% free 13454K/14919K, paused 18ms+5ms
V/PhoneLab-UploadLogs(  512): Posting logs now 
D/dalvikvm(  512): GC_CONCURRENT freed 484K, 6% free 9241K/9799K, paused 1ms+2ms
I/PhoneLab-UploadLogs(  512): OnStartCommand
D/dalvikvm(  512): GC_FOR_ALLOC freed 156K, 7% free 9217K/9863K, paused 55ms
I/PhoneLab-(  512): 1343676008000.log is deleted
I/PhoneLab-(  512): Response: {"data": "done", "err": ""}
V/PhoneLab-UploadLogs(  512): Posting logs now 
D/dalvikvm(  512): GC_CONCURRENT freed 444K, 6% free 9284K/9863K, paused 2ms+2ms
I/PhoneLab-(  512): 1343676007975.log is deleted
I/PhoneLab-(  512): Response: {"data": "done", "err": ""}
V/PhoneLab-UploadLogs(  512): Posting logs now 
D/dalvikvm(  512): GC_CONCURRENT freed 571K, 7% free 9235K/9927K, paused 2ms+2ms
I/PhoneLab-(  512): 1343676007993.log is deleted
I/PhoneLab-(  512): Response: {"data": "done", "err": ""}
V/PhoneLab-UploadLogs(  512): Posting logs now 
D/dalvikvm(  512): GC_CONCURRENT freed 521K, 8% free 9226K/9927K, paused 1ms+2ms
D/dalvikvm(  512): GC_CONCURRENT freed 388K, 7% free 9251K/9927K, paused 12ms+2ms
I/PhoneLab-(  512): 1343676247923.log is deleted
I/PhoneLab-(  512): Response: {"data": "done", "err": ""}
I/PhoneLab-UploadLogs(  512): No log files to transfer
I/PhoneLab-Locks(  512): wake lock released
E/GTalkService(  287): connectionClosed: no XMPPConnection - That's strange!
E/GTalkService(  287): connectionClosed: no XMPPConnection - That's strange!
E/GTalkService(  287): connectionClosed: no XMPPConnection - That's strange!
D/ConnectivityService(  156): handleInetConditionHoldEnd: net=1, condition=0, published condition=0
I/PhoneLab-(  512): Service Running
I/PhoneLab-LoggerService(  512): app_36    1156  512   1444   1076  c00f181c 400107b4 S logcat
I/PhoneLab-LoggerService(  512): Logcat pid from database 1156
I/PhoneLab-LoggerService(  512): Logcat process found 1156
I/PhoneLab-LoggerService(  512): Checking Threshold
I/PhoneLab-PeriodicCheckService(  512): Sending Heartbeat message 
I/PhoneLab-PeriodicCheckService(  512): Post URI is:: http://107.22.187.240/devicestatus/
I/PhoneLab-PeriodicCheckService(  512): Heartbeat message successfully sent : 
I/PhoneLab-PeriodicCheckService(  512): Rescheduling periodic checking...
I/PhoneLab-Locks(  512): wake lock released
I/PhoneLab-(  512): Service Running
I/PhoneLab-LoggerService(  512): app_36    1156  512   1444   1076  c00f181c 400107b4 S logcat
I/PhoneLab-LoggerService(  512): Logcat pid from database 1156
I/PhoneLab-LoggerService(  512): Logcat process found 1156
I/PhoneLab-LoggerService(  512): Checking Threshold
W/ActivityManager(  156): Timeout of broadcast BroadcastRecord{41866ee8 com.android.server.action.NETWORK_STATS_POLL} - receiver=android.app.LoadedApk$ReceiverDispatcher$InnerReceiver@41605938, started 10002ms ago
W/ActivityManager(  156): Receiver during timeout: BroadcastFilter{41605b40 ReceiverList{41605ac8 156 system/1000 local:41605938}}
W/NetworkStats(  156): dropping UID delta from unknown iface: iface=rmnet0 uid=0 set=DEFAULT tag=0x0 rxBytes=0 rxPackets=0 txBytes=65 txPackets=1 operations=0
W/ActivityManager(  156): finishReceiver called but no pending broadcasts
I/GTalkService/c(  287): [AndroidEndpoint@1094342392] connect: acct=1000000, state=CONNECTING
I/GTalkService/c(  287): [GTalkConnection@1095084064] connect: acct=1, state=CONNECTING
I/GTalkService/c(  287): [GTalkConnection@1095074496] connect: acct=2, state=CONNECTING
I/PhoneLab-(  512): Service Running
I/PhoneLab-LoggerService(  512): app_36    1156  512   1444   1076  c00f181c 400107b4 S logcat
I/PhoneLab-LoggerService(  512): Logcat pid from database 1156
I/PhoneLab-LoggerService(  512): Logcat process found 1156
I/PhoneLab-LoggerService(  512): Checking Threshold
E/GTalkService(  287): connectionClosed: no XMPPConnection - That's strange!
D/dalvikvm(  287): GC_EXPLICIT freed 245K, 5% free 9889K/10375K, paused 2ms+3ms
E/GTalkService(  287): connectionClosed: no XMPPConnection - That's strange!
E/GTalkService(  287): connectionClosed: no XMPPConnection - That's strange!
D/ConnectivityService(  156): handleInetConditionHoldEnd: net=1, condition=0, published condition=0
I/PhoneLab-(  512): Service Running
I/PhoneLab-LoggerService(  512): app_36    1156  512   1444   1076  c00f181c 400107b4 S logcat
I/PhoneLab-LoggerService(  512): Logcat pid from database 1156
I/PhoneLab-LoggerService(  512): Logcat process found 1156
I/PhoneLab-LoggerService(  512): Checking Threshold
I/PhoneLab-Locks(  512): wake lock acquired
I/PhoneLab-PeriodicCheckService(  512): User info is synched
I/PhoneLab-PeriodicCheckService(  512): Logger Service is running
I/PhoneLab-Locks(  512): wake lock acquired
I/PhoneLab-UploadLogs(  512): Transfering log files now
I/PhoneLab-UploadLogs(  512): No log files to transfer
I/PhoneLab-Locks(  512): wake lock released
I/PhoneLab-UploadLogs(  512): OnStartCommand
V/PhoneLab-PeriodicCheckService(  512): Sleeping for  118000
I/PhoneLab-(  512): Service Running
D/dalvikvm(  512): GC_CONCURRENT freed 431K, 8% free 9223K/9927K, paused 2ms+2ms
I/PhoneLab-LoggerService(  512): app_36    1156  512   1444   1076  c00f181c 400107b4 S logcat
I/PhoneLab-LoggerService(  512): Logcat pid from database 1156
I/PhoneLab-LoggerService(  512): Logcat process found 1156
I/PhoneLab-LoggerService(  512): Checking Threshold
I/GTalkService/c(  287): [AndroidEndpoint@1094342392] connect: acct=1000000, state=CONNECTING
I/GTalkService/c(  287): [GTalkConnection@1095084064] connect: acct=1, state=CONNECTING
I/GTalkService/c(  287): [GTalkConnection@1095074496] connect: acct=2, state=CONNECTING
I/PhoneLab-PeriodicCheckService(  512): Sending Heartbeat message 
I/PhoneLab-PeriodicCheckService(  512): Post URI is:: http://107.22.187.240/devicestatus/
I/PhoneLab-PeriodicCheckService(  512): Heartbeat message successfully sent : 
I/PhoneLab-PeriodicCheckService(  512): Rescheduling periodic checking...
I/PhoneLab-Locks(  512): wake lock released
I/PhoneLab-(  512): Service Running
I/PhoneLab-LoggerService(  512): app_36    1156  512   1444   1076  c00f181c 400107b4 S logcat
I/PhoneLab-LoggerService(  512): Logcat pid from database 1156
I/PhoneLab-LoggerService(  512): Logcat process found 1156
I/PhoneLab-LoggerService(  512): Checking Threshold
E/GTalkService(  287): connectionClosed: no XMPPConnection - That's strange!
D/dalvikvm(  156): GC_CONCURRENT freed 998K, 10% free 13439K/14919K, paused 19ms+5ms
E/GTalkService(  287): connectionClosed: no XMPPConnection - That's strange!
E/GTalkService(  287): connectionClosed: no XMPPConnection - That's strange!
D/ConnectivityService(  156): handleInetConditionHoldEnd: net=1, condition=0, published condition=0
I/PhoneLab-(  512): Service Running
I/PhoneLab-LoggerService(  512): app_36    1156  512   1444   1076  c00f181c 400107b4 S logcat
I/PhoneLab-LoggerService(  512): Logcat pid from database 1156
I/PhoneLab-LoggerService(  512): Logcat process found 1156
I/PhoneLab-LoggerService(  512): Checking Threshold
I/PhoneLab-(  512): Service Running
I/PhoneLab-LoggerService(  512): app_36    1156  512   1444   1076  c00f181c 400107b4 S logcat
I/PhoneLab-LoggerService(  512): Logcat pid from database 1156
I/PhoneLab-LoggerService(  512): Logcat process found 1156
I/PhoneLab-LoggerService(  512): Checking Threshold
I/GTalkService/c(  287): [AndroidEndpoint@1094342392] connect: acct=1000000, state=CONNECTING
I/GTalkService/c(  287): [GTalkConnection@1095084064] connect: acct=1, state=CONNECTING
I/GTalkService/c(  287): [GTalkConnection@1095074496] connect: acct=2, state=CONNECTING
I/PhoneLab-Locks(  512): wake lock acquired
I/PhoneLab-PeriodicCheckService(  512): User info is synched
I/PhoneLab-PeriodicCheckService(  512): Logger Service is running
I/PhoneLab-Locks(  512): wake lock acquired
I/PhoneLab-UploadLogs(  512): Transfering log files now
I/PhoneLab-UploadLogs(  512): No log files to transfer
I/PhoneLab-Locks(  512): wake lock released
I/PhoneLab-UploadLogs(  512): OnStartCommand
V/PhoneLab-PeriodicCheckService(  512): Sleeping for  132000
E/GTalkService(  287): connectionClosed: no XMPPConnection - That's strange!
E/GTalkService(  287): connectionClosed: no XMPPConnection - That's strange!
E/GTalkService(  287): connectionClosed: no XMPPConnection - That's strange!
D/ConnectivityService(  156): handleInetConditionHoldEnd: net=1, condition=0, published condition=0
I/PhoneLab-(  512): Service Running
I/PhoneLab-LoggerService(  512): app_36    1156  512   1444   1076  c00f181c 400107b4 S logcat
I/PhoneLab-LoggerService(  512): Logcat pid from database 1156
I/PhoneLab-LoggerService(  512): Logcat process found 1156
I/PhoneLab-LoggerService(  512): Checking Threshold
I/ActivityManager(  156): Start proc com.google.android.apps.maps for service com.google.android.apps.maps/com.google.googlenav.prefetch.android.PrefetcherService: pid=1240 uid=10058 gids={3003, 1015}
D/dalvikvm( 1240): GC_CONCURRENT freed 167K, 3% free 9368K/9607K, paused 2ms+2ms
I/ActivityThread( 1240): Pub com.google.android.maps.LayerInfoProvider: com.google.googlenav.layer.LayerInfoProvider
I/ActivityThread( 1240): Pub com.google.android.maps.TrafficAppWidgetProvider: com.google.googlenav.appwidget.traffic.TrafficAppWidgetProvider
I/ActivityThread( 1240): Pub com.google.android.maps.LocalActivePlacesProvider: com.google.googlenav.provider.LocalActivePlacesProvider
I/ActivityThread( 1240): Pub com.google.android.maps.StarredItemProvider: com.google.googlenav.provider.StarredItemProvider
D/dalvikvm( 1240): GC_CONCURRENT freed 173K, 3% free 9699K/9991K, paused 2ms+2ms
I/ActivityThread( 1240): Pub com.google.android.maps.LocalSuggestionProvider: com.google.googlenav.provider.LocalSuggestionProvider
I/ActivityThread( 1240): Pub com.google.android.maps.SearchHistoryProvider: com.google.googlenav.provider.SearchHistoryProvider
I/ActivityThread( 1240): Pub com.google.android.maps.NavigationAvailabilityProvider: com.google.googlenav.provider.NavigationAvailabilityProvider
I/ActivityThread( 1240): Pub com.google.android.maps.SuggestionProvider: com.google.googlenav.suggest.android.SuggestContentProvider
D/dalvikvm( 1240): GC_CONCURRENT freed 227K, 3% free 9947K/10247K, paused 2ms+3ms
D/dalvikvm( 1240): GC_FOR_ALLOC freed 57K, 4% free 10158K/10503K, paused 18ms
D/dalvikvm( 1240): GC_CONCURRENT freed 125K, 3% free 10475K/10759K, paused 2ms+2ms
D/dalvikvm( 1240): GC_FOR_ALLOC freed 62K, 4% free 10677K/11015K, paused 20ms
I/PhoneLab-PeriodicCheckService(  512): Sending Heartbeat message 
I/PhoneLab-PeriodicCheckService(  512): Post URI is:: http://107.22.187.240/devicestatus/
I/PhoneLab-PeriodicCheckService(  512): Heartbeat message successfully sent : 
I/PhoneLab-PeriodicCheckService(  512): Rescheduling periodic checking...
I/PhoneLab-Locks(  512): wake lock released
D/dalvikvm(  512): GC_CONCURRENT freed 429K, 8% free 9214K/9927K, paused 13ms+3ms
I/ActivityManager(  156): No longer want com.android.sprintmenu (pid 770): hidden #16
W/ActivityManager(  156): Scheduling restart of crashed service com.android.sprintmenu/.HiddenPhoneService in 5000ms
D/dalvikvm(  156): GC_FOR_ALLOC freed 652K, 10% free 13432K/14919K, paused 45ms
I/dalvikvm-heap(  156): Grow heap (frag case) to 13.315MB for 129616-byte allocation
D/dalvikvm(  156): GC_FOR_ALLOC freed 14K, 10% free 13544K/15047K, paused 40ms
I/ActivityManager(  156): No longer want com.google.android.gsf.login (pid 259): hidden #16
I/ActivityManager(  156): No longer want com.google.android.apps.maps:NetworkLocationService (pid 722): hidden #17
I/ActivityManager(  156): No longer want com.android.deskclock (pid 611): hidden #16
I/EventLogService(  287): Aggregate from 1343675882238 (log), 1343675882238 (data)
D/dalvikvm(  156): GC_FOR_ALLOC freed 315K, 12% free 13259K/15047K, paused 44ms
W/ActivityManager(  156): Scheduling restart of crashed service com.google.android.apps.maps/com.google.android.location.internal.server.NetworkLocationService in 11718ms
I/ActivityManager(  156): Start proc com.android.sprintmenu for service com.android.sprintmenu/.HiddenPhoneService: pid=1283 uid=1001 gids={3002, 3001, 3003, 1015}
D/dalvikvm( 1283): Debugger has detached; object registry had 1 entries
I/PhoneLab-(  512): Service Running
I/PhoneLab-LoggerService(  512): app_36    1156  512   1444   1076  c00f181c 400107b4 S logcat
I/PhoneLab-LoggerService(  512): Logcat pid from database 1156
I/PhoneLab-LoggerService(  512): Logcat process found 1156
I/PhoneLab-LoggerService(  512): Checking Threshold
I/ActivityManager(  156): Start proc com.google.android.apps.maps:NetworkLocationService for service com.google.android.apps.maps/com.google.android.location.internal.server.NetworkLocationService: pid=1300 uid=10058 gids={3003, 1015}
D/dalvikvm( 1300): Debugger has detached; object registry had 1 entries
I/ActivityManager(  156): No longer want com.android.settings (pid 403): hidden #16
D/dalvikvm( 1300): GC_CONCURRENT freed 176K, 3% free 9360K/9607K, paused 2ms+2ms
D/dalvikvm(  156): GC_EXPLICIT freed 334K, 12% free 13246K/15047K, paused 4ms+5ms
D/dalvikvm( 1300): GC_CONCURRENT freed 190K, 3% free 9710K/9991K, paused 1ms+3ms
D/dalvikvm( 1300): GC_CONCURRENT freed 150K, 3% free 10085K/10311K, paused 2ms+3ms
D/dalvikvm( 1300): GC_CONCURRENT freed 658K, 8% free 9887K/10631K, paused 1ms+2ms
I/dalvikvm( 1300): Total arena pages for JIT: 11
I/dalvikvm( 1300): Total arena pages for JIT: 12
I/dalvikvm( 1300): Total arena pages for JIT: 13
I/dalvikvm( 1300): Total arena pages for JIT: 14
I/dalvikvm( 1300): Total arena pages for JIT: 15
I/dalvikvm( 1300): Total arena pages for JIT: 16
I/dalvikvm( 1300): Total arena pages for JIT: 17
D/dalvikvm( 1300): GC_CONCURRENT freed 226K, 5% free 10101K/10631K, paused 2ms+4ms
I/PhoneLab-(  512): Service Running
I/PhoneLab-LoggerService(  512): app_36    1156  512   1444   1076  c00f181c 400107b4 S logcat
I/PhoneLab-LoggerService(  512): Logcat pid from database 1156
I/PhoneLab-LoggerService(  512): Logcat process found 1156
I/PhoneLab-LoggerService(  512): Checking Threshold
I/GTalkService/c(  287): [AndroidEndpoint@1094342392] connect: acct=1000000, state=CONNECTING
I/GTalkService/c(  287): [GTalkConnection@1095084064] connect: acct=1, state=CONNECTING
I/GTalkService/c(  287): [GTalkConnection@1095074496] connect: acct=2, state=CONNECTING
E/GTalkService(  287): connectionClosed: no XMPPConnection - That's strange!
E/GTalkService(  287): connectionClosed: no XMPPConnection - That's strange!
E/GTalkService(  287): connectionClosed: no XMPPConnection - That's strange!
D/dalvikvm(  287): GC_CONCURRENT freed 364K, 5% free 9940K/10439K, paused 14ms+3ms
D/ConnectivityService(  156): handleInetConditionHoldEnd: net=1, condition=0, published condition=0
I/PhoneLab-(  512): Service Running
I/PhoneLab-LoggerService(  512): app_36    1156  512   1444   1076  c00f181c 400107b4 S logcat
I/PhoneLab-LoggerService(  512): Logcat pid from database 1156
I/PhoneLab-LoggerService(  512): Logcat process found 1156
I/PhoneLab-LoggerService(  512): Checking Threshold
I/PhoneLab-Locks(  512): wake lock acquired
I/PhoneLab-PeriodicCheckService(  512): User info is synched
I/PhoneLab-PeriodicCheckService(  512): Logger Service is running
I/PhoneLab-Locks(  512): wake lock acquired
I/PhoneLab-UploadLogs(  512): Transfering log files now
I/PhoneLab-UploadLogs(  512): No log files to transfer
I/PhoneLab-Locks(  512): wake lock released
I/PhoneLab-UploadLogs(  512): OnStartCommand
V/PhoneLab-PeriodicCheckService(  512): Sleeping for  84000
D/dalvikvm(  225): GC_CONCURRENT freed 437K, 7% free 10091K/10823K, paused 2ms+2ms
I/PhoneLab-(  512): Service Running
I/PhoneLab-LoggerService(  512): app_36    1156  512   1444   1076  c00f181c 400107b4 S logcat
I/PhoneLab-LoggerService(  512): Logcat pid from database 1156
I/PhoneLab-LoggerService(  512): Logcat process found 1156
I/PhoneLab-LoggerService(  512): Checking Threshold
I/PhoneLab-PeriodicCheckService(  512): Sending Heartbeat message 
I/PhoneLab-PeriodicCheckService(  512): Post URI is:: http://107.22.187.240/devicestatus/
I/PhoneLab-PeriodicCheckService(  512): Heartbeat message successfully sent : 
I/PhoneLab-PeriodicCheckService(  512): Rescheduling periodic checking...
I/PhoneLab-Locks(  512): wake lock released
I/wpa_supplicant(  307): wlan0: CTRL-EVENT-DISCONNECTED bssid=00:02:6f:d1:9c:24 reason=0
D/CommandListener(   75): Clearing all IP addresses on wlan0
D/NetUtils(  156): android_net_utils_resetConnections in env=0x12b33b0 clazz=0x4c100001 iface=wlan0 mask=0x3
D/ConnectivityService(  156): ConnectivityChange for WIFI: DISCONNECTED/DISCONNECTED
D/ConnectivityService(  156): Attempting to switch to mobile
D/ConnectivityService(  156): Attempting to switch to WIMAX
D/ConnectivityService(  156): Attempting to switch to BLUETOOTH_TETHER
D/ConnectivityService(  156): resetConnections(wlan0, 3)
I/wpa_supplicant(  307): wlan0: Trying to associate with 00:02:6f:d1:9c:24 (SSID='Hidden' freq=2427 MHz)
I/wpa_supplicant(  307): wlan0: Associated with 00:02:6f:d1:9c:24
I/wpa_supplicant(  307): wlan0: WPA: Key negotiation completed with 00:02:6f:d1:9c:24 [PTK=TKIP GTK=TKIP]
I/wpa_supplicant(  307): wlan0: CTRL-EVENT-CONNECTED - Connection to 00:02:6f:d1:9c:24 completed (reauth) [id=0 id_str=]
D/DhcpInfoInternal(  156): makeLinkProperties with empty dns2!
D/DhcpInfoInternal(  156): makeLinkProperties with empty dns2!
D/ConnectivityService(  156): ConnectivityChange for WIFI: CONNECTED/CONNECTED
I/PhoneLab-WiFiReceiver(  512): Wi-Fi is connected!
I/PhoneLab-WiFiReceiver(  512): SSID: Hidden BSSID: 00:02:6f:d1:9c:24 RSSI: -200 LinkSpeed: -1
I/PhoneLab-Locks(  512): wake lock acquired
I/PhoneLab-UploadLogs(  512): Transfering log files now
I/PhoneLab-UploadLogs(  512): No log files to transfer
I/PhoneLab-Locks(  512): wake lock released
I/PhoneLab-UploadLogs(  512): OnStartCommand
W/NetworkStats(  156): dropping UID delta from unknown iface: iface=wlan0 uid=0 set=DEFAULT tag=0x0 rxBytes=64 rxPackets=1 txBytes=140 txPackets=2 operations=0
D/dalvikvm(  156): GC_CONCURRENT freed 885K, 12% free 13350K/15047K, paused 4ms+6ms
D/Tethering(  156): MasterInitialState.processMessage what=3
I/GTalkService/c(  287): [AndroidEndpoint@1094342392] connect: acct=1000000, state=CONNECTING
I/GTalkService/c(  287): [GTalkConnection@1095084064] connect: acct=1, state=CONNECTING
I/GTalkService/c(  287): [GTalkConnection@1095074496] connect: acct=2, state=CONNECTING
I/MediaUploader( 1046): No need to wake up
I/PhoneLab-WiFiReceiver(  512): Wi-Fi is disconnected!
D/PicasaSyncManager( 1029): active network: NetworkInfo: type: WIFI[], state: CONNECTED/CONNECTED, reason: (unspecified), extra: (none), roaming: false, failover: false, isAvailable: true
D/PicasaSyncManager( 1029): background data: true
D/ConnectivityService(  156): NetTransition Wakelock for WifiStateMachine released by timeout
D/dalvikvm(  287): GC_CONCURRENT freed 343K, 5% free 10036K/10503K, paused 3ms+2ms
D/CountryDetector(  156): The first listener is added
D/dalvikvm(  989): GC_CONCURRENT freed 405K, 6% free 9431K/9927K, paused 2ms+2ms
D/ConnectivityService(  156): handleInetConditionHoldEnd: net=1, condition=100, published condition=0
W/CursorWrapperInner(  989): Cursor finalized without prior close()
W/CursorWrapperInner(  989): Cursor finalized without prior close()
W/CursorWrapperInner(  989): Cursor finalized without prior close()
D/dalvikvm(  459): GC_CONCURRENT freed 333K, 5% free 9576K/9991K, paused 1ms+6ms
D/dalvikvm(  989): GC_CONCURRENT freed 376K, 5% free 9597K/10055K, paused 2ms+5ms
D/GoogleVoice(  989): A notification tickle arrived.
D/dalvikvm(  459): GC_EXPLICIT freed 249K, 4% free 9726K/10055K, paused 2ms+4ms
D/dalvikvm(  989): GC_CONCURRENT freed 340K, 5% free 9760K/10183K, paused 2ms+3ms
I/AudioService(  156):  AudioFocus  requestAudioFocus() from android.media.AudioManager@4157f238
W/System.err(  989): com.google.android.apps.googlevoice.net.VoiceServiceException: Voice service failed [INVALID_AUTH_TOKEN]
W/System.err(  989): 	at com.google.android.apps.googlevoice.net.masf.MASFVoiceService.checkCredentials(MASFVoiceService.java:107)
W/System.err(  989): 	at com.google.android.apps.googlevoice.net.masf.MASFVoiceService.getAuthToken(MASFVoiceService.java:95)
W/System.err(  989): 	at com.google.android.apps.googlevoice.net.masf.MASFFetchRecordingRpc.createRequestPayload(MASFFetchRecordingRpc.java:40)
W/System.err(  989): 	at com.google.android.apps.googlevoice.net.masf.MASFApiRpc.requestSubmit(MASFApiRpc.java:160)
W/System.err(  989): 	at com.google.android.apps.googlevoice.net.masf.MASFApiRpc.run(MASFApiRpc.java:141)
W/System.err(  989): 	at com.googlex.common.task.AbstractTask.run(Unknown Source)
W/System.err(  989): 	at com.googlex.common.task.AbstractTask.runInternal(Unknown Source)
W/System.err(  989): 	at com.googlex.common.task.TaskRunner.run(Unknown Source)
W/System.err(  989): 	at com.googlex.common.lang.BaseThreadFactory$ThreadImpl.run(Unknown Source)
D/AudioHardware(   81): AudioHardware pcm playback is exiting standby.
D/AudioHardware(   81): openPcmOut_l() mPcmOpenCnt: 0
D/Tethering(  156): MasterInitialState.processMessage what=3
D/dalvikvm(  156): GC_EXPLICIT freed 389K, 12% free 13342K/15047K, paused 2ms+14ms
D/dalvikvm(  225): GC_FOR_ALLOC freed 97K, 6% free 10194K/10823K, paused 22ms
I/dalvikvm-heap(  225): Grow heap (frag case) to 10.187MB for 174736-byte allocation
D/dalvikvm(  225): GC_FOR_ALLOC freed 14K, 7% free 10350K/11015K, paused 25ms
D/PicasaSyncManager( 1029): active network: NetworkInfo: type: WIFI[], state: CONNECTED/CONNECTED, reason: (unspecified), extra: (none), roaming: false, failover: false, isAvailable: true
D/PicasaSyncManager( 1029): background data: true
D/dalvikvm(  989): GC_CONCURRENT freed 401K, 5% free 9799K/10311K, paused 1ms+2ms
I/ActivityManager(  156): Start proc com.google.android.gsf.login for service com.google.android.gsf.login/com.google.android.gsf.loginservice.GoogleLoginService: pid=1387 uid=10009 gids={3003, 1015, 1007, 2001, 3006}
D/GoogleVoice(  989): com.google.android.apps.googlevoice.vvm.service.GvVvmService$Handler Handling message 1001
W/System.err(  989): com.google.android.apps.googlevoice.net.VoiceServiceException: Voice service failed [INVALID_AUTH_TOKEN]
W/System.err(  989): 	at com.google.android.apps.googlevoice.net.masf.MASFVoiceService.checkCredentials(MASFVoiceService.java:107)
W/System.err(  989): 	at com.google.android.apps.googlevoice.net.masf.MASFVoiceService.getAuthToken(MASFVoiceService.java:95)
W/System.err(  989): 	at com.google.android.apps.googlevoice.net.masf.MASFCheckinRpc.createRequestPayload(MASFCheckinRpc.java:38)
W/System.err(  989): 	at com.google.android.apps.googlevoice.net.masf.MASFApiRpc.requestSubmit(MASFApiRpc.java:160)
W/System.err(  989): 	at com.google.android.apps.googlevoice.net.masf.MASFApiRpc.run(MASFApiRpc.java:141)
W/System.err(  989): 	at com.googlex.common.task.AbstractTask.run(Unknown Source)
W/System.err(  989): 	at com.googlex.common.task.AbstractTask.runInternal(Unknown Source)
W/System.err(  989): 	at com.googlex.common.task.TaskRunner.run(Unknown Source)
W/System.err(  989): 	at com.googlex.common.lang.BaseThreadFactory$ThreadImpl.run(Unknown Source)
I/MediaUploader( 1046): No need to wake up
D/dalvikvm(   79): GC_EXPLICIT freed 38K, 4% free 9031K/9347K, paused 1ms+7ms
D/dalvikvm(  225): GC_FOR_ALLOC freed 265K, 8% free 10178K/11015K, paused 56ms
D/dalvikvm(   79): GC_EXPLICIT freed <1K, 4% free 9031K/9347K, paused 5ms+8ms
W/GoogleVoice(  989): CheckinHelper: ApiCheckin failed
D/dalvikvm(   79): GC_EXPLICIT freed <1K, 4% free 9031K/9347K, paused 4ms+3ms
D/GoogleVoice(  989): com.google.android.apps.googlevoice.vvm.service.GvVvmService$Handler Handling message 1011
I/GoogleVoice(  989): Deleting all voicemails
I/System.out(  989): [INFO:2254204]: LogSource: Running flush
I/System.out(  989): [INFO:2254233]: LogSource: Sending payload [bytes=423]
D/ConnectivityService(  156): handleInetConditionHoldEnd: net=1, condition=100, published condition=100
I/System.out(  989): [INFO:2254259]: LogSource: Running flush
I/System.out(  989): [INFO:2254261]: LogSource: Sending payload [bytes=398]
I/System.out(  989): [INFO:2254314]: LogSource: Running flush
I/System.out(  989): [INFO:2254315]: LogSource: Sending payload [bytes=473]
D/dalvikvm(  989): GC_CONCURRENT freed 443K, 5% free 9925K/10439K, paused 2ms+3ms
I/Gmail   (  969): MainSyncRequestProto: lowestBkwdConvoId: 0, highestHandledServerOp: 2778575, normalSync: true
I/System.out(  989): [INFO:2254789]: LogSource: Response [http=200,length=241]
I/System.out(  989): [INFO:2254796]: LogSource: Read id 2, status code 200
I/System.out(  989): [INFO:2254809]: LogSource: Read id 1, status code 200
D/ConnectivityService(  156): ConnectivityChange for mobile: CONNECTED/CONNECTED
D/ConnectivityService(  156): ConnectivityChange for mobile: DISCONNECTED/DISCONNECTED
D/ConnectivityService(  156): Attempting to switch to WIFI
D/NetUtils(  156): android_net_utils_resetConnections in env=0x12b33b0 clazz=0x60d00001 iface=rmnet0 mask=0x3
D/ConnectivityService(  156): Attempting to switch to WIMAX
D/ConnectivityService(  156): Attempting to switch to BLUETOOTH_TETHER
D/ConnectivityService(  156): resetConnections(rmnet0, 3)
D/dalvikvm(  352): GC_CONCURRENT freed 410K, 6% free 9514K/10055K, paused 2ms+2ms
I/System.out(  989): [INFO:2255058]: LogSource: Response [http=200,length=22]
I/System.out(  989): [INFO:2255060]: LogSource: Read id 4, status code 200
I/System.out(  989): [INFO:2255063]: LogSource: Response [http=200,length=4094]
I/System.out(  989): [INFO:2255064]: LogSource: Read id 3, status code 200
D/dalvikvm(  989): GC_CONCURRENT freed 419K, 5% free 10077K/10567K, paused 6ms+3ms
I/System.out(  989): [INFO:2255374]: LogSource: Running flush
I/System.out(  989): [INFO:2255375]: LogSource: Sending payload [bytes=387]
I/System.out(  989): [INFO:2255399]: LogSource: Running flush
I/System.out(  989): [INFO:2255400]: LogSource: Sending payload [bytes=386]
D/GoogleVoice(  989): com.google.android.apps.googlevoice.vvm.service.GvVvmService$Handler Handling message 1001
D/dalvikvm(  930): GC_CONCURRENT freed 356K, 5% free 9439K/9927K, paused 1ms+2ms
D/GoogleVoice(  989): com.google.android.apps.googlevoice.vvm.service.GvVvmService$Handler Handling message 1011
I/System.out(  989): [INFO:2255432]: LogSource: Running flush
I/System.out(  989): [INFO:2255435]: LogSource: Running flush
I/System.out(  989): [INFO:2255438]: LogSource: Sending payload [bytes=835]
I/power   (  156): *** set_screen_state 1
I/System.out(  989): [INFO:2255449]: LogSource: Response [http=200,length=224]
I/System.out(  989): [INFO:2255450]: LogSource: Read id 5, status code 200
I/System.out(  989): [INFO:2255481]: LogSource: Response [http=200,length=305]
I/System.out(  989): [INFO:2255489]: LogSource: Read id 6, status code 200
I/GoogleVoice(  989): Deleting all voicemails
I/WindowManager(  156): Lock screen displayed!
W/AppWidgetService(  156): updateAppWidgetProvider: provider doesn't exist: ComponentInfo{com.google.android.apps.googlevoice/com.google.android.apps.googlevoice.widget.WidgetSettingsProvider}
I/System.out(  989): [INFO:2255557]: LogSource: Running flush
I/System.out(  989): [INFO:2255560]: LogSource: Sending payload [bytes=726]
I/AudioService(  156):  AudioFocus  abandonAudioFocus() from android.media.AudioManager@4157f238
W/AppWidgetService(  156): updateAppWidgetProvider: provider doesn't exist: ComponentInfo{com.google.android.apps.googlevoice/com.google.android.apps.googlevoice.widget.WidgetInboxProvider}
