D/EventHub(  166): No input device configuration file found for device 'herring-keypad'.
I/EventHub(  166): New device: id=5, fd=118, path='/dev/input/event2', name='herring-keypad', classes=0x1, configuration='', keyLayout='/system/usr/keylayout/herring-keypad.kl', keyCharacterMap='/system/usr/keychars/herring-keypad.kcm', builtinKeyboard=false
D/EventHub(  166): No input device configuration file found for device 'gyro'.
I/BluetoothProfileState(  166): Message:Entering Stable State
I/BluetoothProfileState(  166): Message:Entering Stable State
I/EventHub(  166): New device: id=7, fd=122, path='/dev/input/event0', name='mxt224_ts_input', classes=0x14, configuration='/system/usr/idc/mxt224_ts_input.idc', keyLayout='', keyCharacterMap='', builtinKeyboard=false
I/InputReader(  166):   Touch device 'mxt224_ts_input' could not query the properties of its associated display 0.  The device will be inoperable until the display size becomes available.
I/InputReader(  166): Device added: id=7, name='mxt224_ts_input', sources=0x00001002
I/InputReader(  166): Device added: id=5, name='herring-keypad', sources=0x00000101
I/InputReader(  166): Device added: id=2, name='cypress-touchkey', sources=0x00000101
I/SystemServer(  166): Input Method Service
D/BluetoothAdapterStateMachine(  166): PowerOff process message: 5
W/InputManagerService(  166): Couldn't create dir.: /data/system/inputmethod
W/ResourceType(  166): Failure getting entry for 0x7f060000 (t=5 e=0) in package 0 (error -75)
I/InputReader(  166): Reconfiguring input devices.  changes=0x00000004
I/InputReader(  166): Device reconfigured: id=7, name='mxt224_ts_input', surface size is now 480x800, mode is 1
I/SystemServer(  166): Accessibility Manager
D/PermissionCache(   78): checking android.permission.ACCESS_SURFACE_FLINGER for uid=1000 => granted (279 us)
I/ActivityManager(  166): Config changed: {1.0 0mcc0mnc en_US layoutdir=0 sw320dp w320dp h508dp nrml long port ?uimode ?night finger -keyb/v/h -nav/h s.2}
I/dalvikvm(  166): DexOpt: source file CRC mismatch (4bc62bcd vs 52283805)
I/PackageManager(  166): Running dexopt on: edu.buffalo.cse.phonelab.phonelabservices
I/SurfaceFlinger(   78): Boot is finished (34396 ms)
I/bluedroid(  166): Starting hciattach daemon
I/bluedroid(  166): bt_enable: ret: -1, errno: 19
I/bluedroid(  166): bt_enable: ret: -1, errno: 19
I/bluedroid(  166): bt_enable: ret: -1, errno: 19
D/dalvikvm(  230): DexOpt: load 20ms, verify+opt 166ms
I/bluedroid(  166): bt_enable: ret: -1, errno: 19
I/PackageManager(  166): Running dexopt on: com.google.android.gm
I/bluedroid(  166): bt_enable: ret: -1, errno: 19
I/bluedroid(  166): bt_enable: ret: -1, errno: 19
I/bluedroid(  166): bt_enable: ret: -1, errno: 19
I/bluedroid(  166): bt_enable: ret: -1, errno: 19
I/bluedroid(  166): bt_enable: ret: -1, errno: 19
I/bluedroid(  166): bt_enable: ret: -1, errno: 19
I/bluedroid(  166): bt_enable: ret: -1, errno: 19
I/bluedroid(  166): bt_enable: ret: -1, errno: 19
I/bluedroid(  166): bt_enable: ret: -1, errno: 19
I/bluedroid(  166): bt_enable: ret: -1, errno: 19
I/bluedroid(  166): bt_enable: ret: -1, errno: 19
I/bluedroid(  166): bt_enable: ret: -1, errno: 19
D/dalvikvm(  232): DexOpt: load 158ms, verify+opt 801ms
I/bluedroid(  166): bt_enable: ret: -1, errno: 19
I/bluedroid(  166): bt_enable: ret: -1, errno: 19
E/brcm_patchram_plus(  231): Done setting line discpline
I/bluedroid(  166): bt_enable: ret: 0, errno: 19
I/bluedroid(  166): Starting bluetoothd deamon
E/BluetoothEventLoop.cpp(  166): get_adapter_path: D-Bus error: org.freedesktop.DBus.Error.ServiceUnknown (The name org.bluez was not provided by any .service files)
E/BluetoothEventLoop.cpp(  166): get_adapter_path: D-Bus error: org.freedesktop.DBus.Error.ServiceUnknown (The name org.bluez was not provided by any .service files)
E/BluetoothEventLoop.cpp(  166): get_adapter_path: D-Bus error: org.freedesktop.DBus.Error.ServiceUnknown (The name org.bluez was not provided by any .service files)
E/BluetoothEventLoop.cpp(  166): get_adapter_path: D-Bus error: org.freedesktop.DBus.Error.ServiceUnknown (The name org.bluez was not provided by any .service files)
E/BluetoothEventLoop.cpp(  166): get_adapter_path: D-Bus error: org.freedesktop.DBus.Error.ServiceUnknown (The name org.bluez was not provided by any .service files)
E/BluetoothEventLoop.cpp(  166): get_adapter_path: D-Bus error: org.freedesktop.DBus.Error.ServiceUnknown (The name org.bluez was not provided by any .service files)
I/PackageManager(  166): Running dexopt on: com.estrongs.android.pop
E/BluetoothEventLoop.cpp(  166): get_adapter_path: D-Bus error: org.bluez.Error.NoSuchAdapter (No such adapter)
E/BluetoothEventLoop.cpp(  166): failure setting up Event Loop!
D/dalvikvm(  241): DexOpt: 'Landroid/net/http/SslError;' has an earlier definition; blocking out
D/dalvikvm(  241): DexOpt: 'Landroid/webkit/WebViewClient;' has an earlier definition; blocking out
D/dalvikvm(  241): DexOpt: 'Lorg/apache/commons/logging/LogFactory;' has an earlier definition; blocking out
D/dalvikvm(  241): DexOpt: not verifying/optimizing 'Landroid/net/http/SslError;': multiple definitions
D/dalvikvm(  241): DexOpt: not verifying/optimizing 'Landroid/webkit/WebViewClient;': multiple definitions
E/BluetoothService.cpp(  166): setBluetoothTetheringNative true
D/BluetoothEventLoop(  166): Property Changed: UUIDs : 6
D/BluetoothEventLoop(  166): Property Changed: UUIDs : 7
D/BluetoothEventLoop(  166): Property Changed: UUIDs : 8
D/BluetoothEventLoop(  166): Property Changed: UUIDs : 9
D/BluetoothEventLoop(  166): Property Changed: Pairable : false
D/BluetoothEventLoop(  166): Property Changed: Powered : false
D/BluetoothAdapterStateMachine(  166): WarmUp process message: 54
D/BluetoothEventLoop(  166): Property Changed: UUIDs : 10
D/BluetoothAdapterStateMachine(  166): WarmUp process message: 51
D/dalvikvm(  166): GC_CONCURRENT freed 394K, 5% free 11378K/11911K, paused 2ms+7ms
I/dalvikvm(  241): DexOpt: not resolving ambiguous class 'Landroid/webkit/WebViewClient;'
I/dalvikvm(  241): DexOpt: not resolving ambiguous class 'Landroid/webkit/WebViewClient;'
I/dalvikvm(  241): DexOpt: not resolving ambiguous class 'Landroid/webkit/WebViewClient;'
I/dalvikvm(  241): DexOpt: not resolving ambiguous class 'Landroid/webkit/WebViewClient;'
I/dalvikvm(  241): DexOpt: not resolving ambiguous class 'Lorg/apache/commons/logging/LogFactory;'
I/dalvikvm(  241): DexOpt: not resolving ambiguous class 'Lorg/apache/commons/logging/LogFactory;'
I/dalvikvm(  241): DexOpt: not resolving ambiguous class 'Lorg/apache/commons/logging/LogFactory;'
I/dalvikvm(  241): DexOpt: not resolving ambiguous class 'Lorg/apache/commons/logging/LogFactory;'
I/dalvikvm(  241): DexOpt: not resolving ambiguous class 'Lorg/apache/commons/logging/LogFactory;'
I/dalvikvm(  241): DexOpt: not resolving ambiguous class 'Lorg/apache/commons/logging/LogFactory;'
I/dalvikvm(  241): DexOpt: not resolving ambiguous class 'Lorg/apache/commons/logging/LogFactory;'
I/dalvikvm(  241): DexOpt: not resolving ambiguous class 'Lorg/apache/commons/logging/LogFactory;'
I/dalvikvm(  241): DexOpt: not resolving ambiguous class 'Lorg/apache/commons/logging/LogFactory;'
I/dalvikvm(  241): DexOpt: not resolving ambiguous class 'Lorg/apache/commons/logging/LogFactory;'
D/dalvikvm(  241): DexOpt: not verifying/optimizing 'Lorg/apache/commons/logging/LogFactory;': multiple definitions
I/dalvikvm(  241): DexOpt: not resolving ambiguous class 'Lorg/apache/commons/logging/LogFactory;'
I/dalvikvm(  241): DexOpt: not resolving ambiguous class 'Lorg/apache/commons/logging/LogFactory;'
I/dalvikvm(  241): DexOpt: not resolving ambiguous class 'Lorg/apache/commons/logging/LogFactory;'
I/dalvikvm(  241): DexOpt: not resolving ambiguous class 'Lorg/apache/commons/logging/LogFactory;'
I/dalvikvm(  241): DexOpt: not resolving ambiguous class 'Lorg/apache/commons/logging/LogFactory;'
I/dalvikvm(  241): DexOpt: not resolving ambiguous class 'Lorg/apache/commons/logging/LogFactory;'
I/dalvikvm(  241): DexOpt: not resolving ambiguous class 'Lorg/apache/commons/logging/LogFactory;'
I/dalvikvm(  241): DexOpt: not resolving ambiguous class 'Lorg/apache/commons/logging/LogFactory;'
I/dalvikvm(  241): DexOpt: not resolving ambiguous class 'Lorg/apache/commons/logging/LogFactory;'
I/dalvikvm(  241): DexOpt: not resolving ambiguous class 'Lorg/apache/commons/logging/LogFactory;'
I/dalvikvm(  241): DexOpt: not resolving ambiguous class 'Lorg/apache/commons/logging/LogFactory;'
I/dalvikvm(  241): DexOpt: not resolving ambiguous class 'Lorg/apache/commons/logging/LogFactory;'
I/dalvikvm(  241): DexOpt: not resolving ambiguous class 'Lorg/apache/commons/logging/LogFactory;'
I/dalvikvm(  241): DexOpt: not resolving ambiguous class 'Lorg/apache/commons/logging/LogFactory;'
I/dalvikvm(  241): DexOpt: not resolving ambiguous class 'Lorg/apache/commons/logging/LogFactory;'
D/dalvikvm(  241): DexOpt: load 204ms, verify+opt 1729ms
I/PackageManager(  166): Running dexopt on: com.android.chrome
D/dalvikvm(  243): DexOpt: load 198ms, verify+opt 1092ms
I/PackageManager(  166): Running dexopt on: com.melodis.midomiMusicIdentifier.freemium
D/dalvikvm(  244): DexOpt: load 314ms, verify+opt 1739ms
I/PackageManager(  166): Running dexopt on: com.google.android.apps.googlevoice
D/dalvikvm(  245): DexOpt: load 181ms, verify+opt 1385ms
I/PackageManager(  166): Running dexopt on: com.google.android.apps.maps
D/dalvikvm(  246): DexOpt: load 435ms, verify+opt 3258ms
I/PackageManager(  166): Running dexopt on: com.skype.raider
D/dalvikvm(  247): DexOpt: load 166ms, verify+opt 1276ms
I/PackageManager(  166): Running dexopt on: com.exavore.rokumote
D/dalvikvm(  248): DexOpt: load 62ms, verify+opt 149ms
I/PackageManager(  166): Running dexopt on: com.roku.remote
D/dalvikvm(  249): DexOpt: load 69ms, verify+opt 181ms
I/SystemServer(  166): Device Policy
I/SystemServer(  166): Status Bar
I/SystemServer(  166): Clipboard Service
I/SystemServer(  166): NetworkManagement Service
I/SystemServer(  166): Text Service Manager Service
I/SystemServer(  166): NetworkStats Service
I/SystemServer(  166): NetworkPolicy Service
I/SystemServer(  166): Wi-Fi P2pService
I/SystemServer(  166): Wi-Fi Service
E/CommandListener(   75): Failed to open /proc/sys/net/ipv6/conf/wlan0/disable_ipv6: No such file or directory
E/WifiStateMachine(  166): Failed to disable IPv6: java.lang.IllegalStateException: Unable to communicate to native daemon for disabling ipv6
I/SystemServer(  166): Connectivity Service
D/ConnectivityService(  166): ConnectivityService starting up
E/ConnectivityService(  166): Ignoring protectedNetwork 10
E/ConnectivityService(  166): Ignoring protectedNetwork 11
E/ConnectivityService(  166): Ignoring protectedNetwork 12
D/ConnectivityService(  166): wimaxJarLocation: /vendor/lib/wimax_service.jar
D/dalvikvm(  166): DexOpt: --- BEGIN 'wimax_service.jar' (bootstrap=0) ---
D/dalvikvm(  258): DexOpt: load 9ms, verify+opt 85ms
D/dalvikvm(  166): DexOpt: --- END 'wimax_service.jar' (success) ---
D/dalvikvm(  166): DEX prep '/vendor/lib/wimax_service.jar': unzip in 34ms, rewrite 180ms
D/ConnectivityService(  166): Starting Wimax Service... 
I/dalvikvm(  166): Could not find method android.net.InterfaceConfiguration.setLinkAddress, referenced from method android.net.fourG.wimax.WimaxStateTracker.configureInterface
W/dalvikvm(  166): VFY: unable to resolve virtual method 45: Landroid/net/InterfaceConfiguration;.setLinkAddress (Landroid/net/LinkAddress;)V
D/dalvikvm(  166): VFY: replacing opcode 0x6e at 0x0042
E/MobileDataStateTracker(  166): default: Ignoring feature request because could not acquire PhoneService
E/MobileDataStateTracker(  166): default: Could not enable APN type "default"
D/NetworkManagementService(  166): Registering observer
D/NetworkManagementService(  166): Registering observer
I/WifiService(  166): WifiService starting up with Wi-Fi enabled
I/SystemServer(  166): Throttle Service
I/SystemServer(  166): Mount Service
D/MountService(  166): got storage path: /mnt/sdcard description: USB storage primary: true removable: false emulated: false mtpReserve: 0 allowMassStorage: true maxFileSize: 4294967296
I/SystemServer(  166): Notification Manager
I/SystemServer(  166): Device Storage Monitor
I/SystemServer(  166): Location Manager
I/SystemServer(  166): Country Detector
I/SystemServer(  166): Search Service
I/SystemServer(  166): DropBox Service
I/SystemServer(  166): Wallpaper Service
I/SystemServer(  166): Audio Service
D/VoldCmdListener(   72): volume list
I/PackageManager(  166): Updating external media status from unmounted to unmounted
D/MountService(  166): volume state changed for /mnt/sdcard (null -> unmounted)
D/AudioHardware(   81): ### setVoiceVolume_l
I/SystemServer(  166): Dock Observer
D/dalvikvm(  166): GC_CONCURRENT freed 220K, 3% free 11803K/12103K, paused 2ms+4ms
I/SystemServer(  166): Wired Accessory Observer
I/SystemServer(  166): USB Service
I/SystemServer(  166): UI Mode Manager Service
I/SystemServer(  166): Backup Service
V/BackupManagerService(  166): Initializing package tracking
V/BackupManagerService(  166): addPackageParticipantsLocked: all
V/BackupManagerService(  166): Registering transport android/com.android.internal.backup.LocalTransport = com.android.internal.backup.LocalTransport@41632638
V/BackupManagerService(  166): Starting with transport android/com.android.internal.backup.LocalTransport
V/BackupManagerService(  166): Binding to Google transport
I/BackupManagerService(  166): Backup enabled => true
I/SystemServer(  166): AppWidget Service
I/SystemServer(  166): Recognition Service
I/SystemServer(  166): DiskStats Service
I/SystemServer(  166): SamplingProfiler Service
I/WindowManager(  166): SAFE MODE not enabled
D/dalvikvm(  166): JIT started for system_server
I/SystemServer(  166): NetworkTimeUpdateService
D/PowerManagerService(  166): system ready!
I/ActivityManager(  166): Sending system update to: ComponentInfo{com.android.providers.calendar/com.android.providers.calendar.CalendarUpgradeReceiver}
I/ActivityManager(  166): Sending system update to: ComponentInfo{com.android.providers.contacts/com.android.providers.contacts.ContactsUpgradeReceiver}
I/ActivityManager(  166): Sending system update to: ComponentInfo{com.android.providers.media/com.android.providers.media.MediaUpgradeReceiver}
I/SystemServer(  166): Enabled StrictMode for system server main thread.
D/dalvikvm(  166): GC_CONCURRENT freed 615K, 6% free 11921K/12615K, paused 3ms+5ms
I/Zygote  (  166): Process: zygote socket opened
D/dalvikvm(  166): GC_FOR_ALLOC freed 113K, 6% free 12034K/12743K, paused 53ms
I/ActivityManager(  166): Start proc com.android.providers.calendar for broadcast com.android.providers.calendar/.CalendarUpgradeReceiver: pid=275 uid=10006 gids={3003, 1015}
I/ActivityManager(  166): Launching preboot mode app: ProcessRecord{415461a0 275:com.android.providers.calendar/10006}
D/dalvikvm(  166): GC_FOR_ALLOC freed 9K, 6% free 12138K/12871K, paused 38ms
V/BackupManagerService(  166): Connected to Google transport
V/BackupManagerService(  166): Registering transport com.google.android.backup/.BackupTransportService = com.google.android.backup.BackupTransportService$1@416712c0
D/dalvikvm(  166): GC_FOR_ALLOC freed 89K, 6% free 12244K/12999K, paused 40ms
D/dalvikvm(  166): GC_FOR_ALLOC freed 5K, 6% free 12345K/13127K, paused 40ms
V/TransportControlView(  166): Create TCV com.android.internal.widget.TransportControlView@41547850
I/ActivityManager(  166): Start proc android.process.acore for broadcast com.android.providers.contacts/.ContactsUpgradeReceiver: pid=295 uid=10000 gids={3003, 1015}
I/ActivityManager(  166): Launching preboot mode app: ProcessRecord{41597a20 295:android.process.acore/10000}
D/SoftapController(   75): Softap fwReload - Ok
D/NetworkManagementService(  166): rsp <213 00:90:4c:11:22:33 0.0.0.0 0 [down broadcast multicast]>
D/CommandListener(   75): Setting iface cfg
D/CommandListener(   75): Trying to bring down wlan0
D/CommandListener(   75): broadcast flag ignored
D/CommandListener(   75): multicast flag ignored
D/NetworkManagementService(  166): flags <[down broadcast multicast]>
I/ActivityManager(  166): Start proc android.process.media for broadcast com.android.providers.media/.MediaUpgradeReceiver: pid=310 uid=10012 gids={1015, 1023, 1024, 2001, 3003, 3007}
I/ActivityManager(  166): Launching preboot mode app: ProcessRecord{41597de0 310:android.process.media/10012}
I/ActivityManager(  166): Writing new set of last done pre-boot receivers...
I/ActivityManager(  166): Removing system update proc: ProcessRecord{415461a0 275:com.android.providers.calendar/10006}
I/ActivityManager(  166): Killing proc 275:com.android.providers.calendar/10006: system update done
I/ActivityManager(  166): Removing system update proc: ProcessRecord{41597a20 295:android.process.acore/10000}
I/ActivityManager(  166): Killing proc 295:android.process.acore/10000: system update done
I/ActivityManager(  166): Removing system update proc: ProcessRecord{41597de0 310:android.process.media/10012}
I/ActivityManager(  166): Killing proc 310:android.process.media/10012: system update done
I/ActivityManager(  166): System now ready
I/SystemServer(  166): Making services ready
D/SystemServer(  166): Starting service: Intent { cmp=com.android.systemui/.SystemUIService }
I/ActivityManager(  166): Start proc com.android.systemui for service com.android.systemui/.SystemUIService: pid=326 uid=1000 gids={1015, 3002, 3001, 3003, 3007}
D/NetworkManagementService(  166): enabling bandwidth control
D/SystemUIService(  326): loading: class com.android.systemui.statusbar.phone.PhoneStatusBar
D/SystemUIService(  326): running: com.android.systemui.statusbar.phone.PhoneStatusBar@41347348
D/dalvikvm(  326): GC_CONCURRENT freed 119K, 3% free 9322K/9543K, paused 2ms+7ms
I/StatusBarManagerService(  166): registerStatusBar bar=com.android.internal.statusbar.IStatusBar$Stub$Proxy@414f47a8
D/PhoneStatusBar(  326): disable: < expand icons alerts ticker system_info back home RECENT* clock >
I/wpa_supplicant(  312): rfkill: Cannot open RFKILL control device
D/NetworkManagementService(  166): Registering observer
D/StorageNotification(  326): Startup with UMS connection false (media state unmounted)
D/SystemUIService(  326): loading: class com.android.systemui.power.PowerUI
D/SystemUIService(  326): running: com.android.systemui.power.PowerUI@4131c6f8
I/StorageNotification(  326): UMS connection changed to false (media state unmounted)
D/NetworkManagementService(  166): Registering observer
D/dalvikvm(  166): GC_CONCURRENT freed 493K, 5% free 12683K/13255K, paused 4ms+5ms
I/ActivityManager(  166): Config changed: {1.0 0mcc0mnc en_US layoutdir=0 sw320dp w320dp h508dp nrml long port finger -keyb/v/h -nav/h s.3}
D/WifiService(  166): New client listening to asynchronous messages
I/ActivityManager(  166): Start proc com.android.wallpaper for service com.android.wallpaper/.nexus.NexusWallpaper: pid=378 uid=10026 gids={1006}
W/InputManagerService(  166): Ignoring setImeWindowStatus of uid 1000 token: null
I/ActivityManager(  166): Start proc com.android.inputmethod.latin for service com.android.inputmethod.latin/.LatinIME: pid=390 uid=10052 gids={}
D/NetworkManagementService(  166): Registering observer
W/ThrottleService(  166): unable to find stats for iface rmnet0
I/ActivityManager(  166): Start proc com.android.phone for added application com.android.phone: pid=410 uid=1001 gids={3002, 3001, 3003, 1015}
I/ActivityManager(  166): Start proc com.android.nfc for added application com.android.nfc: pid=428 uid=1027 gids={3002, 3001}
I/ActivityManager(  166): START {act=android.intent.action.MAIN cat=[android.intent.category.HOME] flg=0x10000000 cmp=com.android.launcher/com.android.launcher2.Launcher} from pid 0
I/ActivityManager(  166): Start proc com.android.launcher for activity com.android.launcher/com.android.launcher2.Launcher: pid=443 uid=10025 gids={}
V/RenderScript(  378): rsContextCreateGL dev=0xa25940
V/RenderScript(  378): 0xa01720 Launching thread(s), CPUs 1
V/RenderScript(  378): 0xa01720 initEGL start
I/wpa_supplicant(  312): wlan0: Trying to associate with 00:02:6f:d1:9c:24 (SSID='Hidden' freq=2427 MHz)
D/libEGL  (  378): loaded /system/lib/egl/libGLES_android.so
D/libEGL  (  378): loaded /vendor/lib/egl/libEGL_POWERVR_SGX540_120.so
D/libEGL  (  378): loaded /vendor/lib/egl/libGLESv1_CM_POWERVR_SGX540_120.so
D/libEGL  (  378): loaded /vendor/lib/egl/libGLESv2_POWERVR_SGX540_120.so
I/wpa_supplicant(  312): wlan0: Associated with 00:02:6f:d1:9c:24
D/dalvikvm(   79): GC_EXPLICIT freed 34K, 4% free 9031K/9347K, paused 35ms+12ms
V/RenderScript(  378): 0xa01720 initGLThread end
V/RenderScript(  378): 0xa01720 rsContextCreateGL ret
D/dalvikvm(   79): GC_EXPLICIT freed <1K, 4% free 9031K/9347K, paused 5ms+3ms
D/dalvikvm(   79): GC_EXPLICIT freed <1K, 4% free 9031K/9347K, paused 1ms+2ms
I/ActivityManager(  166): Start proc com.android.settings for broadcast com.android.settings/.widget.SettingsAppWidgetProvider: pid=470 uid=1000 gids={1015, 3002, 3001, 3003, 3007}
I/NfcService(  428): Starting NFC service
I/ActivityThread(  410): Pub telephony: com.android.providers.telephony.TelephonyProvider
D/NFC JNI (  428): NFC Service : loading JNI
W/TelephonyProvider(  410): onCreate: confFile=/system/etc/apns-conf.xml oldCheckSum=-1
I/ActivityThread(  410): Pub icc: com.android.phone.IccProvider
I/ActivityThread(  410): Pub mms: com.android.providers.telephony.MmsProvider
I/ActivityThread(  410): Pub sms: com.android.providers.telephony.SmsProvider
I/ActivityThread(  410): Pub mms-sms: com.android.providers.telephony.MmsSmsProvider
D/libsecgps(  166): gps_get_gps_interface:
I/wpa_supplicant(  312): wlan0: WPA: Key negotiation completed with 00:02:6f:d1:9c:24 [PTK=TKIP GTK=TKIP]
I/wpa_supplicant(  312): wlan0: CTRL-EVENT-CONNECTED - Connection to 00:02:6f:d1:9c:24 completed (auth) [id=0 id_str=]
E/libsecgps(  166): gps_get_extension: gps-debug is not implemented
I/RegisteredComponentCache(  428): ComponentInfo: ResolveInfo{41353f98 com.android.apps.tag.TagViewer p=0 o=0 m=0x108000}, techs: android.nfc.tech.Ndef, 
I/ActivityManager(  166): Start proc com.google.android.inputmethod.latin.dictionarypack for content provider com.google.android.inputmethod.latin.dictionarypack/.DictionaryProvider: pid=489 uid=10024 gids={3003, 1015}
D/dalvikvm(  390): GC_CONCURRENT freed 201K, 3% free 9338K/9607K, paused 2ms+4ms
I/ActivityManager(  166): Start proc android.process.acore for content provider com.android.providers.userdictionary/.UserDictionaryProvider: pid=503 uid=10000 gids={3003, 1015}
I/ActivityThread(  489): Pub com.android.inputmethod.latin.dictionarypack: com.google.android.inputmethod.latin.dictionarypack.DictionaryProvider
I/ActivityThread(  503): Pub com.android.voicemail: com.android.providers.contacts.VoicemailContentProvider
I/ActivityThread(  443): Pub com.android.launcher2.settings: com.android.launcher2.LauncherProvider
I/NfceeAccess(  428): read 3 signature(s) for NFCEE access
I/Process (  166): Sending signal. PID: 443 SIG: 3
I/dalvikvm(  443): threadid=3: reacting to signal 3
I/dalvikvm(  443): Wrote stack traces to '/data/anr/traces.txt'
D/dalvikvm(  428): GC_CONCURRENT freed 325K, 5% free 9170K/9607K, paused 2ms+29ms
I/ActivityThread(  503): Pub user_dictionary: com.android.providers.userdictionary.UserDictionaryProvider
I/ActivityThread(  503): Pub com.android.social: com.android.providers.contacts.SocialProvider
D/dalvikvm(  410): GC_CONCURRENT freed 290K, 4% free 9224K/9607K, paused 2ms+9ms
I/ActivityThread(  503): Pub applications: com.android.providers.applications.ApplicationsProvider
I/ActivityManager(  166): Start proc com.android.smspush for service com.android.smspush/.WapPushManager: pid=531 uid=10050 gids={}
D/NfcService(  428): checking on firmware download
D/NfcService(  428): NFC is on. Doing normal stuff
I/NfcService(  428): Enabling NFC
D/NFC JNI (  428): Start Initialization
D/dalvikvm(  326): GC_CONCURRENT freed 125K, 3% free 9640K/9863K, paused 2ms+3ms
D/LocalBluetoothProfileManager(  470): LocalBluetoothProfileManager construction complete
D/CAT     (  410): CatService: Running CAT service. STK app installed:false
D/CAT     (  410): CatService: NEW sInstance
D/dalvikvm(  443): GC_CONCURRENT freed 265K, 4% free 9189K/9543K, paused 2ms+11ms
D/NFC JNI (  428): NFC capabilities: HAL = 8150100, FW = a76d0c, HW = 620003, Model = 0, HCI = 1, Full_FW = 109, Rev = 12, FW Update Info = 0
I/ActivityManager(  166): Start proc edu.buffalo.cse.phonelab.phonelabservices for broadcast edu.buffalo.cse.phonelab.phonelabservices/edu.buffalo.cse.phonelab.receivers.WiFiReceiver: pid=565 uid=10036 gids={3003, 1015, 1007, 2001}
I/Process (  166): Sending signal. PID: 443 SIG: 3
I/dalvikvm(  443): threadid=3: reacting to signal 3
I/dalvikvm(  443): Wrote stack traces to '/data/anr/traces.txt'
D/NFC JNI (  428): phLibNfc_SE_GetSecureElementList()
D/NFC JNI (  428): 
D/NFC JNI (  428): > Number of Secure Element(s) : 1
D/NFC JNI (  428): phLibNfc_SE_GetSecureElementList(): SMX detected, handle=0xabcdef
D/NFC JNI (  428): phLibNfc_SE_SetMode() returned 0x000d[NFCSTATUS_PENDING]
I/NFC JNI (  428): NFC Initialized
D/NdefPushServer(  428): start, thread = null
D/NdefPushServer(  428): starting new server thread
D/NdefPushServer(  428): about create LLCP service socket
D/NdefPushServer(  428): created LLCP service socket
D/NdefPushServer(  428): about to accept
D/MccTable(  410): updateMccMncConfiguration: mcc=310, mnc=120
D/MccTable(  410): locale set to en_us
D/MccTable(  410): WIFI_COUNTRY_CODE set to us
I/WifiService(  166): WifiService trying to set country code to us with persist set to true
I/ActivityManager(  166): Config changed: {1.0 310mcc120mnc en_US layoutdir=0 sw320dp w320dp h508dp nrml long port finger -keyb/v/h -nav/h s.4}
D/NfcService(  428): NFC-EE OFF
D/NfcService(  428): NFC-C OFF
I/ActivityThread(  503): Pub contacts;com.android.contacts: com.android.providers.contacts.ContactsProvider2
D/DhcpInfoInternal(  166): makeLinkProperties with empty dns2!
D/DhcpInfoInternal(  166): makeLinkProperties with empty dns2!
D/dalvikvm(  503): GC_CONCURRENT freed 353K, 5% free 9183K/9607K, paused 5ms+11ms
D/dalvikvm(  443): GC_CONCURRENT freed 96K, 2% free 9551K/9735K, paused 3ms+3ms
D/CallManager(  410): registerPhone(CDMA Handler (com.android.internal.telephony.PhoneProxy) {41371958})
D/Bluetooth HS/HF(  410): CDMA call state: IDLE prev state:IDLE
I/ActivityManager(  166): Start proc android.process.media for broadcast com.android.providers.media/.UsbReceiver: pid=611 uid=10012 gids={1015, 1023, 1024, 2001, 3003, 3007}
I/Process (  166): Sending signal. PID: 443 SIG: 3
I/dalvikvm(  443): threadid=3: reacting to signal 3
I/dalvikvm(  443): Wrote stack traces to '/data/anr/traces.txt'
E/RenderScript(  378): RS watchdog timeout: 0  eglMakeCurrent  line 408 frameworks/base/libs/rs/driver/rsdGL.cpp
I/ActivityThread(  503): Pub call_log: com.android.providers.contacts.CallLogProvider
D/dalvikvm(  410): GC_CONCURRENT freed 335K, 5% free 9351K/9799K, paused 3ms+17ms
I/SearchManagerService(  166): Building list of searchable activities
I/ActivityThread(  611): Pub media: com.android.providers.media.MediaProvider
V/ScriptC (  378): Create script for resource = nexus
I/bcc     (  378): LIBBCC build time: 2012/07/30 10:47:19
D/dalvikvm(  166): GC_CONCURRENT freed 709K, 6% free 12918K/13703K, paused 2ms+9ms
I/bcc     (  378): LIBBCC build revision: 31e50d678d2a8aa28c6f38cccebfa3da2f78df4a (git)
D/dalvikvm(  166): GC_EXPLICIT freed 70K, 7% free 12847K/13703K, paused 3ms+5ms
D/ConnectivityService(  166): ConnectivityChange for WIFI: CONNECTED/CONNECTED
W/ActivityManager(  166): Unable to start service Intent { act=com.android.ussd.IExtendedNetworkService }: not found
I/ActivityThread(  611): Pub downloads: com.android.providers.downloads.DownloadProvider
I/Process (  166): Sending signal. PID: 443 SIG: 3
I/dalvikvm(  443): threadid=3: reacting to signal 3
I/dalvikvm(  443): Wrote stack traces to '/data/anr/traces.txt'
I/StorageNotification(  326): UMS connection changed to true (media state unmounted)
D/OtaUtils(  410): CdmaOtaConfigData constructor!
D/OtaUtils(  410): CdmaOtaInCallScreenState: constructor init to UNDEFINED
I/ActivityThread(  611): Pub drm: com.android.providers.drm.DrmProvider
I/DownloadManager(  611): in removeSpuriousFiles
D/dalvikvm(  443): GC_CONCURRENT freed 258K, 4% free 9808K/10183K, paused 2ms+6ms
D/dalvikvm(  166): GC_FOR_ALLOC freed 270K, 7% free 12922K/13831K, paused 45ms
I/DownloadManager(  611): in removeSpuriousFiles, preserving file /data/data/com.android.providers.downloads/cache/metadata-1.json
I/DownloadManager(  611): in removeSpuriousFiles, preserving file /data/data/com.android.providers.downloads/cache/metadata.json
I/DownloadManager(  611): in removeSpuriousFiles, preserving file /data/data/com.android.providers.downloads/cache/en_general.htm
I/DownloadManager(  611): deleting spurious file /cache/wimax_service.dex
I/DownloadManager(  611): deleting spurious file /cache/backup
I/NetworkPolicy(  166): no policy for active mobile network; generating default policy
D/StopWatch(  378): StopWatch calcFileSHA1 time (us): 560490 
W/NetworkStats(  166): dropping UID delta from unknown iface: iface=wlan0 uid=0 set=DEFAULT tag=0x0 rxBytes=0 rxPackets=0 txBytes=120 txPackets=2 operations=0
I/PhoneLab-WiFiReceiver(  565): Wi-Fi is connected!
I/Process (  166): Sending signal. PID: 443 SIG: 3
I/dalvikvm(  443): threadid=3: reacting to signal 3
I/PhoneLab-WiFiReceiver(  565): SSID: Hidden BSSID: 00:02:6f:d1:9c:24 RSSI: -45 LinkSpeed: 54
I/dalvikvm(  443): Wrote stack traces to '/data/anr/traces.txt'
I/PhoneLab-Locks(  565): wake lock acquired
D/dalvikvm(  166): GC_FOR_ALLOC freed 365K, 7% free 13059K/13959K, paused 45ms
I/PhoneLab-UploadLogs(  565): Transfering log files now
I/PhoneLab-UploadLogs(  565): No log files to transfer
I/PhoneLab-Locks(  565): wake lock released
I/PhoneLab-UploadLogs(  565): OnStartCommand
I/ActivityManager(  166): Start proc com.android.deskclock for broadcast com.android.deskclock/com.android.alarmclock.AnalogAppWidgetProvider: pid=642 uid=10011 gids={}
I/Process (  166): Sending signal. PID: 443 SIG: 3
I/dalvikvm(  443): threadid=3: reacting to signal 3
I/dalvikvm(  443): Wrote stack traces to '/data/anr/traces.txt'
D/Bluetooth HSHFP(  410): Starting BluetoothHeadsetService
D/CAT     (  410): CatService: SIM ready. Reporting STK service running now...
D/StopWatch(  378): StopWatch calcFileSHA1 time (us): 607961 
D/dalvikvm(  326): GC_CONCURRENT freed 157K, 3% free 9904K/10183K, paused 5ms+2ms
D/dalvikvm(  443): GC_CONCURRENT freed 390K, 5% free 9981K/10439K, paused 4ms+12ms
E/bcc     (  378): Cache dependency /system/lib/libbcc.so.sha1 sha1 mismatch:
