06-05 15:03:29.379    86    86 I keystore: uid: 1000 action: p -> 1 state: 1 -> 1 retry: 4

07-04 10:37:27.195    84    84 I keystore: uid: 1000 action: p -&gt; 1 state: 1 -&gt; 1 retry: 4

07-04 12:25:51.898    84    84 I keystore: uid: 1000 action: p -&gt; 1 state: 1 -&gt; 1 retry: 4

06-06 15:32:46.801    86    86 I keystore: uid: 1000 action: p -> 1 state: 1 -> 1 retry: 4

07-06 08:55:08.531    84    84 I keystore: uid: 1000 action: p -&gt; 1 state: 1 -&gt; 1 retry: 4

07-06 09:10:15.246    84    84 I keystore: uid: 1000 action: p -&gt; 1 state: 1 -&gt; 1 retry: 4

07-06 09:16:50.586    84    84 I keystore: uid: 1000 action: p -&gt; 1 state: 1 -&gt; 1 retry: 4

07-06 09:20:53.035    84    84 I keystore: uid: 1000 action: p -&gt; 1 state: 1 -&gt; 1 retry: 4

07-06 10:13:12.187    84    84 I keystore: uid: 1000 action: p -&gt; 1 state: 1 -&gt; 1 retry: 4

04-24 19:18:50.914    85    85 I keystore: uid: 1000 action: p -> 1 state: 2 -> 1 retry: 4

05-30 10:25:09.614    86    86 I keystore: uid: 1000 action: p -> 1 state: 1 -> 1 retry: 4

04-18 14:15:40.860    85    85 I keystore: uid: 1000 action: p -> 1 state: 1 -> 1 retry: 4

04-18 14:40:07.180    85    85 I keystore: uid: 1000 action: p -> 1 state: 1 -> 1 retry: 4

05-02 11:59:55.033    85    85 I keystore: uid: 1000 action: p -> 1 state: 2 -> 1 retry: 4

04-26 17:24:21.026    85    85 I keystore: uid: 1000 action: p -> 1 state: 1 -> 1 retry: 4

04-26 17:28:52.405    85    85 I keystore: uid: 1000 action: p -> 1 state: 1 -> 1 retry: 4

04-26 17:45:32.422    85    85 I keystore: uid: 1000 action: p -> 1 state: 1 -> 1 retry: 4

04-05 10:30:35.607    85    85 I keystore: uid: 1000 action: p -> 1 state: 1 -> 1 retry: 4

04-05 12:05:02.617    85    85 I keystore: uid: 1000 action: p -> 1 state: 1 -> 1 retry: 4

04-24 12:09:00.393    85    85 I keystore: uid: 1000 action: p -> 1 state: 2 -> 1 retry: 4

04-24 12:09:41.003    85    85 I keystore: uid: 1000 action: p -> 1 state: 1 -> 1 retry: 4

04-24 12:10:17.929    85    85 I keystore: uid: 1000 action: p -> 1 state: 1 -> 1 retry: 4

04-24 12:14:27.155    85    85 I keystore: uid: 1000 action: p -> 1 state: 1 -> 1 retry: 4

06-06 17:08:06.654    86    86 I keystore: uid: 1000 action: p -> 1 state: 1 -> 1 retry: 4

06-06 17:12:12.998    86    86 I keystore: uid: 1000 action: p -> 1 state: 2 -> 1 retry: 4

04-26 17:47:42.515    85    85 I keystore: uid: 1000 action: p -> 1 state: 1 -> 1 retry: 4

04-26 19:35:43.718    85    85 I keystore: uid: 1000 action: p -> 1 state: 1 -> 1 retry: 4

04-26 19:42:35.836    85    85 I keystore: uid: 1000 action: p -> 1 state: 1 -> 1 retry: 4

04-26 19:45:05.429    85    85 I keystore: uid: 1000 action: p -> 1 state: 1 -> 1 retry: 4

04-26 19:45:48.652    85    85 I keystore: uid: 1000 action: p -> 1 state: 1 -> 1 retry: 4

04-26 19:48:00.871    85    85 I keystore: uid: 1000 action: p -> 1 state: 1 -> 1 retry: 4

04-26 20:16:30.347    85    85 I keystore: uid: 1000 action: p -> 1 state: 1 -> 1 retry: 4

06-01 13:52:36.295    86    86 I keystore: uid: 1000 action: p -> 1 state: 1 -> 1 retry: 4

06-01 13:53:10.506    86    86 I keystore: uid: 1000 action: p -> 1 state: 1 -> 1 retry: 4

07-05 14:23:25.601    84    84 I keystore: uid: 1000 action: p -&gt; 1 state: 1 -&gt; 1 retry: 4

07-05 14:55:11.586    84    84 I keystore: uid: 1000 action: p -&gt; 1 state: 1 -&gt; 1 retry: 4

07-05 15:26:57.531    84    84 I keystore: uid: 1000 action: p -&gt; 1 state: 1 -&gt; 1 retry: 4

07-04 01:40:36.992    84    84 I keystore: uid: 1000 action: p -&gt; 1 state: 1 -&gt; 1 retry: 4

07-05 22:45:09.191    84    84 I keystore: uid: 1000 action: p -&gt; 1 state: 1 -&gt; 1 retry: 4

07-05 23:02:55.351    84    84 I keystore: uid: 1000 action: p -&gt; 1 state: 1 -&gt; 1 retry: 4

04-02 17:46:36.859    85    85 I keystore: uid: 1000 action: p -> 1 state: 1 -> 1 retry: 4

04-02 18:11:39.468    85    85 I keystore: uid: 1000 action: p -> 1 state: 1 -> 1 retry: 4

04-02 18:13:27.710    85    85 I keystore: uid: 1000 action: p -> 1 state: 1 -> 1 retry: 4

04-03 09:47:06.640    85    85 I keystore: uid: 1000 action: p -> 1 state: 2 -> 1 retry: 4

04-03 09:55:10.531    85    85 I keystore: uid: 1000 action: p -> 1 state: 1 -> 1 retry: 4

04-03 10:01:01.730    85    85 I keystore: uid: 1000 action: p -> 1 state: 1 -> 1 retry: 4

04-03 11:07:57.576    85    85 I keystore: uid: 1000 action: p -> 1 state: 1 -> 1 retry: 4

04-03 11:17:25.523    85    85 I keystore: uid: 1000 action: p -> 1 state: 1 -> 1 retry: 4

04-03 11:29:22.924    85    85 I keystore: uid: 1000 action: p -> 1 state: 1 -> 1 retry: 4

05-30 13:56:04.248    86    86 I keystore: uid: 1000 action: p -> 1 state: 1 -> 1 retry: 4

06-05 09:47:18.658    86    86 I keystore: uid: 1000 action: p -> 1 state: 1 -> 1 retry: 4

06-01 14:10:13.130    86    86 I keystore: uid: 1000 action: p -> 1 state: 1 -> 1 retry: 4

06-01 15:14:52.107    86    86 I keystore: uid: 1000 action: p -> 1 state: 1 -> 1 retry: 4

06-01 15:17:47.091    86    86 I keystore: uid: 1000 action: p -> 1 state: 1 -> 1 retry: 4

07-03 08:20:30.976    84    84 I keystore: uid: 1000 action: p -&gt; 1 state: 1 -&gt; 1 retry: 4

07-03 08:20:42.117    84    84 I keystore: uid: 1000 action: p -&gt; 1 state: 1 -&gt; 1 retry: 4

07-03 09:00:29.324    84    84 I keystore: uid: 1000 action: p -&gt; 1 state: 1 -&gt; 1 retry: 4

07-03 09:16:39.297    84    84 I keystore: uid: 1000 action: p -&gt; 1 state: 1 -&gt; 1 retry: 4

04-04 18:11:23.813    85    85 I keystore: uid: 1000 action: p -> 1 state: 1 -> 1 retry: 4

04-04 14:36:06.296    85    85 I keystore: uid: 1000 action: p -> 1 state: 1 -> 1 retry: 4

04-03 12:17:06.498    85    85 I keystore: uid: 1000 action: p -> 1 state: 1 -> 1 retry: 4

04-03 12:19:45.929    85    85 I keystore: uid: 1000 action: p -> 1 state: 1 -> 1 retry: 4

04-03 12:45:53.039    85    85 I keystore: uid: 1000 action: p -> 1 state: 1 -> 1 retry: 4

04-03 12:49:05.939    85    85 I keystore: uid: 1000 action: p -> 1 state: 1 -> 1 retry: 4

04-03 12:54:20.466    85    85 I keystore: uid: 1000 action: p -> 1 state: 1 -> 1 retry: 4

04-03 12:54:30.056    85    85 I keystore: uid: 1000 action: t -> 1 state: 1 -> 1 retry: 4

04-03 12:54:34.220    85    85 I keystore: uid: 1000 action: z -> 7 state: 1 -> 1 retry: 4

04-03 12:54:36.099    85    85 I keystore: uid: 1000 action: z -> 7 state: 1 -> 1 retry: 4

04-03 12:55:15.935    85    85 I keystore: uid: 1000 action: t -> 1 state: 1 -> 1 retry: 4

04-03 12:55:23.017    85    85 I keystore: uid: 1000 action: z -> 7 state: 1 -> 1 retry: 4

04-03 12:56:13.861    85    85 I keystore: uid: 1000 action: p -> 1 state: 1 -> 1 retry: 4

04-16 16:47:08.328    85    85 I keystore: uid: 1000 action: p -> 1 state: 2 -> 1 retry: 4

04-16 17:05:09.669    85    85 I keystore: uid: 1000 action: p -> 1 state: 1 -> 1 retry: 4

04-26 17:23:31.417    85    85 I keystore: uid: 1000 action: p -> 1 state: 2 -> 1 retry: 4

04-03 16:14:40.332    85    85 I keystore: uid: 1000 action: p -> 1 state: 1 -> 1 retry: 4

04-03 16:14:55.023    85    85 I keystore: uid: 1000 action: p -> 1 state: 1 -> 1 retry: 4

04-03 16:35:03.271    85    85 I keystore: uid: 1000 action: p -> 1 state: 1 -> 1 retry: 4

04-03 16:41:45.411    85    85 I keystore: uid: 1000 action: p -> 1 state: 1 -> 1 retry: 4

04-24 13:05:29.652    85    85 I keystore: uid: 1000 action: p -> 1 state: 1 -> 1 retry: 4

04-24 13:08:38.773    85    85 I keystore: uid: 1000 action: t -> 1 state: 1 -> 1 retry: 4

04-24 13:09:02.390    85    85 I keystore: uid: 1000 action: t -> 1 state: 1 -> 1 retry: 4

04-24 13:09:25.679    85    85 I keystore: uid: 1000 action: t -> 1 state: 1 -> 1 retry: 4

04-24 13:15:13.644    85    85 I keystore: uid: 1000 action: p -> 1 state: 1 -> 1 retry: 4

04-05 13:04:02.340    85    85 I keystore: uid: 1000 action: p -> 1 state: 1 -> 1 retry: 4

07-05 11:22:14.250    84    84 I keystore: uid: 1000 action: p -&gt; 1 state: 1 -&gt; 1 retry: 4

07-05 11:22:34.656    84    84 I keystore: uid: 1000 action: p -&gt; 1 state: 1 -&gt; 1 retry: 4

07-05 11:34:33.293    84    84 I keystore: uid: 1000 action: p -&gt; 1 state: 1 -&gt; 1 retry: 4

07-05 11:36:43.234    84    84 I keystore: uid: 1000 action: p -&gt; 1 state: 1 -&gt; 1 retry: 4

07-05 11:38:58.664    84    84 I keystore: uid: 1000 action: p -&gt; 1 state: 1 -&gt; 1 retry: 4

07-05 11:41:56.773    84    84 I keystore: uid: 1000 action: p -&gt; 1 state: 1 -&gt; 1 retry: 4

07-05 12:43:18.695    84    84 I keystore: uid: 1000 action: p -&gt; 1 state: 1 -&gt; 1 retry: 4

07-05 13:55:15.152    84    84 I keystore: uid: 1000 action: p -&gt; 1 state: 1 -&gt; 1 retry: 4

07-05 14:00:22.035    84    84 I keystore: uid: 1000 action: p -&gt; 1 state: 1 -&gt; 1 retry: 4

07-02 22:55:15.218    84    84 I keystore: uid: 1000 action: p -&gt; 1 state: 1 -&gt; 1 retry: 4

07-02 22:56:43.875    84    84 I keystore: uid: 1000 action: p -&gt; 1 state: 1 -&gt; 1 retry: 4

07-02 22:58:01.824    84    84 I keystore: uid: 1000 action: p -&gt; 1 state: 1 -&gt; 1 retry: 4

07-02 23:33:37.371    84    84 I keystore: uid: 1000 action: p -&gt; 1 state: 1 -&gt; 1 retry: 4

07-02 23:34:30.527    84    84 I keystore: uid: 1000 action: p -&gt; 1 state: 1 -&gt; 1 retry: 4

04-24 14:10:18.257    85    85 I keystore: uid: 1000 action: p -> 1 state: 1 -> 1 retry: 4

04-24 14:11:21.394    85    85 I keystore: uid: 1000 action: p -> 1 state: 1 -> 1 retry: 4

07-03 12:47:58.457    84    84 I keystore: uid: 1000 action: p -&gt; 1 state: 1 -&gt; 1 retry: 4

07-03 13:07:15.554    84    84 I keystore: uid: 1000 action: p -&gt; 1 state: 1 -&gt; 1 retry: 4

07-05 11:01:05.351    84    84 I keystore: uid: 1000 action: p -&gt; 1 state: 1 -&gt; 1 retry: 4

07-05 11:10:46.668    84    84 I keystore: uid: 1000 action: p -&gt; 1 state: 1 -&gt; 1 retry: 4

07-05 11:21:16.830    84    84 I keystore: uid: 1000 action: p -&gt; 1 state: 1 -&gt; 1 retry: 4

04-09 13:55:09.976    85    85 I keystore: uid: 1000 action: p -> 1 state: 1 -> 1 retry: 4

04-05 14:32:37.630    85    85 I keystore: uid: 1000 action: p -> 1 state: 1 -> 1 retry: 4

04-05 14:38:13.122    85    85 I keystore: uid: 1000 action: p -> 1 state: 1 -> 1 retry: 4

04-05 14:38:17.821    85    85 I keystore: uid: 1000 action: p -> 1 state: 1 -> 1 retry: 4

04-05 15:24:08.386    85    85 I keystore: uid: 1000 action: p -> 1 state: 1 -> 1 retry: 4

04-05 15:24:41.499    85    85 I keystore: uid: 1000 action: s -> 1 state: 1 -> 1 retry: 4

04-05 15:24:41.503    85    85 I keystore: uid: 1000 action: s -> 1 state: 1 -> 1 retry: 4

07-03 11:05:47.422    84    84 I keystore: uid: 1000 action: p -&gt; 1 state: 1 -&gt; 1 retry: 4

07-03 11:36:02.406    84    84 I keystore: uid: 1000 action: p -&gt; 1 state: 1 -&gt; 1 retry: 4

04-02 16:04:23.053    85    85 I keystore: uid: 1000 action: p -> 1 state: 1 -> 1 retry: 4

04-02 16:09:37.447    85    85 I keystore: uid: 1000 action: p -> 1 state: 1 -> 1 retry: 4

04-18 11:39:52.322    85    85 I keystore: uid: 1000 action: p -> 1 state: 1 -> 1 retry: 4

04-18 13:05:53.314    85    85 I keystore: uid: 1000 action: p -> 1 state: 1 -> 1 retry: 4

04-18 13:14:30.013    85    85 I keystore: uid: 1000 action: p -> 1 state: 1 -> 1 retry: 4

04-18 13:20:42.103    85    85 I keystore: uid: 1000 action: p -> 1 state: 1 -> 1 retry: 4

05-02 20:45:21.031    85    85 I keystore: uid: 1000 action: p -> 1 state: 1 -> 1 retry: 4

07-03 16:58:21.910    84    84 I keystore: uid: 1000 action: p -&gt; 1 state: 1 -&gt; 1 retry: 4

07-03 17:00:15.746    84    84 I keystore: uid: 1000 action: p -&gt; 1 state: 1 -&gt; 1 retry: 4

04-12 16:08:13.296    85    85 I keystore: uid: 1000 action: p -> 1 state: 1 -> 1 retry: 4

04-04 09:52:45.094    85    85 I keystore: uid: 1000 action: p -> 1 state: 1 -> 1 retry: 4

04-04 11:41:54.952    85    85 I keystore: uid: 1000 action: p -> 1 state: 1 -> 1 retry: 4

04-04 11:42:00.722    85    85 I keystore: uid: 1000 action: p -> 1 state: 1 -> 1 retry: 4

05-02 21:06:21.601    85    85 I keystore: uid: 1000 action: p -> 1 state: 1 -> 1 retry: 4

05-02 21:14:30.597    85    85 I keystore: uid: 1000 action: p -> 1 state: 1 -> 1 retry: 4

05-02 22:37:43.769    85    85 I keystore: uid: 1000 action: p -> 1 state: 1 -> 1 retry: 4

07-03 14:02:17.229    84    84 I keystore: uid: 1000 action: p -&gt; 1 state: 1 -&gt; 1 retry: 4

07-03 14:05:44.543    84    84 I keystore: uid: 1000 action: p -&gt; 1 state: 1 -&gt; 1 retry: 4

07-03 15:36:04.547    84    84 I keystore: uid: 1000 action: p -&gt; 1 state: 1 -&gt; 1 retry: 4

07-03 15:39:06.488    84    84 I keystore: uid: 1000 action: p -&gt; 1 state: 1 -&gt; 1 retry: 4

07-05 08:57:07.593    84    84 I keystore: uid: 1000 action: p -&gt; 1 state: 1 -&gt; 1 retry: 4

07-05 08:57:37.097    84    84 I keystore: uid: 1000 action: p -&gt; 1 state: 1 -&gt; 1 retry: 4

07-05 09:05:18.570    84    84 I keystore: uid: 1000 action: p -&gt; 1 state: 1 -&gt; 1 retry: 4

07-05 10:02:12.070    84    84 I keystore: uid: 1000 action: p -&gt; 1 state: 1 -&gt; 1 retry: 4

07-05 10:09:14.504    84    84 I keystore: uid: 1000 action: p -&gt; 1 state: 1 -&gt; 1 retry: 4

05-02 12:47:46.482    85    85 I keystore: uid: 1000 action: p -> 1 state: 1 -> 1 retry: 4

07-02 16:41:01.937    84    84 I keystore: uid: 1000 action: p -&gt; 1 state: 1 -&gt; 1 retry: 4

07-02 17:03:18.918    84    84 I keystore: uid: 1000 action: p -&gt; 1 state: 1 -&gt; 1 retry: 4

07-02 19:51:53.191    84    84 I keystore: uid: 1000 action: p -&gt; 1 state: 1 -&gt; 1 retry: 4

07-02 19:56:51.738    84    84 I keystore: uid: 1000 action: p -&gt; 1 state: 1 -&gt; 1 retry: 4

07-02 20:54:40.418    84    84 I keystore: uid: 1000 action: p -&gt; 1 state: 1 -&gt; 1 retry: 4

07-02 21:33:29.273    84    84 I keystore: uid: 1000 action: p -&gt; 1 state: 1 -&gt; 1 retry: 4

04-03 13:03:54.801    85    85 I keystore: uid: 1000 action: p -> 1 state: 1 -> 1 retry: 4

04-03 13:17:36.301    85    85 I keystore: uid: 1000 action: p -> 1 state: 1 -> 1 retry: 4

04-03 13:18:45.953    85    85 I keystore: uid: 1000 action: p -> 1 state: 1 -> 1 retry: 4

04-03 13:25:23.930    85    85 I keystore: uid: 1000 action: p -> 1 state: 1 -> 1 retry: 4

04-03 13:29:36.543    85    85 I keystore: uid: 1000 action: p -> 1 state: 1 -> 1 retry: 4

04-03 13:33:29.900    85    85 I keystore: uid: 1000 action: p -> 1 state: 1 -> 1 retry: 4

04-03 13:46:26.246    85    85 I keystore: uid: 1000 action: p -> 1 state: 1 -> 1 retry: 4

04-23 13:19:00.742    85    85 I keystore: uid: 1000 action: p -> 1 state: 1 -> 1 retry: 4

04-23 13:22:38.152    85    85 I keystore: uid: 1000 action: p -> 1 state: 1 -> 1 retry: 4

05-02 18:13:43.527    85    85 I keystore: uid: 1000 action: p -> 1 state: 1 -> 1 retry: 4

07-03 20:33:44.910    84    84 I keystore: uid: 1000 action: p -&gt; 1 state: 1 -&gt; 1 retry: 4

07-03 21:45:13.160    84    84 I keystore: uid: 1000 action: p -&gt; 1 state: 1 -&gt; 1 retry: 4

07-03 23:06:09.125    84    84 I keystore: uid: 1000 action: p -&gt; 1 state: 1 -&gt; 1 retry: 4

07-04 22:23:01.191    84    84 I keystore: uid: 1000 action: p -&gt; 1 state: 1 -&gt; 1 retry: 4

07-04 22:29:25.000    84    84 I keystore: uid: 1000 action: p -&gt; 1 state: 1 -&gt; 1 retry: 4

07-05 01:08:50.156    84    84 I keystore: uid: 1000 action: p -&gt; 1 state: 1 -&gt; 1 retry: 4

07-03 10:18:29.363    84    84 I keystore: uid: 1000 action: p -&gt; 1 state: 1 -&gt; 1 retry: 4

07-03 10:32:54.454    84    84 I keystore: uid: 1000 action: p -&gt; 1 state: 1 -&gt; 1 retry: 4

07-03 10:34:17.476    84    84 I keystore: uid: 1000 action: p -&gt; 1 state: 1 -&gt; 1 retry: 4

07-03 11:01:00.492    84    84 I keystore: uid: 1000 action: p -&gt; 1 state: 1 -&gt; 1 retry: 4

04-19 15:07:08.333    85    85 I keystore: uid: 1000 action: p -> 1 state: 1 -> 1 retry: 4

04-19 15:10:02.294    85    85 I keystore: uid: 1000 action: p -> 1 state: 1 -> 1 retry: 4

04-02 10:38:53.891    85    85 I keystore: uid: 1000 action: t -> 3 state: 3 -> 3 retry: 4

04-02 10:38:56.465    85    85 I keystore: uid: 1000 action: z -> 7 state: 3 -> 3 retry: 4

04-02 10:39:06.930    85    85 I keystore: uid: 1000 action: z -> 7 state: 3 -> 3 retry: 4

04-02 10:39:11.981    85    85 I keystore: uid: 1000 action: t -> 3 state: 3 -> 3 retry: 4

04-02 10:39:14.113    85    85 I keystore: uid: 1000 action: z -> 7 state: 3 -> 3 retry: 4

04-02 10:39:16.289    85    85 I keystore: uid: 1000 action: z -> 7 state: 3 -> 3 retry: 4

04-02 10:39:32.082    85    85 I keystore: uid: 1000 action: p -> 1 state: 3 -> 1 retry: 4

04-02 10:39:32.637    85    85 I keystore: uid: 1000 action: t -> 1 state: 1 -> 1 retry: 4

04-02 10:39:42.277    85    85 I keystore: uid: 1000 action: p -> 1 state: 1 -> 1 retry: 4

04-02 10:39:48.121    85    85 I keystore: uid: 1000 action: t -> 1 state: 1 -> 1 retry: 4

04-02 10:39:54.316    85    85 I keystore: uid: 1000 action: t -> 1 state: 1 -> 1 retry: 4

04-02 10:39:56.188    85    85 I keystore: uid: 1000 action: p -> 1 state: 1 -> 1 retry: 4

07-04 21:47:32.535    84    84 I keystore: uid: 1000 action: p -&gt; 1 state: 1 -&gt; 1 retry: 4

07-04 21:53:37.478    84    84 I keystore: uid: 1000 action: p -&gt; 1 state: 1 -&gt; 1 retry: 4

07-04 21:57:11.703    84    84 I keystore: uid: 1000 action: p -&gt; 1 state: 1 -&gt; 1 retry: 4

07-04 22:06:09.074    84    84 I keystore: uid: 1000 action: p -&gt; 1 state: 1 -&gt; 1 retry: 4

07-04 22:17:15.898    84    84 I keystore: uid: 1000 action: p -&gt; 1 state: 1 -&gt; 1 retry: 4

04-20 14:42:02.152    85    85 I keystore: uid: 1000 action: p -> 1 state: 1 -> 1 retry: 4

04-20 14:56:10.243    85    85 I keystore: uid: 1000 action: p -> 1 state: 1 -> 1 retry: 4

04-12 12:57:45.974    85    85 I keystore: uid: 1000 action: p -> 1 state: 1 -> 1 retry: 4

04-12 13:01:50.506    85    85 I keystore: uid: 1000 action: p -> 1 state: 1 -> 1 retry: 4

04-24 10:36:46.091    85    85 I keystore: uid: 1000 action: p -> 1 state: 1 -> 1 retry: 4

04-24 11:12:39.737    85    85 I keystore: uid: 1000 action: p -> 1 state: 1 -> 1 retry: 4

04-24 11:19:05.311    85    85 I keystore: uid: 1000 action: p -> 1 state: 1 -> 1 retry: 4

04-24 11:27:34.893    85    85 I keystore: uid: 1000 action: p -> 1 state: 1 -> 1 retry: 4

04-24 11:33:40.586    85    85 I keystore: uid: 1000 action: p -> 1 state: 1 -> 1 retry: 4

04-24 12:20:01.551    85    85 I keystore: uid: 1000 action: p -> 1 state: 2 -> 1 retry: 4

04-24 12:23:10.562    85    85 I keystore: uid: 1000 action: p -> 1 state: 1 -> 1 retry: 4

02-21 17:28:39.661    86    86 I keystore: uid: 1000 action: s -> 1 state: 3 -> 3 retry: 4

02-21 17:28:39.661    86    86 I keystore: uid: 1000 action: s -> 1 state: 3 -> 3 retry: 4

02-21 17:36:01.535    86    86 I keystore: uid: 1000 action: s -> 1 state: 3 -> 3 retry: 4

02-21 17:36:01.535    86    86 I keystore: uid: 1000 action: s -> 1 state: 3 -> 3 retry: 4

05-15 11:12:52.409    86    86 I keystore: uid: 1000 action: p -> 1 state: 2 -> 1 retry: 4

04-17 15:33:09.394    85    85 I keystore: uid: 1000 action: p -> 1 state: 1 -> 1 retry: 4

04-17 15:49:35.750    85    85 I keystore: uid: 1000 action: p -> 1 state: 1 -> 1 retry: 4

04-17 15:55:05.871    85    85 I keystore: uid: 1000 action: p -> 1 state: 1 -> 1 retry: 4

04-17 15:57:35.673    85    85 I keystore: uid: 1000 action: p -> 1 state: 1 -> 1 retry: 4

07-02 15:17:31.632    84    84 I keystore: uid: 1000 action: t -&gt; 3 state: 3 -&gt; 3 retry: 4

07-02 15:17:34.136    84    84 I keystore: uid: 1000 action: z -&gt; 7 state: 3 -&gt; 3 retry: 4

07-02 15:17:36.816    84    84 I keystore: uid: 1000 action: z -&gt; 7 state: 3 -&gt; 3 retry: 4

07-02 15:17:51.851    84    84 I keystore: uid: 1000 action: p -&gt; 1 state: 3 -&gt; 1 retry: 4

07-02 15:17:52.519    84    84 I keystore: uid: 1000 action: t -&gt; 1 state: 1 -&gt; 1 retry: 4

07-02 15:18:00.492    84    84 I keystore: uid: 1000 action: p -&gt; 1 state: 1 -&gt; 1 retry: 4

07-02 15:30:26.761    84    84 I keystore: uid: 1000 action: p -&gt; 1 state: 1 -&gt; 1 retry: 4

07-02 15:48:01.445    84    84 I keystore: uid: 1000 action: p -&gt; 1 state: 1 -&gt; 1 retry: 4

07-02 15:48:07.183    84    84 I keystore: uid: 1000 action: t -&gt; 1 state: 1 -&gt; 1 retry: 4

07-02 15:48:13.293    84    84 I keystore: uid: 1000 action: z -&gt; 7 state: 1 -&gt; 1 retry: 4

07-02 15:48:15.535    84    84 I keystore: uid: 1000 action: z -&gt; 7 state: 1 -&gt; 1 retry: 4

07-02 15:48:58.636    84    84 I keystore: uid: 1000 action: p -&gt; 1 state: 1 -&gt; 1 retry: 4

07-02 15:48:58.718    84    84 I keystore: uid: 1000 action: t -&gt; 1 state: 1 -&gt; 1 retry: 4

05-02 13:27:31.709    85    85 I keystore: uid: 1000 action: p -> 1 state: 1 -> 1 retry: 4

05-02 13:55:36.412    85    85 I keystore: uid: 1000 action: p -> 1 state: 1 -> 1 retry: 4

05-02 14:38:19.081    85    85 I keystore: uid: 1000 action: p -> 1 state: 1 -> 1 retry: 4

05-02 14:39:32.081    85    85 I keystore: uid: 1000 action: p -> 1 state: 1 -> 1 retry: 4

05-02 14:59:05.429    85    85 I keystore: uid: 1000 action: p -> 1 state: 1 -> 1 retry: 4

05-02 15:04:34.409    85    85 I keystore: uid: 1000 action: p -> 1 state: 1 -> 1 retry: 4

04-24 17:52:35.187    85    85 I keystore: uid: 1000 action: p -> 1 state: 2 -> 1 retry: 4

07-05 16:25:28.822    84    84 I keystore: uid: 1000 action: p -&gt; 1 state: 1 -&gt; 1 retry: 4

07-05 16:25:57.269    84    84 I keystore: uid: 1000 action: p -&gt; 1 state: 1 -&gt; 1 retry: 4

07-05 16:37:53.015    84    84 I keystore: uid: 1000 action: p -&gt; 1 state: 1 -&gt; 1 retry: 4

07-05 17:25:42.175    84    84 I keystore: uid: 1000 action: p -&gt; 1 state: 1 -&gt; 1 retry: 4

04-25 09:01:46.901    85    85 I keystore: uid: 1000 action: p -> 1 state: 1 -> 1 retry: 4

04-25 11:53:18.605    85    85 I keystore: uid: 1000 action: p -> 1 state: 1 -> 1 retry: 4

04-05 09:56:56.884    85    85 I keystore: uid: 1000 action: p -> 1 state: 1 -> 1 retry: 4

07-05 10:22:13.660    84    84 I keystore: uid: 1000 action: p -&gt; 1 state: 1 -&gt; 1 retry: 4

04-03 17:21:32.207    85    85 I keystore: uid: 1000 action: p -> 1 state: 1 -> 1 retry: 4

04-06 17:28:39.157    85    85 I keystore: uid: 1000 action: p -> 1 state: 1 -> 1 retry: 4

04-19 13:45:04.414    85    85 I keystore: uid: 1000 action: p -> 1 state: 1 -> 1 retry: 4

04-19 14:30:48.200    85    85 I keystore: uid: 1000 action: p -> 1 state: 1 -> 1 retry: 4

04-06 14:10:31.034    85    85 I keystore: uid: 1000 action: p -> 1 state: 1 -> 1 retry: 4

04-06 14:23:52.229    85    85 I keystore: uid: 1000 action: p -> 1 state: 1 -> 1 retry: 4

04-27 18:34:49.704    85    85 I keystore: uid: 1000 action: p -> 1 state: 1 -> 1 retry: 4

04-24 10:14:55.481    85    85 I keystore: uid: 1000 action: p -> 1 state: 1 -> 1 retry: 4

04-24 13:05:29.652    85    85 I keystore: uid: 1000 action: p -> 1 state: 1 -> 1 retry: 4

04-24 13:08:38.773    85    85 I keystore: uid: 1000 action: t -> 1 state: 1 -> 1 retry: 4

04-24 13:09:02.390    85    85 I keystore: uid: 1000 action: t -> 1 state: 1 -> 1 retry: 4

04-24 13:09:25.679    85    85 I keystore: uid: 1000 action: t -> 1 state: 1 -> 1 retry: 4

04-24 13:15:13.644    85    85 I keystore: uid: 1000 action: p -> 1 state: 1 -> 1 retry: 4

04-24 23:12:55.100    85    85 I keystore: uid: 1000 action: p -> 1 state: 2 -> 1 retry: 4

07-03 15:47:23.316    84    84 I keystore: uid: 1000 action: p -&gt; 1 state: 1 -&gt; 1 retry: 4

07-03 16:53:15.179    84    84 I keystore: uid: 1000 action: p -&gt; 1 state: 1 -&gt; 1 retry: 4

07-03 16:54:06.281    84    84 I keystore: uid: 1000 action: p -&gt; 1 state: 1 -&gt; 1 retry: 4

04-02 10:52:21.141    85    85 I keystore: uid: 1000 action: p -> 1 state: 1 -> 1 retry: 4

04-02 11:00:27.604    85    85 I keystore: uid: 1000 action: p -> 1 state: 1 -> 1 retry: 4

04-02 11:34:55.476    85    85 I keystore: uid: 1000 action: p -> 1 state: 1 -> 1 retry: 4

07-05 17:59:38.379    84    84 I keystore: uid: 1000 action: p -&gt; 1 state: 1 -&gt; 1 retry: 4

07-05 19:44:42.894    84    84 I keystore: uid: 1000 action: p -&gt; 1 state: 1 -&gt; 1 retry: 4

07-05 19:53:46.757    84    84 I keystore: uid: 1000 action: p -&gt; 1 state: 1 -&gt; 1 retry: 4

07-05 20:16:20.121    84    84 I keystore: uid: 1000 action: p -&gt; 1 state: 1 -&gt; 1 retry: 4

07-05 20:24:29.597    84    84 I keystore: uid: 1000 action: p -&gt; 1 state: 1 -&gt; 1 retry: 4

07-05 20:52:07.250    84    84 I keystore: uid: 1000 action: p -&gt; 1 state: 1 -&gt; 1 retry: 4

04-17 13:48:44.323    85    85 I keystore: uid: 1000 action: p -> 1 state: 1 -> 1 retry: 4

04-17 14:55:10.456    85    85 I keystore: uid: 1000 action: p -> 1 state: 1 -> 1 retry: 4

04-17 15:15:10.318    85    85 I keystore: uid: 1000 action: p -> 1 state: 1 -> 1 retry: 4

04-17 15:16:51.849    85    85 I keystore: uid: 1000 action: p -> 1 state: 1 -> 1 retry: 4

04-20 14:25:08.599    85    85 I keystore: uid: 1000 action: p -> 1 state: 1 -> 1 retry: 4

04-02 13:41:21.724    85    85 I keystore: uid: 1000 action: p -> 1 state: 1 -> 1 retry: 4

04-02 13:52:30.019    85    85 I keystore: uid: 1000 action: p -> 1 state: 1 -> 1 retry: 4

04-24 12:27:12.452    85    85 I keystore: uid: 1000 action: p -> 1 state: 1 -> 1 retry: 4

04-24 12:35:29.792    85    85 I keystore: uid: 1000 action: p -> 1 state: 1 -> 1 retry: 4

04-24 12:42:11.698    85    85 I keystore: uid: 1000 action: p -> 1 state: 1 -> 1 retry: 4

04-24 12:47:13.675    85    85 I keystore: uid: 1000 action: p -> 1 state: 1 -> 1 retry: 4

04-24 12:49:17.284    85    85 I keystore: uid: 1000 action: p -> 1 state: 1 -> 1 retry: 4

04-24 12:52:56.374    85    85 I keystore: uid: 1000 action: p -> 1 state: 1 -> 1 retry: 4

04-24 13:01:56.558    85    85 I keystore: uid: 1000 action: p -> 1 state: 1 -> 1 retry: 4

04-05 15:24:51.046    85    85 I keystore: uid: 1000 action: s -> 1 state: 1 -> 1 retry: 4

04-05 15:24:51.046    85    85 I keystore: uid: 1000 action: s -> 1 state: 1 -> 1 retry: 4

04-05 16:18:39.081    85    85 I keystore: uid: 1000 action: p -> 1 state: 1 -> 1 retry: 4

04-23 16:24:46.230    85    85 I keystore: uid: 1000 action: p -> 1 state: 1 -> 1 retry: 4

07-04 13:55:24.218    84    84 I keystore: uid: 1000 action: p -&gt; 1 state: 1 -&gt; 1 retry: 4

07-04 16:55:09.132    84    84 I keystore: uid: 1000 action: p -&gt; 1 state: 1 -&gt; 1 retry: 4

07-04 17:37:55.097    84    84 I keystore: uid: 1000 action: p -&gt; 1 state: 1 -&gt; 1 retry: 4

06-05 11:45:33.119    86    86 I keystore: uid: 1000 action: p -> 1 state: 1 -> 1 retry: 4

