06-03 07:33:59.538   390   390 I Launcher: setLoadOnResume

06-03 07:33:59.553   390   390 I Launcher: setLoadOnResume

06-03 07:33:59.569   390   390 I Launcher: setLoadOnResume

06-03 07:33:59.569   390   390 I Launcher: setLoadOnResume

06-03 07:33:59.584   390   390 I Launcher: setLoadOnResume

06-03 07:33:59.616   390   390 I Launcher: setLoadOnResume

06-03 08:35:00.170   390   390 I Launcher: setLoadOnResume

06-03 08:35:00.190   390   390 I Launcher: setLoadOnResume

06-03 08:35:00.206   390   390 I Launcher: setLoadOnResume

06-03 08:35:00.206   390   390 I Launcher: setLoadOnResume

06-03 08:35:00.225   390   390 I Launcher: setLoadOnResume

06-03 08:35:00.256   390   390 I Launcher: setLoadOnResume

02-21 17:18:10.290  1335  1348 D Launcher.Model: going to save icon bitmap for info=ShortcutInfo(title=Browser)

02-21 17:18:10.415  1335  1348 D Launcher.Model: going to save icon bitmap for info=ShortcutInfo(title=Messaging)

02-21 17:18:10.509  1335  1348 D Launcher.Model: going to save icon bitmap for info=ShortcutInfo(title=Phone)

02-21 17:18:10.665  1335  1348 D Launcher.Model: going to save icon bitmap for info=ShortcutInfo(title=Camera)

02-21 17:18:10.755  1335  1348 D Launcher.Model: going to save icon bitmap for info=ShortcutInfo(title=People)

02-21 17:18:10.833  1335  1348 D Launcher.Model: going to save icon bitmap for info=ShortcutInfo(title=Gallery)

02-21 17:18:10.978  1335  1348 D Launcher.Model: going to save icon bitmap for info=ShortcutInfo(title=Settings)

06-04 14:28:00.530   390   390 I Launcher: setLoadOnResume

06-04 14:28:00.561   390   390 I Launcher: setLoadOnResume

06-04 14:28:00.576   390   390 I Launcher: setLoadOnResume

06-04 14:28:00.592   390   390 I Launcher: setLoadOnResume

06-04 14:28:00.604   390   390 I Launcher: setLoadOnResume

06-04 14:28:00.635   390   390 I Launcher: setLoadOnResume

06-04 14:28:00.651   390   390 I Launcher: setLoadOnResume

06-04 14:28:00.670   390   390 I Launcher: setLoadOnResume

06-04 14:28:00.670   390   390 I Launcher: setLoadOnResume

06-04 14:28:00.686   390   390 I Launcher: setLoadOnResume

06-04 14:28:00.717   390   390 I Launcher: setLoadOnResume

06-04 14:28:06.760   390   390 I Launcher: setLoadOnResume

06-04 14:28:06.780   390   390 I Launcher: setLoadOnResume

06-04 14:28:06.807   390   390 I Launcher: setLoadOnResume

06-04 14:28:06.807   390   390 I Launcher: setLoadOnResume

06-04 14:28:06.819   390   390 I Launcher: setLoadOnResume

06-04 14:28:06.830   390   390 I Launcher: setLoadOnResume

06-04 14:31:00.131   390   390 I Launcher: setLoadOnResume

06-04 14:31:00.143   390   390 I Launcher: setLoadOnResume

06-04 14:31:00.162   390   390 I Launcher: setLoadOnResume

06-04 14:31:00.162   390   390 I Launcher: setLoadOnResume

06-04 14:31:00.178   390   390 I Launcher: setLoadOnResume

06-04 14:31:00.209   390   390 I Launcher: setLoadOnResume

06-04 14:58:22.635   390   390 I Launcher: setLoadOnResume

06-04 14:58:22.647   390   390 I Launcher: setLoadOnResume

06-04 14:58:22.662   390   390 I Launcher: setLoadOnResume

06-04 14:58:22.662   390   390 I Launcher: setLoadOnResume

06-04 14:58:22.682   390   390 I Launcher: setLoadOnResume

06-04 14:58:22.748   390   390 I Launcher: setLoadOnResume

06-04 15:02:00.135   390   390 I Launcher: setLoadOnResume

06-04 15:02:00.147   390   390 I Launcher: setLoadOnResume

06-04 15:02:00.166   390   390 I Launcher: setLoadOnResume

06-04 15:02:00.166   390   390 I Launcher: setLoadOnResume

06-04 15:02:00.182   390   390 I Launcher: setLoadOnResume

06-04 15:02:00.217   390   390 I Launcher: setLoadOnResume

06-04 15:29:00.178   390   390 I Launcher: setLoadOnResume

06-04 15:29:00.194   390   390 I Launcher: setLoadOnResume

06-04 15:29:00.209   390   390 I Launcher: setLoadOnResume

06-04 15:29:00.209   390   390 I Launcher: setLoadOnResume

06-04 15:29:00.225   390   390 I Launcher: setLoadOnResume

06-04 15:29:00.260   390   390 I Launcher: setLoadOnResume

06-04 17:44:14.619   390   390 I Launcher: setLoadOnResume

06-04 17:44:14.635   390   390 I Launcher: setLoadOnResume

06-04 17:44:14.655   390   390 I Launcher: setLoadOnResume

06-04 17:44:14.655   390   390 I Launcher: setLoadOnResume

06-04 17:44:14.670   390   390 I Launcher: setLoadOnResume

06-04 17:44:14.690   390   390 I Launcher: setLoadOnResume

06-04 18:33:00.135   390   390 I Launcher: setLoadOnResume

06-04 18:33:00.159   390   390 I Launcher: setLoadOnResume

06-04 18:33:00.174   390   390 I Launcher: setLoadOnResume

06-04 18:33:00.174   390   390 I Launcher: setLoadOnResume

06-04 18:33:00.194   390   390 I Launcher: setLoadOnResume

06-04 18:33:00.209   390   390 I Launcher: setLoadOnResume

06-04 20:31:16.728   390   390 I Launcher: setLoadOnResume

06-04 20:31:16.756   390   390 I Launcher: setLoadOnResume

06-04 20:31:16.771   390   390 I Launcher: setLoadOnResume

06-04 20:31:16.771   390   390 I Launcher: setLoadOnResume

06-04 20:31:16.791   390   390 I Launcher: setLoadOnResume

06-04 20:31:16.806   390   390 I Launcher: setLoadOnResume

06-04 21:02:00.146   390   390 I Launcher: setLoadOnResume

06-04 21:02:00.158   390   390 I Launcher: setLoadOnResume

06-04 21:02:00.177   390   390 I Launcher: setLoadOnResume

06-04 21:02:00.177   390   390 I Launcher: setLoadOnResume

06-04 21:02:00.193   390   390 I Launcher: setLoadOnResume

06-04 21:02:00.228   390   390 I Launcher: setLoadOnResume

01-04 05:17:42.601   399   399 D Launcher.Model: Reload apps on config change. curr_mcc:310 prevmcc:0

01-01 21:25:29.886   393   393 D Launcher.Model: Reload apps on config change. curr_mcc:310 prevmcc:0

02-21 17:38:40.058  1335  1335 I Launcher: setLoadOnResume

02-21 17:39:17.601  1335  1335 I Launcher: setLoadOnResume

02-21 17:39:33.050  1335  1335 I Launcher: setLoadOnResume

06-02 17:55:00.127   390   390 I Launcher: setLoadOnResume

06-02 17:55:00.139   390   390 I Launcher: setLoadOnResume

06-02 17:55:00.155   390   390 I Launcher: setLoadOnResume

06-02 17:55:00.159   390   390 I Launcher: setLoadOnResume

06-02 17:55:00.174   390   390 I Launcher: setLoadOnResume

06-02 17:55:00.186   390   390 I Launcher: setLoadOnResume

06-02 18:54:46.354   390   390 I Launcher: setLoadOnResume

06-02 18:54:46.365   390   390 I Launcher: setLoadOnResume

06-02 18:54:46.385   390   390 I Launcher: setLoadOnResume

06-02 18:54:46.385   390   390 I Launcher: setLoadOnResume

06-02 18:54:46.400   390   390 I Launcher: setLoadOnResume

06-02 18:54:46.420   390   390 I Launcher: setLoadOnResume

06-02 19:24:57.752   390   390 I Launcher: setLoadOnResume

06-02 19:24:57.768   390   390 I Launcher: setLoadOnResume

06-02 19:24:57.783   390   390 I Launcher: setLoadOnResume

06-02 19:24:57.783   390   390 I Launcher: setLoadOnResume

06-02 19:24:57.799   390   390 I Launcher: setLoadOnResume

06-02 19:24:57.830   390   390 I Launcher: setLoadOnResume

06-02 19:56:00.123   390   390 I Launcher: setLoadOnResume

06-02 19:56:00.135   390   390 I Launcher: setLoadOnResume

06-02 19:56:00.154   390   390 I Launcher: setLoadOnResume

06-02 19:56:00.154   390   390 I Launcher: setLoadOnResume

06-02 19:56:00.170   390   390 I Launcher: setLoadOnResume

06-02 19:56:00.201   390   390 I Launcher: setLoadOnResume

06-02 19:57:07.338   390   390 I Launcher: setLoadOnResume

06-02 19:57:07.397   390   390 I Launcher: setLoadOnResume

06-02 19:57:07.420   390   390 I Launcher: setLoadOnResume

06-02 19:57:07.420   390   390 I Launcher: setLoadOnResume

06-02 19:57:07.440   390   390 I Launcher: setLoadOnResume

06-02 19:57:07.451   390   390 I Launcher: setLoadOnResume

06-02 20:26:35.373   390   390 I Launcher: setLoadOnResume

06-02 20:26:35.385   390   390 I Launcher: setLoadOnResume

06-02 20:26:35.404   390   390 I Launcher: setLoadOnResume

06-02 20:26:35.408   390   390 I Launcher: setLoadOnResume

06-02 20:26:35.424   390   390 I Launcher: setLoadOnResume

06-02 20:26:35.514   390   390 I Launcher: setLoadOnResume

06-02 20:56:40.459   390   390 I Launcher: setLoadOnResume

06-02 20:56:40.475   390   390 I Launcher: setLoadOnResume

06-02 20:56:40.490   390   390 I Launcher: setLoadOnResume

06-02 20:56:40.490   390   390 I Launcher: setLoadOnResume

06-02 20:56:40.506   390   390 I Launcher: setLoadOnResume

06-02 20:56:40.541   390   390 I Launcher: setLoadOnResume

05-31 04:20:00.169   390   390 I Launcher: setLoadOnResume

05-31 04:20:00.181   390   390 I Launcher: setLoadOnResume

05-31 04:20:00.212   390   390 I Launcher: setLoadOnResume

05-31 04:20:00.212   390   390 I Launcher: setLoadOnResume

05-31 04:20:00.243   390   390 I Launcher: setLoadOnResume

05-31 04:20:00.247   390   390 I Launcher: setLoadOnResume

05-31 04:51:00.169   390   390 I Launcher: setLoadOnResume

05-31 04:51:00.184   390   390 I Launcher: setLoadOnResume

05-31 04:51:00.200   390   390 I Launcher: setLoadOnResume

05-31 04:51:00.200   390   390 I Launcher: setLoadOnResume

05-31 04:51:00.211   390   390 I Launcher: setLoadOnResume

05-31 04:51:00.219   390   390 I Launcher: setLoadOnResume

05-31 06:45:00.149   390   390 I Launcher: setLoadOnResume

05-31 06:45:00.184   390   390 I Launcher: setLoadOnResume

05-31 06:45:00.204   390   390 I Launcher: setLoadOnResume

05-31 06:45:00.204   390   390 I Launcher: setLoadOnResume

05-31 06:45:00.211   390   390 I Launcher: setLoadOnResume

05-31 06:45:00.219   390   390 I Launcher: setLoadOnResume

04-24 12:08:54.335   395   395 D Launcher.Model: Reload apps on config change. curr_mcc:310 prevmcc:0

04-24 12:09:17.042   395   395 I Launcher: setLoadOnResume

04-24 12:09:31.651   395   395 I Launcher: setLoadOnResume

06-06 16:26:26.111  2136  2136 I Launcher: setLoadOnResume

06-06 16:26:26.130  2136  2136 I Launcher: setLoadOnResume

06-06 16:26:26.146  2136  2136 I Launcher: setLoadOnResume

06-06 16:26:26.146  2136  2136 I Launcher: setLoadOnResume

06-06 16:26:26.197  2136  2136 I Launcher: setLoadOnResume

06-06 16:26:26.220  2136  2136 I Launcher: setLoadOnResume

06-06 16:26:26.259  2136  2136 I Launcher: setLoadOnResume

06-06 16:26:26.275  2136  2136 I Launcher: setLoadOnResume

06-06 16:26:26.290  2136  2136 I Launcher: setLoadOnResume

06-06 16:26:26.290  2136  2136 I Launcher: setLoadOnResume

06-06 16:26:26.310  2136  2136 I Launcher: setLoadOnResume

06-06 16:26:26.333  2136  2136 I Launcher: setLoadOnResume

06-06 16:26:31.486  2136  2136 I Launcher: setLoadOnResume

06-06 16:26:31.501  2136  2136 I Launcher: setLoadOnResume

06-06 16:26:31.517  2136  2136 I Launcher: setLoadOnResume

06-06 16:26:31.517  2136  2136 I Launcher: setLoadOnResume

06-06 16:26:31.533  2136  2136 I Launcher: setLoadOnResume

06-06 16:26:31.568  2136  2136 I Launcher: setLoadOnResume

06-06 16:26:36.204  2136  2136 I Launcher: setLoadOnResume

06-06 16:26:36.220  2136  2136 I Launcher: setLoadOnResume

06-06 16:26:36.236  2136  2136 I Launcher: setLoadOnResume

06-06 16:26:36.236  2136  2136 I Launcher: setLoadOnResume

06-06 16:26:36.263  2136  2136 I Launcher: setLoadOnResume

06-06 16:26:36.271  2136  2136 I Launcher: setLoadOnResume

06-06 16:33:23.669  2136  2136 I Launcher: setLoadOnResume

06-06 16:33:23.681  2136  2136 I Launcher: setLoadOnResume

06-06 16:33:23.700  2136  2136 I Launcher: setLoadOnResume

06-06 16:33:23.700  2136  2136 I Launcher: setLoadOnResume

06-06 16:33:23.716  2136  2136 I Launcher: setLoadOnResume

06-06 16:33:23.747  2136  2136 I Launcher: setLoadOnResume

06-06 16:57:00.150  2136  2136 I Launcher: setLoadOnResume

06-06 16:57:00.161  2136  2136 I Launcher: setLoadOnResume

06-06 16:57:00.177  2136  2136 I Launcher: setLoadOnResume

06-06 16:57:00.177  2136  2136 I Launcher: setLoadOnResume

06-06 16:57:00.197  2136  2136 I Launcher: setLoadOnResume

06-06 16:57:00.228  2136  2136 I Launcher: setLoadOnResume

06-06 17:11:50.656   390   390 D Launcher.Model: Reload apps on config change. curr_mcc:310 prevmcc:0

03-11 23:44:41.339   333   378 W Launcher.Model: LoaderTask running with no launcher (loadAllAppsByBatch)

03-11 23:44:41.785   333   333 D Launcher.Model: Reload apps on config change. curr_mcc:310 prevmcc:0

03-12 16:28:18.592   353   353 D Launcher.Model: Reload apps on config change. curr_mcc:310 prevmcc:0

06-04 03:11:50.765   390   390 I Launcher: setLoadOnResume

06-04 03:11:50.780   390   390 I Launcher: setLoadOnResume

06-04 03:11:50.796   390   390 I Launcher: setLoadOnResume

06-04 03:11:50.796   390   390 I Launcher: setLoadOnResume

06-04 03:11:50.843   390   390 I Launcher: setLoadOnResume

06-04 03:11:50.870   390   390 I Launcher: setLoadOnResume

06-04 04:43:00.136   390   390 I Launcher: setLoadOnResume

06-04 04:43:00.148   390   390 I Launcher: setLoadOnResume

06-04 04:43:00.167   390   390 I Launcher: setLoadOnResume

06-04 04:43:00.167   390   390 I Launcher: setLoadOnResume

06-04 04:43:00.222   390   390 I Launcher: setLoadOnResume

06-04 04:43:00.257   390   390 I Launcher: setLoadOnResume

06-04 05:13:15.780   390   390 I Launcher: setLoadOnResume

06-04 05:13:15.796   390   390 I Launcher: setLoadOnResume

06-04 05:13:15.812   390   390 I Launcher: setLoadOnResume

06-04 05:13:15.812   390   390 I Launcher: setLoadOnResume

06-04 05:13:15.874   390   390 I Launcher: setLoadOnResume

06-04 05:13:15.909   390   390 I Launcher: setLoadOnResume

06-04 05:44:00.132   390   390 I Launcher: setLoadOnResume

06-04 05:44:00.144   390   390 I Launcher: setLoadOnResume

06-04 05:44:00.159   390   390 I Launcher: setLoadOnResume

06-04 05:44:00.163   390   390 I Launcher: setLoadOnResume

06-04 05:44:00.234   390   390 I Launcher: setLoadOnResume

06-04 05:44:00.273   390   390 I Launcher: setLoadOnResume

03-12 16:39:59.784   353   353 I Launcher: setLoadOnResume

06-04 21:35:01.751   390   390 I Launcher: setLoadOnResume

06-04 21:35:01.762   390   390 I Launcher: setLoadOnResume

06-04 21:35:01.782   390   390 I Launcher: setLoadOnResume

06-04 21:35:01.782   390   390 I Launcher: setLoadOnResume

06-04 21:35:01.798   390   390 I Launcher: setLoadOnResume

06-04 21:35:01.809   390   390 I Launcher: setLoadOnResume

06-04 21:35:01.864   390   390 I Launcher: setLoadOnResume

06-04 21:35:01.880   390   390 I Launcher: setLoadOnResume

06-04 21:35:01.895   390   390 I Launcher: setLoadOnResume

06-04 21:35:01.895   390   390 I Launcher: setLoadOnResume

06-04 21:35:01.911   390   390 I Launcher: setLoadOnResume

06-04 21:35:01.926   390   390 I Launcher: setLoadOnResume

06-04 22:07:00.122   390   390 I Launcher: setLoadOnResume

06-04 22:07:00.133   390   390 I Launcher: setLoadOnResume

06-04 22:07:00.153   390   390 I Launcher: setLoadOnResume

06-04 22:07:00.153   390   390 I Launcher: setLoadOnResume

06-04 22:07:00.270   390   390 I Launcher: setLoadOnResume

06-04 22:07:00.278   390   390 I Launcher: setLoadOnResume

06-04 22:38:00.131   390   390 I Launcher: setLoadOnResume

06-04 22:38:00.151   390   390 I Launcher: setLoadOnResume

06-04 22:38:00.166   390   390 I Launcher: setLoadOnResume

06-04 22:38:00.166   390   390 I Launcher: setLoadOnResume

06-04 22:38:00.186   390   390 I Launcher: setLoadOnResume

06-04 22:38:00.209   390   390 I Launcher: setLoadOnResume

06-04 23:05:24.373   390   390 I Launcher: setLoadOnResume

06-04 23:05:24.397   390   390 I Launcher: setLoadOnResume

06-04 23:05:24.412   390   390 I Launcher: setLoadOnResume

06-04 23:05:24.412   390   390 I Launcher: setLoadOnResume

06-04 23:05:24.432   390   390 I Launcher: setLoadOnResume

06-04 23:05:24.444   390   390 I Launcher: setLoadOnResume

06-04 23:09:00.135   390   390 I Launcher: setLoadOnResume

06-04 23:09:00.147   390   390 I Launcher: setLoadOnResume

06-04 23:09:00.166   390   390 I Launcher: setLoadOnResume

06-04 23:09:00.166   390   390 I Launcher: setLoadOnResume

06-04 23:09:00.182   390   390 I Launcher: setLoadOnResume

06-04 23:09:00.209   390   390 I Launcher: setLoadOnResume

06-04 23:11:42.002   390   390 I Launcher: setLoadOnResume

06-04 23:11:42.018   390   390 I Launcher: setLoadOnResume

06-04 23:11:42.034   390   390 I Launcher: setLoadOnResume

06-04 23:11:42.034   390   390 I Launcher: setLoadOnResume

06-04 23:11:42.076   390   390 I Launcher: setLoadOnResume

06-04 23:11:42.108   390   390 I Launcher: setLoadOnResume

06-04 23:36:00.117   390   390 I Launcher: setLoadOnResume

06-04 23:36:00.133   390   390 I Launcher: setLoadOnResume

06-04 23:36:00.149   390   390 I Launcher: setLoadOnResume

06-04 23:36:00.149   390   390 I Launcher: setLoadOnResume

06-04 23:36:00.188   390   390 I Launcher: setLoadOnResume

06-04 23:36:00.227   390   390 I Launcher: setLoadOnResume

06-04 23:42:00.110   390   390 I Launcher: setLoadOnResume

06-04 23:42:00.121   390   390 I Launcher: setLoadOnResume

06-04 23:42:00.141   390   390 I Launcher: setLoadOnResume

06-04 23:42:00.141   390   390 I Launcher: setLoadOnResume

06-04 23:42:00.196   390   390 I Launcher: setLoadOnResume

06-04 23:42:00.231   390   390 I Launcher: setLoadOnResume

04-20 15:34:41.686   394   394 I Launcher: setLoadOnResume

04-20 15:34:42.878   394   394 I Launcher: setLoadOnResume

04-20 15:34:42.905   394   394 I Launcher: setLoadOnResume

04-20 15:34:42.917   394   394 I Launcher: setLoadOnResume

04-20 15:34:43.007   394   394 I Launcher: setLoadOnResume

04-20 15:34:43.983   394   394 I Launcher: setLoadOnResume

04-20 15:34:44.182   394   394 I Launcher: setLoadOnResume

04-20 15:34:44.233   394   394 I Launcher: setLoadOnResume

04-20 15:34:44.253   394   394 I Launcher: setLoadOnResume

04-20 15:34:44.288   394   394 I Launcher: setLoadOnResume

04-20 15:34:44.288   394   394 I Launcher: setLoadOnResume

04-20 15:34:44.307   394   394 I Launcher: setLoadOnResume

04-20 15:34:44.323   394   394 I Launcher: setLoadOnResume

04-20 15:34:44.105   394   394 I Launcher: setLoadOnResume

04-20 15:34:44.160   394   394 I Launcher: setLoadOnResume

04-20 15:34:44.215   394   394 I Launcher: setLoadOnResume

04-20 15:34:44.215   394   394 I Launcher: setLoadOnResume

04-20 15:34:44.262   394   394 I Launcher: setLoadOnResume

04-20 15:34:44.285   394   394 I Launcher: setLoadOnResume

04-20 15:34:44.793   394   394 I Launcher: setLoadOnResume

04-20 15:34:44.809   394   394 I Launcher: setLoadOnResume

04-20 15:34:44.824   394   394 I Launcher: setLoadOnResume

04-20 15:34:44.824   394   394 I Launcher: setLoadOnResume

04-20 15:34:44.840   394   394 I Launcher: setLoadOnResume

04-20 15:34:44.855   394   394 I Launcher: setLoadOnResume

04-20 15:34:46.930   394   394 I Launcher: setLoadOnResume

04-20 15:34:46.949   394   394 I Launcher: setLoadOnResume

04-20 15:34:46.973   394   394 I Launcher: setLoadOnResume

04-20 15:34:46.976   394   394 I Launcher: setLoadOnResume

04-20 15:34:47.000   394   394 I Launcher: setLoadOnResume

04-20 15:34:47.043   394   394 I Launcher: setLoadOnResume

04-20 15:34:48.219   394   394 I Launcher: setLoadOnResume

04-20 15:34:48.250   394   394 I Launcher: setLoadOnResume

04-20 15:34:48.266   394   394 I Launcher: setLoadOnResume

04-20 15:34:48.266   394   394 I Launcher: setLoadOnResume

04-20 15:34:48.285   394   394 I Launcher: setLoadOnResume

04-20 15:34:48.301   394   394 I Launcher: setLoadOnResume

04-20 15:34:48.605   394   394 I Launcher: setLoadOnResume

04-20 15:34:48.633   394   394 I Launcher: setLoadOnResume

04-20 15:34:48.648   394   394 I Launcher: setLoadOnResume

04-20 15:34:48.648   394   394 I Launcher: setLoadOnResume

04-20 15:34:48.676   394   394 I Launcher: setLoadOnResume

04-20 15:34:48.691   394   394 I Launcher: setLoadOnResume

04-20 15:34:48.879   394   394 I Launcher: setLoadOnResume

04-20 15:34:48.891   394   394 I Launcher: setLoadOnResume

04-20 15:34:48.910   394   394 I Launcher: setLoadOnResume

04-20 15:34:48.910   394   394 I Launcher: setLoadOnResume

04-20 15:34:48.926   394   394 I Launcher: setLoadOnResume

04-20 15:34:48.969   394   394 I Launcher: setLoadOnResume

04-20 15:34:49.133   394   394 I Launcher: setLoadOnResume

04-20 15:34:49.152   394   394 I Launcher: setLoadOnResume

04-20 15:34:49.168   394   394 I Launcher: setLoadOnResume

04-20 15:34:49.168   394   394 I Launcher: setLoadOnResume

04-20 15:34:49.184   394   394 I Launcher: setLoadOnResume

04-20 15:34:49.199   394   394 I Launcher: setLoadOnResume

04-20 15:34:49.336   394   394 I Launcher: setLoadOnResume

04-20 15:34:49.351   394   394 I Launcher: setLoadOnResume

04-20 15:34:49.367   394   394 I Launcher: setLoadOnResume

04-20 15:34:49.367   394   394 I Launcher: setLoadOnResume

04-20 15:34:49.383   394   394 I Launcher: setLoadOnResume

04-20 15:34:49.398   394   394 I Launcher: setLoadOnResume

04-20 15:34:50.492   394   394 I Launcher: setLoadOnResume

04-20 15:34:50.504   394   394 I Launcher: setLoadOnResume

04-20 15:34:50.519   394   394 I Launcher: setLoadOnResume

04-20 15:34:50.519   394   394 I Launcher: setLoadOnResume

04-20 15:34:50.539   394   394 I Launcher: setLoadOnResume

04-20 15:34:50.547   394   394 I Launcher: setLoadOnResume

04-20 15:34:54.687   394   394 I Launcher: setLoadOnResume

04-20 15:34:54.699   394   394 I Launcher: setLoadOnResume

04-20 15:34:54.715   394   394 I Launcher: setLoadOnResume

04-20 15:34:54.715   394   394 I Launcher: setLoadOnResume

04-20 15:34:54.730   394   394 I Launcher: setLoadOnResume

04-20 15:34:54.746   394   394 I Launcher: setLoadOnResume

04-02 18:14:38.511   346   346 I Launcher: setLoadOnResume

06-05 09:22:10.066   390   390 I Launcher: setLoadOnResume

06-05 09:22:11.121   390   390 I Launcher: setLoadOnResume

06-05 09:22:11.562   390   390 I Launcher: setLoadOnResume

06-05 09:22:11.699   390   390 I Launcher: setLoadOnResume

06-05 09:22:12.324   390   390 I Launcher: setLoadOnResume

06-01 15:17:50.228   390   390 I Launcher: setLoadOnResume

06-05 19:07:27.560  2136  2136 D Launcher.Model: Reload apps on config change. curr_mcc:310 prevmcc:0

06-06 15:55:54.492  2136  2136 I Launcher: setLoadOnResume

06-06 15:55:57.289  2136  2136 I Launcher: setLoadOnResume

06-06 15:55:57.324  2136  2136 I Launcher: setLoadOnResume

06-06 15:55:57.340  2136  2136 I Launcher: setLoadOnResume

06-06 15:55:57.344  2136  2136 I Launcher: setLoadOnResume

06-06 15:55:57.523  2136  2136 I Launcher: setLoadOnResume

06-06 15:55:57.758  2136  2136 I Launcher: setLoadOnResume

06-06 15:55:58.063  2136  2136 I Launcher: setLoadOnResume

06-06 15:55:58.078  2136  2136 I Launcher: setLoadOnResume

06-06 15:55:58.098  2136  2136 I Launcher: setLoadOnResume

06-06 15:55:58.098  2136  2136 I Launcher: setLoadOnResume

06-06 15:55:58.113  2136  2136 I Launcher: setLoadOnResume

06-06 15:55:58.188  2136  2136 I Launcher: setLoadOnResume

06-06 15:55:58.414  2136  2136 I Launcher: setLoadOnResume

06-06 15:55:58.434  2136  2136 I Launcher: setLoadOnResume

06-06 15:55:58.449  2136  2136 I Launcher: setLoadOnResume

06-06 15:55:58.449  2136  2136 I Launcher: setLoadOnResume

06-06 15:55:58.469  2136  2136 I Launcher: setLoadOnResume

06-06 15:55:58.555  2136  2136 I Launcher: setLoadOnResume

06-06 15:55:59.082  2136  2136 I Launcher: setLoadOnResume

06-06 15:55:59.176  2136  2136 I Launcher: setLoadOnResume

06-06 15:55:59.203  2136  2136 I Launcher: setLoadOnResume

06-06 15:55:59.203  2136  2136 I Launcher: setLoadOnResume

06-06 15:55:59.234  2136  2136 I Launcher: setLoadOnResume

06-06 15:55:59.297  2136  2136 I Launcher: setLoadOnResume

06-06 15:55:59.672  2136  2136 I Launcher: setLoadOnResume

06-06 15:55:59.691  2136  2136 I Launcher: setLoadOnResume

06-06 15:55:59.707  2136  2136 I Launcher: setLoadOnResume

06-06 15:55:59.707  2136  2136 I Launcher: setLoadOnResume

06-06 15:55:59.727  2136  2136 I Launcher: setLoadOnResume

06-06 15:55:59.734  2136  2136 I Launcher: setLoadOnResume

06-06 15:56:00.082  2136  2136 I Launcher: setLoadOnResume

06-06 15:56:00.102  2136  2136 I Launcher: setLoadOnResume

06-06 15:56:00.117  2136  2136 I Launcher: setLoadOnResume

06-06 15:56:00.117  2136  2136 I Launcher: setLoadOnResume

06-06 15:56:00.137  2136  2136 I Launcher: setLoadOnResume

06-06 15:56:00.168  2136  2136 I Launcher: setLoadOnResume

06-06 15:56:00.410  2136  2136 I Launcher: setLoadOnResume

06-06 15:56:00.426  2136  2136 I Launcher: setLoadOnResume

06-06 15:56:00.461  2136  2136 I Launcher: setLoadOnResume

06-06 15:56:00.461  2136  2136 I Launcher: setLoadOnResume

06-06 15:56:00.477  2136  2136 I Launcher: setLoadOnResume

06-06 15:56:00.488  2136  2136 I Launcher: setLoadOnResume

06-06 15:56:01.078  2136  2136 I Launcher: setLoadOnResume

06-06 15:56:01.098  2136  2136 I Launcher: setLoadOnResume

06-06 15:56:01.113  2136  2136 I Launcher: setLoadOnResume

06-06 15:56:01.113  2136  2136 I Launcher: setLoadOnResume

06-06 15:56:01.129  2136  2136 I Launcher: setLoadOnResume

06-06 15:56:01.141  2136  2136 I Launcher: setLoadOnResume

06-06 16:01:26.902  2136  2136 I Launcher: setLoadOnResume

06-06 16:01:26.918  2136  2136 I Launcher: setLoadOnResume

06-06 16:01:26.938  2136  2136 I Launcher: setLoadOnResume

06-06 16:01:26.938  2136  2136 I Launcher: setLoadOnResume

06-06 16:01:26.953  2136  2136 I Launcher: setLoadOnResume

06-06 16:01:26.992  2136  2136 I Launcher: setLoadOnResume

06-06 16:01:31.125  2136  2136 I Launcher: setLoadOnResume

06-06 16:01:31.141  2136  2136 I Launcher: setLoadOnResume

06-06 16:01:31.156  2136  2136 I Launcher: setLoadOnResume

06-06 16:01:31.156  2136  2136 I Launcher: setLoadOnResume

06-06 16:01:31.363  2136  2136 I Launcher: setLoadOnResume

06-06 16:01:31.387  2136  2136 I Launcher: setLoadOnResume

06-06 16:01:36.418  2136  2136 I Launcher: setLoadOnResume

06-06 16:01:36.430  2136  2136 I Launcher: setLoadOnResume

06-06 16:01:36.445  2136  2136 I Launcher: setLoadOnResume

06-06 16:01:36.445  2136  2136 I Launcher: setLoadOnResume

06-06 16:01:36.625  2136  2136 I Launcher: setLoadOnResume

06-06 16:01:36.637  2136  2136 I Launcher: setLoadOnResume

06-06 16:01:36.918  2136  2136 I Launcher: setLoadOnResume

06-06 16:01:36.941  2136  2136 I Launcher: setLoadOnResume

06-06 16:01:36.953  2136  2136 I Launcher: setLoadOnResume

06-06 16:01:36.961  2136  2136 I Launcher: setLoadOnResume

06-06 16:01:36.984  2136  2136 I Launcher: setLoadOnResume

06-06 16:01:37.012  2136  2136 I Launcher: setLoadOnResume

06-06 16:01:37.285  2136  2136 I Launcher: setLoadOnResume

06-06 16:01:38.248  2136  2136 I Launcher: setLoadOnResume

06-06 16:01:38.267  2136  2136 I Launcher: setLoadOnResume

06-06 16:01:38.283  2136  2136 I Launcher: setLoadOnResume

06-06 16:01:38.283  2136  2136 I Launcher: setLoadOnResume

06-06 16:01:38.302  2136  2136 I Launcher: setLoadOnResume

06-06 16:01:38.400  2136  2136 I Launcher: setLoadOnResume

06-06 16:01:38.420  2136  2136 I Launcher: setLoadOnResume

06-06 16:01:38.431  2136  2136 I Launcher: setLoadOnResume

06-06 16:01:38.431  2136  2136 I Launcher: setLoadOnResume

06-06 16:01:38.435  2136  2136 I Launcher: setLoadOnResume

06-06 16:01:38.470  2136  2136 I Launcher: setLoadOnResume

06-06 16:01:38.709  2136  2136 I Launcher: setLoadOnResume

06-06 16:01:38.728  2136  2136 I Launcher: setLoadOnResume

06-06 16:01:38.748  2136  2136 I Launcher: setLoadOnResume

06-06 16:01:38.748  2136  2136 I Launcher: setLoadOnResume

06-06 16:01:38.775  2136  2136 I Launcher: setLoadOnResume

06-06 16:01:38.787  2136  2136 I Launcher: setLoadOnResume

06-06 16:01:39.748  2136  2136 I Launcher: setLoadOnResume

06-06 16:01:39.763  2136  2136 I Launcher: setLoadOnResume

06-06 16:01:39.779  2136  2136 I Launcher: setLoadOnResume

06-06 16:01:39.779  2136  2136 I Launcher: setLoadOnResume

06-06 16:01:39.799  2136  2136 I Launcher: setLoadOnResume

06-06 16:01:39.806  2136  2136 I Launcher: setLoadOnResume

06-06 16:01:40.275  2136  2136 I Launcher: setLoadOnResume

06-06 16:01:40.287  2136  2136 I Launcher: setLoadOnResume

06-06 16:01:40.306  2136  2136 I Launcher: setLoadOnResume

06-06 16:01:40.306  2136  2136 I Launcher: setLoadOnResume

06-06 16:01:40.322  2136  2136 I Launcher: setLoadOnResume

06-06 16:01:40.334  2136  2136 I Launcher: setLoadOnResume

06-06 16:03:16.982  2136  2136 I Launcher: setLoadOnResume

06-06 16:03:17.002  2136  2136 I Launcher: setLoadOnResume

06-06 16:03:17.017  2136  2136 I Launcher: setLoadOnResume

06-06 16:03:17.017  2136  2136 I Launcher: setLoadOnResume

06-06 16:03:17.037  2136  2136 I Launcher: setLoadOnResume

06-06 16:03:17.064  2136  2136 I Launcher: setLoadOnResume

04-26 17:23:24.647   393   393 D Launcher.Model: Reload apps on config change. curr_mcc:310 prevmcc:0

06-04 08:52:00.585   390   390 I Launcher: setLoadOnResume

06-04 08:52:00.597   390   390 I Launcher: setLoadOnResume

06-04 08:52:00.616   390   390 I Launcher: setLoadOnResume

06-04 08:52:00.616   390   390 I Launcher: setLoadOnResume

06-04 08:52:00.632   390   390 I Launcher: setLoadOnResume

06-04 08:52:00.648   390   390 I Launcher: setLoadOnResume

06-04 08:52:10.784   390   390 I Launcher: setLoadOnResume

06-04 08:52:10.800   390   390 I Launcher: setLoadOnResume

06-04 08:52:10.816   390   390 I Launcher: setLoadOnResume

06-04 08:52:10.816   390   390 I Launcher: setLoadOnResume

06-04 08:52:10.831   390   390 I Launcher: setLoadOnResume

06-04 08:52:10.863   390   390 I Launcher: setLoadOnResume

06-04 09:02:33.311   390   390 I Launcher: setLoadOnResume

06-04 09:02:33.322   390   390 I Launcher: setLoadOnResume

06-04 09:02:33.338   390   390 I Launcher: setLoadOnResume

06-04 09:02:33.338   390   390 I Launcher: setLoadOnResume

06-04 09:02:33.357   390   390 I Launcher: setLoadOnResume

06-04 09:02:33.369   390   390 I Launcher: setLoadOnResume

06-04 09:02:33.490   390   390 I Launcher: setLoadOnResume

06-04 09:02:33.510   390   390 I Launcher: setLoadOnResume

06-04 09:02:33.533   390   390 I Launcher: setLoadOnResume

06-04 09:02:33.537   390   390 I Launcher: setLoadOnResume

06-04 09:02:33.553   390   390 I Launcher: setLoadOnResume

06-04 09:02:33.576   390   390 I Launcher: setLoadOnResume

06-04 09:02:33.654   390   390 I Launcher: setLoadOnResume

06-04 09:02:33.670   390   390 I Launcher: setLoadOnResume

06-04 09:02:33.686   390   390 I Launcher: setLoadOnResume

06-04 09:02:33.686   390   390 I Launcher: setLoadOnResume

06-04 09:02:33.701   390   390 I Launcher: setLoadOnResume

06-04 09:02:33.713   390   390 I Launcher: setLoadOnResume

06-04 09:23:00.150   390   390 I Launcher: setLoadOnResume

06-04 09:23:00.162   390   390 I Launcher: setLoadOnResume

06-04 09:23:00.178   390   390 I Launcher: setLoadOnResume

06-04 09:23:00.178   390   390 I Launcher: setLoadOnResume

06-04 09:23:00.193   390   390 I Launcher: setLoadOnResume

06-04 09:23:00.228   390   390 I Launcher: setLoadOnResume

06-04 09:33:00.150   390   390 I Launcher: setLoadOnResume

06-04 09:33:00.170   390   390 I Launcher: setLoadOnResume

06-04 09:33:00.186   390   390 I Launcher: setLoadOnResume

06-04 09:33:00.186   390   390 I Launcher: setLoadOnResume

06-04 09:33:00.201   390   390 I Launcher: setLoadOnResume

06-04 09:33:00.217   390   390 I Launcher: setLoadOnResume

06-04 09:53:59.568   390   390 I Launcher: setLoadOnResume

06-04 09:53:59.580   390   390 I Launcher: setLoadOnResume

06-04 09:53:59.600   390   390 I Launcher: setLoadOnResume

06-04 09:53:59.600   390   390 I Launcher: setLoadOnResume

06-04 09:53:59.611   390   390 I Launcher: setLoadOnResume

06-04 09:53:59.658   390   390 I Launcher: setLoadOnResume

06-04 09:58:16.920   390   390 I Launcher: setLoadOnResume

06-04 09:58:16.936   390   390 I Launcher: setLoadOnResume

06-04 09:58:16.951   390   390 I Launcher: setLoadOnResume

06-04 09:58:16.951   390   390 I Launcher: setLoadOnResume

06-04 09:58:16.967   390   390 I Launcher: setLoadOnResume

06-04 09:58:16.978   390   390 I Launcher: setLoadOnResume

06-04 09:58:19.514   390   390 I Launcher: setLoadOnResume

06-04 09:58:19.529   390   390 I Launcher: setLoadOnResume

06-04 09:58:19.545   390   390 I Launcher: setLoadOnResume

06-04 09:58:19.545   390   390 I Launcher: setLoadOnResume

06-04 09:58:19.564   390   390 I Launcher: setLoadOnResume

06-04 09:58:19.592   390   390 I Launcher: setLoadOnResume

06-04 10:29:00.167   390   390 I Launcher: setLoadOnResume

06-04 10:29:00.178   390   390 I Launcher: setLoadOnResume

06-04 10:29:00.194   390   390 I Launcher: setLoadOnResume

06-04 10:29:00.194   390   390 I Launcher: setLoadOnResume

06-04 10:29:00.213   390   390 I Launcher: setLoadOnResume

06-04 10:29:00.225   390   390 I Launcher: setLoadOnResume

06-04 10:40:12.182   390   390 I Launcher: setLoadOnResume

06-04 10:40:12.198   390   390 I Launcher: setLoadOnResume

06-04 10:40:12.213   390   390 I Launcher: setLoadOnResume

06-04 10:40:12.213   390   390 I Launcher: setLoadOnResume

06-04 10:40:12.229   390   390 I Launcher: setLoadOnResume

06-04 10:40:12.241   390   390 I Launcher: setLoadOnResume

06-04 11:11:00.151   390   390 I Launcher: setLoadOnResume

06-04 11:11:00.167   390   390 I Launcher: setLoadOnResume

06-04 11:11:00.182   390   390 I Launcher: setLoadOnResume

06-04 11:11:00.182   390   390 I Launcher: setLoadOnResume

06-04 11:11:00.198   390   390 I Launcher: setLoadOnResume

06-04 11:11:00.233   390   390 I Launcher: setLoadOnResume

06-04 11:12:56.671   390   390 I Launcher: setLoadOnResume

06-04 11:12:56.686   390   390 I Launcher: setLoadOnResume

06-04 11:12:56.706   390   390 I Launcher: setLoadOnResume

06-04 11:12:56.706   390   390 I Launcher: setLoadOnResume

06-04 11:12:56.721   390   390 I Launcher: setLoadOnResume

06-04 11:12:56.737   390   390 I Launcher: setLoadOnResume

06-04 11:41:33.546   390   390 I Launcher: setLoadOnResume

06-04 11:41:33.561   390   390 I Launcher: setLoadOnResume

06-04 11:41:33.581   390   390 I Launcher: setLoadOnResume

06-04 11:41:33.581   390   390 I Launcher: setLoadOnResume

06-04 11:41:33.596   390   390 I Launcher: setLoadOnResume

06-04 11:41:33.639   390   390 I Launcher: setLoadOnResume

06-04 12:35:58.350   390   390 I Launcher: setLoadOnResume

06-04 12:35:58.382   390   390 I Launcher: setLoadOnResume

06-04 12:35:58.409   390   390 I Launcher: setLoadOnResume

06-04 12:35:58.409   390   390 I Launcher: setLoadOnResume

06-04 12:35:58.428   390   390 I Launcher: setLoadOnResume

06-04 12:35:58.440   390   390 I Launcher: setLoadOnResume

06-04 12:39:00.128   390   390 I Launcher: setLoadOnResume

06-04 12:39:00.139   390   390 I Launcher: setLoadOnResume

06-04 12:39:00.155   390   390 I Launcher: setLoadOnResume

06-04 12:39:00.155   390   390 I Launcher: setLoadOnResume

06-04 12:39:00.178   390   390 I Launcher: setLoadOnResume

06-04 12:39:00.198   390   390 I Launcher: setLoadOnResume

06-04 13:09:19.370   390   390 I Launcher: setLoadOnResume

06-04 13:09:19.385   390   390 I Launcher: setLoadOnResume

06-04 13:09:19.405   390   390 I Launcher: setLoadOnResume

06-04 13:09:19.405   390   390 I Launcher: setLoadOnResume

06-04 13:09:19.432   390   390 I Launcher: setLoadOnResume

06-04 13:09:19.452   390   390 I Launcher: setLoadOnResume

06-04 13:40:00.135   390   390 I Launcher: setLoadOnResume

06-04 13:40:00.151   390   390 I Launcher: setLoadOnResume

06-04 13:40:00.167   390   390 I Launcher: setLoadOnResume

06-04 13:40:00.167   390   390 I Launcher: setLoadOnResume

06-04 13:40:00.182   390   390 I Launcher: setLoadOnResume

06-04 13:40:00.217   390   390 I Launcher: setLoadOnResume

04-24 13:21:22.425   395   395 I Launcher: setLoadOnResume

06-03 11:12:50.401   390   390 I Launcher: setLoadOnResume

06-03 11:12:50.417   390   390 I Launcher: setLoadOnResume

06-03 11:12:50.432   390   390 I Launcher: setLoadOnResume

06-03 11:12:50.432   390   390 I Launcher: setLoadOnResume

06-03 11:12:50.448   390   390 I Launcher: setLoadOnResume

06-03 11:12:50.467   390   390 I Launcher: setLoadOnResume

06-03 11:12:55.307   390   390 I Launcher: setLoadOnResume

06-03 11:12:55.323   390   390 I Launcher: setLoadOnResume

06-03 11:12:55.338   390   390 I Launcher: setLoadOnResume

06-03 11:12:55.338   390   390 I Launcher: setLoadOnResume

06-03 11:12:55.366   390   390 I Launcher: setLoadOnResume

06-03 11:12:55.393   390   390 I Launcher: setLoadOnResume

06-03 11:26:37.749   390   390 I Launcher: setLoadOnResume

06-03 11:26:37.764   390   390 I Launcher: setLoadOnResume

06-03 11:26:37.784   390   390 I Launcher: setLoadOnResume

06-03 11:26:37.784   390   390 I Launcher: setLoadOnResume

06-03 11:26:37.866   390   390 I Launcher: setLoadOnResume

06-03 11:26:37.920   390   390 I Launcher: setLoadOnResume

06-03 11:43:46.522   390   390 I Launcher: setLoadOnResume

06-03 11:43:46.534   390   390 I Launcher: setLoadOnResume

06-03 11:43:46.553   390   390 I Launcher: setLoadOnResume

06-03 11:43:46.553   390   390 I Launcher: setLoadOnResume

06-03 11:43:46.569   390   390 I Launcher: setLoadOnResume

06-03 11:43:46.584   390   390 I Launcher: setLoadOnResume

06-03 11:57:00.135   390   390 I Launcher: setLoadOnResume

06-03 11:57:00.147   390   390 I Launcher: setLoadOnResume

06-03 11:57:00.167   390   390 I Launcher: setLoadOnResume

06-03 11:57:00.167   390   390 I Launcher: setLoadOnResume

06-03 11:57:00.182   390   390 I Launcher: setLoadOnResume

06-03 11:57:00.217   390   390 I Launcher: setLoadOnResume

06-03 12:11:46.553   390   390 I Launcher: setLoadOnResume

06-03 12:11:46.573   390   390 I Launcher: setLoadOnResume

06-03 12:11:46.588   390   390 I Launcher: setLoadOnResume

06-03 12:11:46.592   390   390 I Launcher: setLoadOnResume

06-03 12:11:46.608   390   390 I Launcher: setLoadOnResume

06-03 12:11:46.624   390   390 I Launcher: setLoadOnResume

06-03 12:42:00.135   390   390 I Launcher: setLoadOnResume

06-03 12:42:00.155   390   390 I Launcher: setLoadOnResume

06-03 12:42:00.182   390   390 I Launcher: setLoadOnResume

06-03 12:42:00.182   390   390 I Launcher: setLoadOnResume

06-03 12:42:00.202   390   390 I Launcher: setLoadOnResume

06-03 12:42:00.233   390   390 I Launcher: setLoadOnResume

06-03 13:46:00.151   390   390 I Launcher: setLoadOnResume

06-03 13:46:00.167   390   390 I Launcher: setLoadOnResume

06-03 13:46:00.182   390   390 I Launcher: setLoadOnResume

06-03 13:46:00.182   390   390 I Launcher: setLoadOnResume

06-03 13:46:00.202   390   390 I Launcher: setLoadOnResume

06-03 13:46:00.225   390   390 I Launcher: setLoadOnResume

06-03 15:09:57.772   390   390 I Launcher: setLoadOnResume

06-03 15:09:57.784   390   390 I Launcher: setLoadOnResume

06-03 15:09:57.799   390   390 I Launcher: setLoadOnResume

06-03 15:09:57.799   390   390 I Launcher: setLoadOnResume

06-03 15:09:57.819   390   390 I Launcher: setLoadOnResume

06-03 15:09:57.835   390   390 I Launcher: setLoadOnResume

05-30 19:14:44.512   390   390 I Launcher: setLoadOnResume

05-30 19:14:44.524   390   390 I Launcher: setLoadOnResume

05-30 19:14:44.539   390   390 I Launcher: setLoadOnResume

05-30 19:14:44.539   390   390 I Launcher: setLoadOnResume

05-30 19:14:44.551   390   390 I Launcher: setLoadOnResume

05-30 19:14:44.559   390   390 I Launcher: setLoadOnResume

05-30 19:45:00.110   390   390 I Launcher: setLoadOnResume

05-30 19:45:00.121   390   390 I Launcher: setLoadOnResume

05-30 19:45:00.141   390   390 I Launcher: setLoadOnResume

05-30 19:45:00.141   390   390 I Launcher: setLoadOnResume

05-30 19:45:00.164   390   390 I Launcher: setLoadOnResume

05-30 19:45:00.184   390   390 I Launcher: setLoadOnResume

05-30 20:39:28.430   390   390 I Launcher: setLoadOnResume

05-30 20:39:28.453   390   390 I Launcher: setLoadOnResume

05-30 20:39:28.469   390   390 I Launcher: setLoadOnResume

05-30 20:39:28.469   390   390 I Launcher: setLoadOnResume

05-30 20:39:28.485   390   390 I Launcher: setLoadOnResume

05-30 20:39:28.488   390   390 I Launcher: setLoadOnResume

04-24 13:21:22.425   395   395 I Launcher: setLoadOnResume

06-02 21:58:25.049   390   390 I Launcher: setLoadOnResume

06-02 21:58:25.061   390   390 I Launcher: setLoadOnResume

06-02 21:58:25.076   390   390 I Launcher: setLoadOnResume

06-02 21:58:25.076   390   390 I Launcher: setLoadOnResume

06-02 21:58:25.096   390   390 I Launcher: setLoadOnResume

06-02 21:58:25.108   390   390 I Launcher: setLoadOnResume

06-02 22:28:00.096   390   390 I Launcher: setLoadOnResume

06-02 22:28:00.111   390   390 I Launcher: setLoadOnResume

06-02 22:28:00.127   390   390 I Launcher: setLoadOnResume

06-02 22:28:00.127   390   390 I Launcher: setLoadOnResume

06-02 22:28:00.151   390   390 I Launcher: setLoadOnResume

06-02 22:28:00.162   390   390 I Launcher: setLoadOnResume

06-03 00:00:00.404   390   390 I Launcher: setLoadOnResume

06-03 00:00:00.459   390   390 I Launcher: setLoadOnResume

06-03 00:00:00.475   390   390 I Launcher: setLoadOnResume

06-03 00:00:00.475   390   390 I Launcher: setLoadOnResume

06-03 00:00:00.494   390   390 I Launcher: setLoadOnResume

06-03 00:00:00.608   390   390 I Launcher: setLoadOnResume

06-03 00:00:00.615   390   390 I Launcher: setLoadOnResume

06-03 00:00:00.623   390   390 I Launcher: setLoadOnResume

06-03 00:00:00.623   390   390 I Launcher: setLoadOnResume

06-03 00:00:00.631   390   390 I Launcher: setLoadOnResume

06-03 00:00:00.643   390   390 I Launcher: setLoadOnResume

06-03 00:31:00.147   390   390 I Launcher: setLoadOnResume

06-03 00:31:00.158   390   390 I Launcher: setLoadOnResume

06-03 00:31:00.174   390   390 I Launcher: setLoadOnResume

06-03 00:31:00.174   390   390 I Launcher: setLoadOnResume

06-03 00:31:00.194   390   390 I Launcher: setLoadOnResume

06-03 00:31:00.225   390   390 I Launcher: setLoadOnResume

06-03 01:02:00.139   390   390 I Launcher: setLoadOnResume

06-03 01:02:00.151   390   390 I Launcher: setLoadOnResume

06-03 01:02:00.166   390   390 I Launcher: setLoadOnResume

06-03 01:02:00.166   390   390 I Launcher: setLoadOnResume

06-03 01:02:00.186   390   390 I Launcher: setLoadOnResume

06-03 01:02:00.213   390   390 I Launcher: setLoadOnResume

06-03 01:33:00.151   390   390 I Launcher: setLoadOnResume

06-03 01:33:00.162   390   390 I Launcher: setLoadOnResume

06-03 01:33:00.182   390   390 I Launcher: setLoadOnResume

06-03 01:33:00.182   390   390 I Launcher: setLoadOnResume

06-03 01:33:00.197   390   390 I Launcher: setLoadOnResume

06-03 01:33:00.225   390   390 I Launcher: setLoadOnResume

04-27 13:24:25.648   393   393 I Launcher: setLoadOnResume

04-27 13:36:28.717   393   393 I Launcher: setLoadOnResume

06-01 18:45:07.303   390   390 I Launcher: setLoadOnResume

06-01 19:26:00.131   390   390 I Launcher: setLoadOnResume

06-01 19:26:00.146   390   390 I Launcher: setLoadOnResume

06-01 19:26:00.166   390   390 I Launcher: setLoadOnResume

06-01 19:26:00.166   390   390 I Launcher: setLoadOnResume

06-01 19:26:00.217   390   390 I Launcher: setLoadOnResume

06-01 19:26:00.232   390   390 I Launcher: setLoadOnResume

06-01 19:33:18.662   390   390 I Launcher: setLoadOnResume

06-01 19:33:18.678   390   390 I Launcher: setLoadOnResume

06-01 19:33:18.697   390   390 I Launcher: setLoadOnResume

06-01 19:33:18.697   390   390 I Launcher: setLoadOnResume

06-01 19:33:18.709   390   390 I Launcher: setLoadOnResume

06-01 19:33:18.744   390   390 I Launcher: setLoadOnResume

06-01 19:56:28.353   390   390 I Launcher: setLoadOnResume

06-01 19:56:28.369   390   390 I Launcher: setLoadOnResume

06-01 19:56:28.385   390   390 I Launcher: setLoadOnResume

06-01 19:56:28.385   390   390 I Launcher: setLoadOnResume

06-01 19:56:28.400   390   390 I Launcher: setLoadOnResume

06-01 19:56:28.435   390   390 I Launcher: setLoadOnResume

06-01 20:27:00.115   390   390 I Launcher: setLoadOnResume

06-01 20:27:00.135   390   390 I Launcher: setLoadOnResume

06-01 20:27:00.158   390   390 I Launcher: setLoadOnResume

06-01 20:27:00.158   390   390 I Launcher: setLoadOnResume

06-01 20:27:00.178   390   390 I Launcher: setLoadOnResume

06-01 20:27:00.185   390   390 I Launcher: setLoadOnResume

06-01 20:58:34.197   390   390 I Launcher: setLoadOnResume

06-01 20:58:34.209   390   390 I Launcher: setLoadOnResume

06-01 20:58:34.228   390   390 I Launcher: setLoadOnResume

06-01 20:58:34.228   390   390 I Launcher: setLoadOnResume

06-01 20:58:34.244   390   390 I Launcher: setLoadOnResume

06-01 20:58:34.256   390   390 I Launcher: setLoadOnResume

06-01 20:58:37.560   390   390 I Launcher: setLoadOnResume

06-01 20:58:37.572   390   390 I Launcher: setLoadOnResume

06-01 20:58:37.588   390   390 I Launcher: setLoadOnResume

06-01 20:58:37.588   390   390 I Launcher: setLoadOnResume

06-01 20:58:37.607   390   390 I Launcher: setLoadOnResume

06-01 20:58:37.642   390   390 I Launcher: setLoadOnResume

06-02 00:00:00.717   390   390 I Launcher: setLoadOnResume

06-02 00:00:00.740   390   390 I Launcher: setLoadOnResume

06-02 00:00:00.756   390   390 I Launcher: setLoadOnResume

06-02 00:00:00.756   390   390 I Launcher: setLoadOnResume

06-02 00:00:00.807   390   390 I Launcher: setLoadOnResume

06-02 00:00:00.861   390   390 I Launcher: setLoadOnResume

06-02 00:00:00.896   390   390 I Launcher: setLoadOnResume

06-02 00:00:00.916   390   390 I Launcher: setLoadOnResume

06-02 00:00:00.932   390   390 I Launcher: setLoadOnResume

06-02 00:00:00.932   390   390 I Launcher: setLoadOnResume

06-02 00:00:00.947   390   390 I Launcher: setLoadOnResume

06-02 00:00:00.959   390   390 I Launcher: setLoadOnResume

07-02 11:22:22.863   371   371 D Launcher.Model: Reload apps on config change. curr_mcc:310 prevmcc:0

05-31 07:16:00.174   390   390 I Launcher: setLoadOnResume

05-31 07:16:00.186   390   390 I Launcher: setLoadOnResume

05-31 07:16:00.205   390   390 I Launcher: setLoadOnResume

05-31 07:16:00.205   390   390 I Launcher: setLoadOnResume

05-31 07:16:00.221   390   390 I Launcher: setLoadOnResume

05-31 07:16:00.229   390   390 I Launcher: setLoadOnResume

05-31 08:07:54.804   390   390 I Launcher: setLoadOnResume

05-31 08:07:54.816   390   390 I Launcher: setLoadOnResume

05-31 08:07:54.831   390   390 I Launcher: setLoadOnResume

05-31 08:07:54.831   390   390 I Launcher: setLoadOnResume

05-31 08:07:54.843   390   390 I Launcher: setLoadOnResume

05-31 08:07:54.847   390   390 I Launcher: setLoadOnResume

05-31 08:39:00.172   390   390 I Launcher: setLoadOnResume

05-31 08:39:00.183   390   390 I Launcher: setLoadOnResume

05-31 08:39:00.203   390   390 I Launcher: setLoadOnResume

05-31 08:39:00.203   390   390 I Launcher: setLoadOnResume

05-31 08:39:00.218   390   390 I Launcher: setLoadOnResume

05-31 08:39:00.222   390   390 I Launcher: setLoadOnResume

05-31 09:09:53.281   390   390 I Launcher: setLoadOnResume

05-31 09:09:53.292   390   390 I Launcher: setLoadOnResume

05-31 09:09:53.312   390   390 I Launcher: setLoadOnResume

05-31 09:09:53.312   390   390 I Launcher: setLoadOnResume

05-31 09:09:53.335   390   390 I Launcher: setLoadOnResume

05-31 09:09:53.347   390   390 I Launcher: setLoadOnResume

05-31 10:33:24.035   390   390 I Launcher: setLoadOnResume

05-31 10:33:24.046   390   390 I Launcher: setLoadOnResume

05-31 10:33:24.066   390   390 I Launcher: setLoadOnResume

05-31 10:33:24.066   390   390 I Launcher: setLoadOnResume

05-31 10:33:24.078   390   390 I Launcher: setLoadOnResume

05-31 10:33:24.081   390   390 I Launcher: setLoadOnResume

05-31 11:03:59.097   390   390 I Launcher: setLoadOnResume

05-31 11:03:59.109   390   390 I Launcher: setLoadOnResume

05-31 11:03:59.124   390   390 I Launcher: setLoadOnResume

05-31 11:03:59.128   390   390 I Launcher: setLoadOnResume

05-31 11:03:59.140   390   390 I Launcher: setLoadOnResume

05-31 11:03:59.144   390   390 I Launcher: setLoadOnResume

05-31 11:35:00.164   390   390 I Launcher: setLoadOnResume

05-31 11:35:00.179   390   390 I Launcher: setLoadOnResume

05-31 11:35:00.195   390   390 I Launcher: setLoadOnResume

05-31 11:35:00.195   390   390 I Launcher: setLoadOnResume

05-31 11:35:00.203   390   390 I Launcher: setLoadOnResume

05-31 11:35:00.210   390   390 I Launcher: setLoadOnResume

12-31 19:00:52.613   371   412 W Launcher.Model: LoaderTask running with no launcher (loadAllAppsByBatch)

12-31 19:00:52.855   371   371 D Launcher.Model: Reload apps on config change. curr_mcc:310 prevmcc:0

04-12 16:25:03.218   394   394 D Launcher.Model: Reload apps on config change. curr_mcc:310 prevmcc:0

06-01 15:50:10.470   390   390 I Launcher: setLoadOnResume

06-01 15:50:20.209   390   390 I Launcher: setLoadOnResume

06-01 15:50:20.228   390   390 I Launcher: setLoadOnResume

06-01 15:50:20.244   390   390 I Launcher: setLoadOnResume

06-01 15:50:20.244   390   390 I Launcher: setLoadOnResume

06-01 15:50:20.322   390   390 I Launcher: setLoadOnResume

06-01 15:50:20.388   390   390 I Launcher: setLoadOnResume

06-01 15:50:33.482   390   390 I Launcher: setLoadOnResume

06-01 15:50:33.494   390   390 I Launcher: setLoadOnResume

06-01 15:50:33.513   390   390 I Launcher: setLoadOnResume

06-01 15:50:33.513   390   390 I Launcher: setLoadOnResume

06-01 15:50:33.529   390   390 I Launcher: setLoadOnResume

06-01 15:50:33.623   390   390 I Launcher: setLoadOnResume

06-01 16:21:00.166   390   390 I Launcher: setLoadOnResume

06-01 16:21:00.177   390   390 I Launcher: setLoadOnResume

06-01 16:21:00.193   390   390 I Launcher: setLoadOnResume

06-01 16:21:00.193   390   390 I Launcher: setLoadOnResume

06-01 16:21:00.228   390   390 I Launcher: setLoadOnResume

06-01 16:21:00.306   390   390 I Launcher: setLoadOnResume

06-01 16:26:49.869   390   390 I Launcher: setLoadOnResume

06-01 16:26:49.888   390   390 I Launcher: setLoadOnResume

06-01 16:26:49.908   390   390 I Launcher: setLoadOnResume

06-01 16:26:49.908   390   390 I Launcher: setLoadOnResume

06-01 16:26:49.920   390   390 I Launcher: setLoadOnResume

06-01 16:26:49.947   390   390 I Launcher: setLoadOnResume

06-01 16:42:00.119   390   390 I Launcher: setLoadOnResume

06-01 16:42:00.131   390   390 I Launcher: setLoadOnResume

06-01 16:42:00.150   390   390 I Launcher: setLoadOnResume

06-01 16:42:00.150   390   390 I Launcher: setLoadOnResume

06-01 16:42:00.170   390   390 I Launcher: setLoadOnResume

06-01 16:42:00.201   390   390 I Launcher: setLoadOnResume

06-01 16:51:51.619   390   390 I Launcher: setLoadOnResume

06-01 16:51:51.631   390   390 I Launcher: setLoadOnResume

06-01 16:51:51.646   390   390 I Launcher: setLoadOnResume

06-01 16:51:51.646   390   390 I Launcher: setLoadOnResume

06-01 16:51:51.666   390   390 I Launcher: setLoadOnResume

06-01 16:51:51.677   390   390 I Launcher: setLoadOnResume

06-01 17:12:22.826   390   390 I Launcher: setLoadOnResume

06-01 17:12:22.842   390   390 I Launcher: setLoadOnResume

06-01 17:12:22.861   390   390 I Launcher: setLoadOnResume

06-01 17:12:22.861   390   390 I Launcher: setLoadOnResume

06-01 17:12:22.877   390   390 I Launcher: setLoadOnResume

06-01 17:12:22.900   390   390 I Launcher: setLoadOnResume

06-01 17:14:15.467   390   390 I Launcher: setLoadOnResume

06-01 17:14:16.943   390   390 I Launcher: setLoadOnResume

06-01 17:14:16.959   390   390 I Launcher: setLoadOnResume

06-01 17:14:16.974   390   390 I Launcher: setLoadOnResume

06-01 17:14:16.974   390   390 I Launcher: setLoadOnResume

06-01 17:14:16.994   390   390 I Launcher: setLoadOnResume

06-01 17:14:17.009   390   390 I Launcher: setLoadOnResume

06-01 17:14:17.619   390   390 I Launcher: setLoadOnResume

06-01 17:14:17.642   390   390 I Launcher: setLoadOnResume

06-01 17:14:17.662   390   390 I Launcher: setLoadOnResume

06-01 17:14:17.662   390   390 I Launcher: setLoadOnResume

06-01 17:14:17.677   390   390 I Launcher: setLoadOnResume

06-01 17:14:17.697   390   390 I Launcher: setLoadOnResume

06-01 17:14:17.767   390   390 I Launcher: setLoadOnResume

06-01 17:14:17.775   390   390 I Launcher: setLoadOnResume

06-01 17:14:17.795   390   390 I Launcher: setLoadOnResume

06-01 17:14:17.795   390   390 I Launcher: setLoadOnResume

06-01 17:14:17.834   390   390 I Launcher: setLoadOnResume

06-01 17:14:17.857   390   390 I Launcher: setLoadOnResume

06-01 17:14:17.888   390   390 I Launcher: setLoadOnResume

06-01 17:14:17.908   390   390 I Launcher: setLoadOnResume

06-01 17:14:17.920   390   390 I Launcher: setLoadOnResume

06-01 17:14:17.924   390   390 I Launcher: setLoadOnResume

06-01 17:14:17.939   390   390 I Launcher: setLoadOnResume

06-01 17:14:17.970   390   390 I Launcher: setLoadOnResume

06-01 17:41:48.306   390   390 I Launcher: setLoadOnResume

06-01 17:41:48.318   390   390 I Launcher: setLoadOnResume

06-01 17:41:48.338   390   390 I Launcher: setLoadOnResume

06-01 17:41:48.338   390   390 I Launcher: setLoadOnResume

06-01 17:41:48.349   390   390 I Launcher: setLoadOnResume

06-01 17:41:48.365   390   390 I Launcher: setLoadOnResume

06-01 17:44:38.092   390   390 I Launcher: setLoadOnResume

06-01 17:44:38.115   390   390 I Launcher: setLoadOnResume

06-01 17:44:38.142   390   390 I Launcher: setLoadOnResume

06-01 17:44:38.150   390   390 I Launcher: setLoadOnResume

06-01 17:44:38.158   390   390 I Launcher: setLoadOnResume

06-01 17:44:38.170   390   390 I Launcher: setLoadOnResume

06-01 18:12:00.127   390   390 I Launcher: setLoadOnResume

06-01 18:12:00.150   390   390 I Launcher: setLoadOnResume

06-01 18:12:00.166   390   390 I Launcher: setLoadOnResume

06-01 18:12:00.166   390   390 I Launcher: setLoadOnResume

06-01 18:12:00.181   390   390 I Launcher: setLoadOnResume

06-01 18:12:00.197   390   390 I Launcher: setLoadOnResume

07-02 14:12:46.742   371   413 W Launcher.Model: LoaderTask running with no launcher (onlyBindAllApps)

05-31 12:14:28.030   390   390 I Launcher: setLoadOnResume

05-31 12:14:28.042   390   390 I Launcher: setLoadOnResume

05-31 12:14:28.061   390   390 I Launcher: setLoadOnResume

05-31 12:14:28.061   390   390 I Launcher: setLoadOnResume

05-31 12:14:28.073   390   390 I Launcher: setLoadOnResume

05-31 12:14:28.081   390   390 I Launcher: setLoadOnResume

04-02 10:36:04.334   346   346 I Launcher: setLoadOnResume

04-02 10:36:29.709   346   346 I Launcher: setLoadOnResume

04-02 10:40:55.426   346   346 I Launcher: setLoadOnResume

01-01 05:46:19.792   390   390 D Launcher.Model: Reload apps on config change. curr_mcc:310 prevmcc:0

04-24 11:36:21.386   385   413 D Launcher.Model: going to save icon bitmap for info=ShortcutInfo(title=Chrome Beta)

04-24 11:36:22.007   385   385 D Launcher.Model: Reload apps on config change. curr_mcc:310 prevmcc:0

04-24 11:36:24.625   385   385 I Launcher: setLoadOnResume

04-24 11:36:24.675   385   385 I Launcher: setLoadOnResume

04-24 12:19:31.585   391   391 D Launcher.Model: Reload apps on config change. curr_mcc:310 prevmcc:0

04-24 12:19:33.304   391   391 I Launcher: setLoadOnResume

04-24 12:19:34.394   391   391 I Launcher: setLoadOnResume

04-24 12:19:34.421   391   391 I Launcher: setLoadOnResume

06-03 18:38:00.139   390   390 I Launcher: setLoadOnResume

06-03 18:38:00.225   390   390 I Launcher: setLoadOnResume

06-03 18:38:00.245   390   390 I Launcher: setLoadOnResume

06-03 18:38:00.245   390   390 I Launcher: setLoadOnResume

06-03 18:38:00.260   390   390 I Launcher: setLoadOnResume

06-03 18:38:00.280   390   390 I Launcher: setLoadOnResume

02-22 11:50:32.546  1335  1335 I Launcher: setLoadOnResume

02-21 17:27:10.642  1335  1335 I Launcher: setLoadOnResume

01-01 19:01:03.949   390   421 W Launcher.Model: LoaderTask running with no launcher (loadAllAppsByBatch)

01-01 19:01:04.316   390   390 D Launcher.Model: Reload apps on config change. curr_mcc:310 prevmcc:0

05-15 11:23:35.624   390   390 I Launcher: setLoadOnResume

04-11 15:30:35.386   390   390 I Launcher: setLoadOnResume

04-11 16:03:26.480   390   390 I Launcher: setLoadOnResume

06-03 22:15:44.604   390   390 I Launcher: setLoadOnResume

06-03 22:15:44.620   390   390 I Launcher: setLoadOnResume

06-03 22:15:44.636   390   390 I Launcher: setLoadOnResume

06-03 22:15:44.636   390   390 I Launcher: setLoadOnResume

06-03 22:15:44.659   390   390 I Launcher: setLoadOnResume

06-03 22:15:44.698   390   390 I Launcher: setLoadOnResume

06-03 22:15:44.878   390   390 I Launcher: setLoadOnResume

06-03 22:15:44.897   390   390 I Launcher: setLoadOnResume

06-03 22:15:44.913   390   390 I Launcher: setLoadOnResume

06-03 22:15:44.913   390   390 I Launcher: setLoadOnResume

06-03 22:15:44.937   390   390 I Launcher: setLoadOnResume

06-03 22:15:45.155   390   390 I Launcher: setLoadOnResume

06-03 22:15:45.171   390   390 I Launcher: setLoadOnResume

06-03 22:15:45.190   390   390 I Launcher: setLoadOnResume

06-03 22:15:45.190   390   390 I Launcher: setLoadOnResume

06-03 22:15:45.206   390   390 I Launcher: setLoadOnResume

06-03 22:15:45.237   390   390 I Launcher: setLoadOnResume

06-03 22:46:00.108   390   390 I Launcher: setLoadOnResume

06-03 22:46:00.124   390   390 I Launcher: setLoadOnResume

06-03 22:46:00.136   390   390 I Launcher: setLoadOnResume

06-03 22:46:00.136   390   390 I Launcher: setLoadOnResume

06-03 22:46:00.159   390   390 I Launcher: setLoadOnResume

06-03 22:46:00.171   390   390 I Launcher: setLoadOnResume

06-03 22:46:26.636   390   390 I Launcher: setLoadOnResume

06-03 22:46:26.647   390   390 I Launcher: setLoadOnResume

06-03 22:46:26.667   390   390 I Launcher: setLoadOnResume

06-03 22:46:26.667   390   390 I Launcher: setLoadOnResume

06-03 22:46:26.710   390   390 I Launcher: setLoadOnResume

06-03 22:46:26.745   390   390 I Launcher: setLoadOnResume

06-04 03:09:25.034   390   390 I Launcher: setLoadOnResume

06-04 03:09:25.046   390   390 I Launcher: setLoadOnResume

06-04 03:09:25.062   390   390 I Launcher: setLoadOnResume

06-04 03:09:25.062   390   390 I Launcher: setLoadOnResume

06-04 03:09:25.109   390   390 I Launcher: setLoadOnResume

06-04 03:09:25.136   390   390 I Launcher: setLoadOnResume

04-24 17:52:25.476   382   408 W Launcher.Model: LoaderTask running with no launcher (loadAllAppsByBatch)

04-24 17:52:25.742   382   382 D Launcher.Model: Reload apps on config change. curr_mcc:310 prevmcc:0

04-24 19:18:40.882   384   384 D Launcher.Model: Reload apps on config change. curr_mcc:310 prevmcc:0

06-02 11:12:55.819   390   390 I Launcher: setLoadOnResume

06-02 11:12:55.834   390   390 I Launcher: setLoadOnResume

06-02 11:12:55.850   390   390 I Launcher: setLoadOnResume

06-02 11:12:55.850   390   390 I Launcher: setLoadOnResume

06-02 11:12:56.030   390   390 I Launcher: setLoadOnResume

06-02 11:12:56.041   390   390 I Launcher: setLoadOnResume

06-02 11:12:59.076   390   390 I Launcher: setLoadOnResume

06-02 11:12:59.088   390   390 I Launcher: setLoadOnResume

06-02 11:12:59.104   390   390 I Launcher: setLoadOnResume

06-02 11:12:59.104   390   390 I Launcher: setLoadOnResume

06-02 11:12:59.123   390   390 I Launcher: setLoadOnResume

06-02 11:12:59.131   390   390 I Launcher: setLoadOnResume

06-02 12:53:44.229   390   390 I Launcher: setLoadOnResume

06-02 12:53:44.244   390   390 I Launcher: setLoadOnResume

06-02 12:53:44.260   390   390 I Launcher: setLoadOnResume

06-02 12:53:44.260   390   390 I Launcher: setLoadOnResume

06-02 12:53:44.280   390   390 I Launcher: setLoadOnResume

06-02 12:53:44.295   390   390 I Launcher: setLoadOnResume

06-02 17:24:19.057   390   390 I Launcher: setLoadOnResume

06-02 17:24:19.069   390   390 I Launcher: setLoadOnResume

06-02 17:24:19.088   390   390 I Launcher: setLoadOnResume

06-02 17:24:19.088   390   390 I Launcher: setLoadOnResume

06-02 17:24:19.104   390   390 I Launcher: setLoadOnResume

06-02 17:24:19.131   390   390 I Launcher: setLoadOnResume

05-30 21:10:00.145   390   390 I Launcher: setLoadOnResume

05-30 21:10:00.156   390   390 I Launcher: setLoadOnResume

05-30 21:10:00.172   390   390 I Launcher: setLoadOnResume

05-30 21:10:00.176   390   390 I Launcher: setLoadOnResume

05-30 21:10:00.196   390   390 I Launcher: setLoadOnResume

05-30 21:10:00.203   390   390 I Launcher: setLoadOnResume

05-30 21:56:51.930   390   390 I Launcher: setLoadOnResume

05-30 21:56:51.942   390   390 I Launcher: setLoadOnResume

05-30 21:56:51.957   390   390 I Launcher: setLoadOnResume

05-30 21:56:51.957   390   390 I Launcher: setLoadOnResume

05-30 21:56:51.969   390   390 I Launcher: setLoadOnResume

05-30 21:56:51.977   390   390 I Launcher: setLoadOnResume

05-30 22:27:29.535   390   390 I Launcher: setLoadOnResume

05-30 22:27:29.559   390   390 I Launcher: setLoadOnResume

05-30 22:27:29.578   390   390 I Launcher: setLoadOnResume

05-30 22:27:29.590   390   390 I Launcher: setLoadOnResume

05-30 22:27:29.606   390   390 I Launcher: setLoadOnResume

05-30 22:27:29.610   390   390 I Launcher: setLoadOnResume

05-31 00:00:00.332   390   390 I Launcher: setLoadOnResume

05-31 00:00:00.352   390   390 I Launcher: setLoadOnResume

05-31 00:00:00.371   390   390 I Launcher: setLoadOnResume

05-31 00:00:00.371   390   390 I Launcher: setLoadOnResume

05-31 00:00:00.391   390   390 I Launcher: setLoadOnResume

05-31 00:00:00.399   390   390 I Launcher: setLoadOnResume

05-31 00:00:00.571   390   390 I Launcher: setLoadOnResume

05-31 00:00:00.582   390   390 I Launcher: setLoadOnResume

05-31 00:00:00.602   390   390 I Launcher: setLoadOnResume

05-31 00:00:00.602   390   390 I Launcher: setLoadOnResume

05-31 00:00:00.614   390   390 I Launcher: setLoadOnResume

05-31 00:00:00.617   390   390 I Launcher: setLoadOnResume

05-31 00:31:00.172   390   390 I Launcher: setLoadOnResume

05-31 00:31:00.188   390   390 I Launcher: setLoadOnResume

05-31 00:31:00.203   390   390 I Launcher: setLoadOnResume

05-31 00:31:00.203   390   390 I Launcher: setLoadOnResume

05-31 00:31:00.231   390   390 I Launcher: setLoadOnResume

05-31 00:31:00.239   390   390 I Launcher: setLoadOnResume

05-31 01:01:13.246   390   390 I Launcher: setLoadOnResume

05-31 01:01:13.262   390   390 I Launcher: setLoadOnResume

05-31 01:01:13.278   390   390 I Launcher: setLoadOnResume

05-31 01:01:13.278   390   390 I Launcher: setLoadOnResume

05-31 01:01:13.309   390   390 I Launcher: setLoadOnResume

05-31 01:01:13.321   390   390 I Launcher: setLoadOnResume

05-24 12:53:37.496   390   390 I Launcher: setLoadOnResume

05-24 12:55:44.984   390   390 I Launcher: setLoadOnResume

04-24 23:12:00.104   394   394 D Launcher.Model: Reload apps on config change. curr_mcc:310 prevmcc:0

01-12 20:46:45.710   346   346 D Launcher.Model: Reload apps on config change. curr_mcc:310 prevmcc:0

05-30 14:06:48.225   390   390 I Launcher: setLoadOnResume

05-30 14:06:52.908   390   390 I Launcher: setLoadOnResume

05-30 14:06:52.963   390   390 I Launcher: setLoadOnResume

05-30 14:06:52.982   390   390 I Launcher: setLoadOnResume

05-30 14:06:52.982   390   390 I Launcher: setLoadOnResume

05-30 14:06:53.307   390   390 I Launcher: setLoadOnResume

05-30 14:06:53.311   390   390 I Launcher: setLoadOnResume

05-30 14:06:54.385   390   390 I Launcher: setLoadOnResume

05-30 14:06:54.428   390   390 I Launcher: setLoadOnResume

05-30 14:06:54.447   390   390 I Launcher: setLoadOnResume

05-30 14:06:54.447   390   390 I Launcher: setLoadOnResume

05-30 14:06:54.459   390   390 I Launcher: setLoadOnResume

05-30 14:06:54.467   390   390 I Launcher: setLoadOnResume

05-30 14:06:54.857   390   390 I Launcher: setLoadOnResume

05-30 14:06:54.869   390   390 I Launcher: setLoadOnResume

05-30 14:06:54.885   390   390 I Launcher: setLoadOnResume

05-30 14:06:54.885   390   390 I Launcher: setLoadOnResume

05-30 14:06:54.912   390   390 I Launcher: setLoadOnResume

05-30 14:06:54.920   390   390 I Launcher: setLoadOnResume

05-30 14:06:55.318   390   390 I Launcher: setLoadOnResume

05-30 14:06:55.350   390   390 I Launcher: setLoadOnResume

05-30 14:06:55.432   390   390 I Launcher: setLoadOnResume

05-30 14:06:55.432   390   390 I Launcher: setLoadOnResume

05-30 14:06:55.451   390   390 I Launcher: setLoadOnResume

05-30 14:06:55.459   390   390 I Launcher: setLoadOnResume

05-30 14:06:55.771   390   390 I Launcher: setLoadOnResume

05-30 14:06:55.783   390   390 I Launcher: setLoadOnResume

05-30 14:06:55.799   390   390 I Launcher: setLoadOnResume

05-30 14:06:55.799   390   390 I Launcher: setLoadOnResume

05-30 14:06:55.814   390   390 I Launcher: setLoadOnResume

05-30 14:06:55.826   390   390 I Launcher: setLoadOnResume

05-30 14:06:57.389   390   390 I Launcher: setLoadOnResume

05-30 14:06:57.404   390   390 I Launcher: setLoadOnResume

05-30 14:06:57.420   390   390 I Launcher: setLoadOnResume

05-30 14:06:57.420   390   390 I Launcher: setLoadOnResume

05-30 14:06:57.432   390   390 I Launcher: setLoadOnResume

05-30 14:06:57.436   390   390 I Launcher: setLoadOnResume

05-30 14:11:43.031   390   390 I Launcher: setLoadOnResume

05-30 14:11:43.043   390   390 I Launcher: setLoadOnResume

05-30 14:11:43.058   390   390 I Launcher: setLoadOnResume

05-30 14:11:43.062   390   390 I Launcher: setLoadOnResume

05-30 14:11:43.089   390   390 I Launcher: setLoadOnResume

05-30 14:11:43.105   390   390 I Launcher: setLoadOnResume

05-30 14:15:59.992   390   390 I Launcher: setLoadOnResume

05-30 14:16:00.007   390   390 I Launcher: setLoadOnResume

05-30 14:16:00.023   390   390 I Launcher: setLoadOnResume

05-30 14:16:00.023   390   390 I Launcher: setLoadOnResume

05-30 14:16:00.066   390   390 I Launcher: setLoadOnResume

05-30 14:16:00.074   390   390 I Launcher: setLoadOnResume

05-30 14:31:00.125   390   390 I Launcher: setLoadOnResume

05-30 14:31:00.136   390   390 I Launcher: setLoadOnResume

05-30 14:31:00.152   390   390 I Launcher: setLoadOnResume

05-30 14:31:00.152   390   390 I Launcher: setLoadOnResume

05-30 14:31:00.164   390   390 I Launcher: setLoadOnResume

05-30 14:31:00.168   390   390 I Launcher: setLoadOnResume

05-30 14:31:35.863   390   390 I Launcher: setLoadOnResume

05-30 14:31:35.894   390   390 I Launcher: setLoadOnResume

05-30 14:31:35.914   390   390 I Launcher: setLoadOnResume

05-30 14:31:35.914   390   390 I Launcher: setLoadOnResume

05-30 14:31:35.929   390   390 I Launcher: setLoadOnResume

05-30 14:31:35.933   390   390 I Launcher: setLoadOnResume

05-30 14:41:36.144   390   390 I Launcher: setLoadOnResume

05-30 14:41:36.203   390   390 I Launcher: setLoadOnResume

05-30 14:41:36.230   390   390 I Launcher: setLoadOnResume

05-30 14:41:36.238   390   390 I Launcher: setLoadOnResume

05-30 14:41:36.257   390   390 I Launcher: setLoadOnResume

05-30 14:41:36.261   390   390 I Launcher: setLoadOnResume

05-30 14:41:36.308   390   390 I Launcher: setLoadOnResume

05-30 14:41:36.324   390   390 I Launcher: setLoadOnResume

05-30 14:41:36.339   390   390 I Launcher: setLoadOnResume

05-30 14:41:36.339   390   390 I Launcher: setLoadOnResume

05-30 14:41:36.363   390   390 I Launcher: setLoadOnResume

05-30 14:41:36.367   390   390 I Launcher: setLoadOnResume

05-30 14:57:18.408   390   390 I Launcher: setLoadOnResume

05-30 14:57:18.424   390   390 I Launcher: setLoadOnResume

05-30 14:57:18.443   390   390 I Launcher: setLoadOnResume

05-30 14:57:18.443   390   390 I Launcher: setLoadOnResume

05-30 14:57:18.471   390   390 I Launcher: setLoadOnResume

05-30 14:57:18.478   390   390 I Launcher: setLoadOnResume

05-30 14:57:18.756   390   390 I Launcher: setLoadOnResume

05-30 14:57:18.779   390   390 I Launcher: setLoadOnResume

05-30 14:57:18.795   390   390 I Launcher: setLoadOnResume

05-30 14:57:18.795   390   390 I Launcher: setLoadOnResume

05-30 14:57:18.807   390   390 I Launcher: setLoadOnResume

05-30 14:57:18.814   390   390 I Launcher: setLoadOnResume

05-30 15:01:36.053   390   390 I Launcher: setLoadOnResume

05-30 15:01:36.064   390   390 I Launcher: setLoadOnResume

05-30 15:01:36.080   390   390 I Launcher: setLoadOnResume

05-30 15:01:36.080   390   390 I Launcher: setLoadOnResume

05-30 15:01:36.092   390   390 I Launcher: setLoadOnResume

05-30 15:01:36.100   390   390 I Launcher: setLoadOnResume

05-30 15:01:59.084   390   390 I Launcher: setLoadOnResume

05-30 15:01:59.100   390   390 I Launcher: setLoadOnResume

05-30 15:01:59.115   390   390 I Launcher: setLoadOnResume

05-30 15:01:59.115   390   390 I Launcher: setLoadOnResume

05-30 15:01:59.127   390   390 I Launcher: setLoadOnResume

05-30 15:01:59.131   390   390 I Launcher: setLoadOnResume

05-30 16:02:03.803   390   390 I Launcher: setLoadOnResume

05-30 16:02:03.814   390   390 I Launcher: setLoadOnResume

05-30 16:02:03.834   390   390 I Launcher: setLoadOnResume

05-30 16:02:03.834   390   390 I Launcher: setLoadOnResume

05-30 16:02:03.846   390   390 I Launcher: setLoadOnResume

05-30 16:02:03.853   390   390 I Launcher: setLoadOnResume

05-30 17:55:49.866   390   390 I Launcher: setLoadOnResume

05-30 17:55:49.881   390   390 I Launcher: setLoadOnResume

05-30 17:55:49.901   390   390 I Launcher: setLoadOnResume

05-30 17:55:49.901   390   390 I Launcher: setLoadOnResume

05-30 17:55:49.928   390   390 I Launcher: setLoadOnResume

05-30 17:55:49.952   390   390 I Launcher: setLoadOnResume

05-30 18:26:00.127   390   390 I Launcher: setLoadOnResume

05-30 18:26:00.139   390   390 I Launcher: setLoadOnResume

05-30 18:26:00.155   390   390 I Launcher: setLoadOnResume

05-30 18:26:00.155   390   390 I Launcher: setLoadOnResume

05-30 18:26:00.174   390   390 I Launcher: setLoadOnResume

05-30 18:26:00.186   390   390 I Launcher: setLoadOnResume

